{"/Users/gibdevlite/Dev/novellum/src/lib/ai/constants.ts": {"path":"/Users/gibdevlite/Dev/novellum/src/lib/ai/constants.ts","statementMap":{"0":{"start":{"line":4,"column":34},"end":{"line":4,"column":null}},"1":{"start":{"line":6,"column":57},"end":{"line":6,"column":null}},"2":{"start":{"line":11,"column":35},"end":{"line":11,"column":null}},"3":{"start":{"line":12,"column":37},"end":{"line":12,"column":null}},"4":{"start":{"line":14,"column":49},"end":{"line":17,"column":null}},"5":{"start":{"line":20,"column":29},"end":{"line":20,"column":null}},"6":{"start":{"line":22,"column":51},"end":{"line":32,"column":null}},"7":{"start":{"line":35,"column":30},"end":{"line":35,"column":null}},"8":{"start":{"line":36,"column":29},"end":{"line":36,"column":null}},"9":{"start":{"line":37,"column":40},"end":{"line":37,"column":null}},"10":{"start":{"line":38,"column":39},"end":{"line":38,"column":null}},"11":{"start":{"line":39,"column":42},"end":{"line":39,"column":null}},"12":{"start":{"line":40,"column":42},"end":{"line":40,"column":null}},"13":{"start":{"line":41,"column":38},"end":{"line":41,"column":null}},"14":{"start":{"line":42,"column":37},"end":{"line":42,"column":null}},"15":{"start":{"line":45,"column":32},"end":{"line":45,"column":null}},"16":{"start":{"line":47,"column":61},"end":{"line":83,"column":null}},"17":{"start":{"line":85,"column":57},"end":{"line":96,"column":null}},"18":{"start":{"line":98,"column":66},"end":{"line":111,"column":null}}},"fnMap":{},"branchMap":{},"s":{"0":7,"1":7,"2":7,"3":7,"4":7,"5":7,"6":7,"7":7,"8":7,"9":7,"10":7,"11":7,"12":7,"13":7,"14":7,"15":7,"16":7,"17":7,"18":7},"f":{},"b":{},"meta":{"lastBranch":0,"lastFunction":0,"lastStatement":19,"seen":{"s:4:34:4:Infinity":0,"s:6:57:6:Infinity":1,"s:11:35:11:Infinity":2,"s:12:37:12:Infinity":3,"s:14:49:17:Infinity":4,"s:20:29:20:Infinity":5,"s:22:51:32:Infinity":6,"s:35:30:35:Infinity":7,"s:36:29:36:Infinity":8,"s:37:40:37:Infinity":9,"s:38:39:38:Infinity":10,"s:39:42:39:Infinity":11,"s:40:42:40:Infinity":12,"s:41:38:41:Infinity":13,"s:42:37:42:Infinity":14,"s:45:32:45:Infinity":15,"s:47:61:83:Infinity":16,"s:85:57:96:Infinity":17,"s:98:66:111:Infinity":18}}}
,"/Users/gibdevlite/Dev/novellum/src/lib/ai/context-engine.ts": {"path":"/Users/gibdevlite/Dev/novellum/src/lib/ai/context-engine.ts","statementMap":{"0":{"start":{"line":16,"column":1},"end":{"line":26,"column":null}},"1":{"start":{"line":30,"column":17},"end":{"line":30,"column":90}},"2":{"start":{"line":30,"column":67},"end":{"line":30,"column":88}},"3":{"start":{"line":31,"column":1},"end":{"line":31,"column":null}},"4":{"start":{"line":31,"column":46},"end":{"line":31,"column":62}},"5":{"start":{"line":35,"column":17},"end":{"line":35,"column":89}},"6":{"start":{"line":35,"column":67},"end":{"line":35,"column":87}},"7":{"start":{"line":36,"column":1},"end":{"line":36,"column":null}},"8":{"start":{"line":36,"column":45},"end":{"line":36,"column":61}},"9":{"start":{"line":40,"column":15},"end":{"line":40,"column":43}},"10":{"start":{"line":41,"column":1},"end":{"line":41,"column":null}},"11":{"start":{"line":41,"column":13},"end":{"line":41,"column":null}},"12":{"start":{"line":42,"column":40},"end":{"line":46,"column":3}},"13":{"start":{"line":47,"column":1},"end":{"line":47,"column":null}},"14":{"start":{"line":51,"column":1},"end":{"line":194,"column":null}},"15":{"start":{"line":53,"column":3},"end":{"line":53,"column":null}},"16":{"start":{"line":53,"column":29},"end":{"line":53,"column":null}},"17":{"start":{"line":54,"column":16},"end":{"line":54,"column":61}},"18":{"start":{"line":55,"column":3},"end":{"line":55,"column":null}},"19":{"start":{"line":55,"column":14},"end":{"line":55,"column":null}},"20":{"start":{"line":56,"column":3},"end":{"line":66,"column":null}},"21":{"start":{"line":70,"column":3},"end":{"line":70,"column":null}},"22":{"start":{"line":70,"column":29},"end":{"line":70,"column":null}},"23":{"start":{"line":71,"column":16},"end":{"line":71,"column":61}},"24":{"start":{"line":72,"column":3},"end":{"line":72,"column":null}},"25":{"start":{"line":72,"column":14},"end":{"line":72,"column":null}},"26":{"start":{"line":74,"column":30},"end":{"line":77,"column":20}},"27":{"start":{"line":79,"column":22},"end":{"line":79,"column":87}},"28":{"start":{"line":79,"column":58},"end":{"line":79,"column":87}},"29":{"start":{"line":80,"column":35},"end":{"line":80,"column":37}},"30":{"start":{"line":82,"column":3},"end":{"line":84,"column":null}},"31":{"start":{"line":83,"column":17},"end":{"line":83,"column":null}},"32":{"start":{"line":84,"column":4},"end":{"line":84,"column":null}},"33":{"start":{"line":86,"column":3},"end":{"line":88,"column":null}},"34":{"start":{"line":87,"column":17},"end":{"line":87,"column":null}},"35":{"start":{"line":88,"column":4},"end":{"line":88,"column":null}},"36":{"start":{"line":91,"column":3},"end":{"line":101,"column":null}},"37":{"start":{"line":107,"column":34},"end":{"line":107,"column":null}},"38":{"start":{"line":108,"column":3},"end":{"line":110,"column":null}},"39":{"start":{"line":109,"column":18},"end":{"line":109,"column":58}},"40":{"start":{"line":110,"column":4},"end":{"line":110,"column":null}},"41":{"start":{"line":112,"column":3},"end":{"line":112,"column":null}},"42":{"start":{"line":112,"column":19},"end":{"line":112,"column":null}},"43":{"start":{"line":114,"column":19},"end":{"line":114,"column":51}},"44":{"start":{"line":115,"column":3},"end":{"line":115,"column":null}},"45":{"start":{"line":115,"column":17},"end":{"line":115,"column":null}},"46":{"start":{"line":117,"column":21},"end":{"line":117,"column":89}},"47":{"start":{"line":118,"column":18},"end":{"line":122,"column":6}},"48":{"start":{"line":118,"column":40},"end":{"line":122,"column":6}},"49":{"start":{"line":124,"column":26},"end":{"line":125,"column":null}},"50":{"start":{"line":125,"column":22},"end":{"line":125,"column":76}},"51":{"start":{"line":127,"column":17},"end":{"line":127,"column":38}},"52":{"start":{"line":129,"column":27},"end":{"line":129,"column":81}},"53":{"start":{"line":129,"column":64},"end":{"line":129,"column":79}},"54":{"start":{"line":130,"column":26},"end":{"line":130,"column":79}},"55":{"start":{"line":130,"column":63},"end":{"line":130,"column":77}},"56":{"start":{"line":132,"column":35},"end":{"line":135,"column":5}},"57":{"start":{"line":137,"column":3},"end":{"line":147,"column":null}},"58":{"start":{"line":151,"column":20},"end":{"line":151,"column":90}},"59":{"start":{"line":152,"column":27},"end":{"line":152,"column":69}},"60":{"start":{"line":152,"column":58},"end":{"line":152,"column":67}},"61":{"start":{"line":154,"column":21},"end":{"line":154,"column":83}},"62":{"start":{"line":155,"column":3},"end":{"line":159,"column":null}},"63":{"start":{"line":156,"column":10},"end":{"line":157,"column":null}},"64":{"start":{"line":158,"column":4},"end":{"line":158,"column":null}},"65":{"start":{"line":161,"column":18},"end":{"line":164,"column":6}},"66":{"start":{"line":161,"column":40},"end":{"line":164,"column":6}},"67":{"start":{"line":167,"column":20},"end":{"line":167,"column":72}},"68":{"start":{"line":167,"column":46},"end":{"line":167,"column":70}},"69":{"start":{"line":168,"column":3},"end":{"line":170,"column":null}},"70":{"start":{"line":168,"column":16},"end":{"line":168,"column":19}},"71":{"start":{"line":169,"column":4},"end":{"line":169,"column":null}},"72":{"start":{"line":170,"column":4},"end":{"line":170,"column":null}},"73":{"start":{"line":173,"column":61},"end":{"line":178,"column":5}},"74":{"start":{"line":180,"column":3},"end":{"line":190,"column":null}},"75":{"start":{"line":194,"column":3},"end":{"line":194,"column":null}}},"fnMap":{"0":{"name":"emptyContext","decl":{"start":{"line":15,"column":9},"end":{"line":15,"column":22}},"loc":{"start":{"line":15,"column":56},"end":{"line":26,"column":null}},"line":15},"1":{"name":"fetchCharactersByIds","decl":{"start":{"line":29,"column":15},"end":{"line":29,"column":36}},"loc":{"start":{"line":29,"column":88},"end":{"line":31,"column":null}},"line":29},"2":{"name":"(anonymous_2)","decl":{"start":{"line":30,"column":55},"end":{"line":30,"column":60}},"loc":{"start":{"line":30,"column":67},"end":{"line":30,"column":88}},"line":30},"3":{"name":"(anonymous_3)","decl":{"start":{"line":31,"column":16},"end":{"line":31,"column":24}},"loc":{"start":{"line":31,"column":46},"end":{"line":31,"column":62}},"line":31},"4":{"name":"fetchLocationsByIds","decl":{"start":{"line":34,"column":15},"end":{"line":34,"column":35}},"loc":{"start":{"line":34,"column":86},"end":{"line":36,"column":null}},"line":34},"5":{"name":"(anonymous_5)","decl":{"start":{"line":35,"column":55},"end":{"line":35,"column":60}},"loc":{"start":{"line":35,"column":67},"end":{"line":35,"column":87}},"line":35},"6":{"name":"(anonymous_6)","decl":{"start":{"line":36,"column":16},"end":{"line":36,"column":24}},"loc":{"start":{"line":36,"column":45},"end":{"line":36,"column":61}},"line":36},"7":{"name":"buildSceneOnlyData","decl":{"start":{"line":39,"column":15},"end":{"line":39,"column":34}},"loc":{"start":{"line":39,"column":51},"end":{"line":47,"column":null}},"line":39},"8":{"name":"buildContext","decl":{"start":{"line":50,"column":22},"end":{"line":50,"column":35}},"loc":{"start":{"line":50,"column":88},"end":{"line":194,"column":null}},"line":50},"9":{"name":"(anonymous_9)","decl":{"start":{"line":79,"column":41},"end":{"line":79,"column":52}},"loc":{"start":{"line":79,"column":58},"end":{"line":79,"column":87}},"line":79},"10":{"name":"(anonymous_10)","decl":{"start":{"line":118,"column":28},"end":{"line":118,"column":33}},"loc":{"start":{"line":118,"column":40},"end":{"line":122,"column":6}},"line":118},"11":{"name":"(anonymous_11)","decl":{"start":{"line":125,"column":11},"end":{"line":125,"column":16}},"loc":{"start":{"line":125,"column":22},"end":{"line":125,"column":76}},"line":125},"12":{"name":"(anonymous_12)","decl":{"start":{"line":129,"column":49},"end":{"line":129,"column":58}},"loc":{"start":{"line":129,"column":64},"end":{"line":129,"column":79}},"line":129},"13":{"name":"(anonymous_13)","decl":{"start":{"line":130,"column":48},"end":{"line":130,"column":57}},"loc":{"start":{"line":130,"column":63},"end":{"line":130,"column":77}},"line":130},"14":{"name":"(anonymous_14)","decl":{"start":{"line":152,"column":44},"end":{"line":152,"column":49}},"loc":{"start":{"line":152,"column":58},"end":{"line":152,"column":67}},"line":152},"15":{"name":"(anonymous_15)","decl":{"start":{"line":155,"column":13},"end":{"line":155,"column":19}},"loc":{"start":{"line":155,"column":28},"end":{"line":159,"column":null}},"line":155},"16":{"name":"(anonymous_16)","decl":{"start":{"line":161,"column":28},"end":{"line":161,"column":33}},"loc":{"start":{"line":161,"column":40},"end":{"line":164,"column":6}},"line":161},"17":{"name":"(anonymous_17)","decl":{"start":{"line":167,"column":27},"end":{"line":167,"column":35}},"loc":{"start":{"line":167,"column":46},"end":{"line":167,"column":70}},"line":167}},"branchMap":{"0":{"loc":{"start":{"line":41,"column":1},"end":{"line":41,"column":null}},"type":"if","locations":[{"start":{"line":41,"column":1},"end":{"line":41,"column":null}},{"start":{},"end":{}}],"line":41},"1":{"loc":{"start":{"line":51,"column":1},"end":{"line":194,"column":null}},"type":"switch","locations":[{"start":{"line":52,"column":2},"end":{"line":66,"column":null}},{"start":{"line":69,"column":2},"end":{"line":101,"column":null}},{"start":{"line":104,"column":2},"end":{"line":104,"column":null}},{"start":{"line":105,"column":2},"end":{"line":147,"column":null}},{"start":{"line":150,"column":2},"end":{"line":190,"column":null}},{"start":{"line":193,"column":2},"end":{"line":194,"column":null}}],"line":51},"2":{"loc":{"start":{"line":53,"column":3},"end":{"line":53,"column":null}},"type":"if","locations":[{"start":{"line":53,"column":3},"end":{"line":53,"column":null}},{"start":{},"end":{}}],"line":53},"3":{"loc":{"start":{"line":55,"column":3},"end":{"line":55,"column":null}},"type":"if","locations":[{"start":{"line":55,"column":3},"end":{"line":55,"column":null}},{"start":{},"end":{}}],"line":55},"4":{"loc":{"start":{"line":70,"column":3},"end":{"line":70,"column":null}},"type":"if","locations":[{"start":{"line":70,"column":3},"end":{"line":70,"column":null}},{"start":{},"end":{}}],"line":70},"5":{"loc":{"start":{"line":72,"column":3},"end":{"line":72,"column":null}},"type":"if","locations":[{"start":{"line":72,"column":3},"end":{"line":72,"column":null}},{"start":{},"end":{}}],"line":72},"6":{"loc":{"start":{"line":82,"column":3},"end":{"line":84,"column":null}},"type":"if","locations":[{"start":{"line":82,"column":3},"end":{"line":84,"column":null}},{"start":{},"end":{}}],"line":82},"7":{"loc":{"start":{"line":86,"column":3},"end":{"line":88,"column":null}},"type":"if","locations":[{"start":{"line":86,"column":3},"end":{"line":88,"column":null}},{"start":{},"end":{}}],"line":86},"8":{"loc":{"start":{"line":86,"column":7},"end":{"line":86,"column":70}},"type":"binary-expr","locations":[{"start":{"line":86,"column":7},"end":{"line":86,"column":26}},{"start":{"line":86,"column":26},"end":{"line":86,"column":70}}],"line":86},"9":{"loc":{"start":{"line":108,"column":3},"end":{"line":110,"column":null}},"type":"if","locations":[{"start":{"line":108,"column":3},"end":{"line":110,"column":null}},{"start":{},"end":{}}],"line":108},"10":{"loc":{"start":{"line":110,"column":16},"end":{"line":110,"column":null}},"type":"cond-expr","locations":[{"start":{"line":110,"column":24},"end":{"line":110,"column":42}},{"start":{"line":110,"column":42},"end":{"line":110,"column":null}}],"line":110},"11":{"loc":{"start":{"line":112,"column":3},"end":{"line":112,"column":null}},"type":"if","locations":[{"start":{"line":112,"column":3},"end":{"line":112,"column":null}},{"start":{},"end":{}}],"line":112},"12":{"loc":{"start":{"line":115,"column":3},"end":{"line":115,"column":null}},"type":"if","locations":[{"start":{"line":115,"column":3},"end":{"line":115,"column":null}},{"start":{},"end":{}}],"line":115},"13":{"loc":{"start":{"line":121,"column":5},"end":{"line":121,"column":null}},"type":"cond-expr","locations":[{"start":{"line":121,"column":46},"end":{"line":121,"column":51}},{"start":{"line":121,"column":51},"end":{"line":121,"column":null}}],"line":121},"14":{"loc":{"start":{"line":157,"column":6},"end":{"line":157,"column":48}},"type":"binary-expr","locations":[{"start":{"line":157,"column":6},"end":{"line":157,"column":38}},{"start":{"line":157,"column":42},"end":{"line":157,"column":48}}],"line":157},"15":{"loc":{"start":{"line":157,"column":48},"end":{"line":157,"column":null}},"type":"binary-expr","locations":[{"start":{"line":157,"column":48},"end":{"line":157,"column":80}},{"start":{"line":157,"column":84},"end":{"line":157,"column":null}}],"line":157},"16":{"loc":{"start":{"line":158,"column":11},"end":{"line":158,"column":null}},"type":"cond-expr","locations":[{"start":{"line":158,"column":25},"end":{"line":158,"column":33}},{"start":{"line":158,"column":33},"end":{"line":158,"column":null}}],"line":158},"17":{"loc":{"start":{"line":168,"column":19},"end":{"line":168,"column":81}},"type":"binary-expr","locations":[{"start":{"line":168,"column":19},"end":{"line":168,"column":40}},{"start":{"line":168,"column":40},"end":{"line":168,"column":81}}],"line":168}},"s":{"0":0,"1":0,"2":0,"3":0,"4":0,"5":0,"6":0,"7":0,"8":0,"9":0,"10":0,"11":0,"12":0,"13":0,"14":0,"15":0,"16":0,"17":0,"18":0,"19":0,"20":0,"21":0,"22":0,"23":0,"24":0,"25":0,"26":0,"27":0,"28":0,"29":0,"30":0,"31":0,"32":0,"33":0,"34":0,"35":0,"36":0,"37":0,"38":0,"39":0,"40":0,"41":0,"42":0,"43":0,"44":0,"45":0,"46":0,"47":0,"48":0,"49":0,"50":0,"51":0,"52":0,"53":0,"54":0,"55":0,"56":0,"57":0,"58":0,"59":0,"60":0,"61":0,"62":0,"63":0,"64":0,"65":0,"66":0,"67":0,"68":0,"69":0,"70":0,"71":0,"72":0,"73":0,"74":0,"75":0},"f":{"0":0,"1":0,"2":0,"3":0,"4":0,"5":0,"6":0,"7":0,"8":0,"9":0,"10":0,"11":0,"12":0,"13":0,"14":0,"15":0,"16":0,"17":0},"b":{"0":[0,0],"1":[0,0,0,0,0,0],"2":[0,0],"3":[0,0],"4":[0,0],"5":[0,0],"6":[0,0],"7":[0,0],"8":[0,0],"9":[0,0],"10":[0,0],"11":[0,0],"12":[0,0],"13":[0,0],"14":[0,0],"15":[0,0],"16":[0,0],"17":[0,0]},"meta":{"lastBranch":18,"lastFunction":18,"lastStatement":76,"seen":{"f:15:9:15:22":0,"s:16:1:26:Infinity":0,"f:29:15:29:36":1,"s:30:17:30:90":1,"f:30:55:30:60":2,"s:30:67:30:88":2,"s:31:1:31:Infinity":3,"f:31:16:31:24":3,"s:31:46:31:62":4,"f:34:15:34:35":4,"s:35:17:35:89":5,"f:35:55:35:60":5,"s:35:67:35:87":6,"s:36:1:36:Infinity":7,"f:36:16:36:24":6,"s:36:45:36:61":8,"f:39:15:39:34":7,"s:40:15:40:43":9,"b:41:1:41:Infinity:undefined:undefined:undefined:undefined":0,"s:41:1:41:Infinity":10,"s:41:13:41:Infinity":11,"s:42:40:46:3":12,"s:47:1:47:Infinity":13,"f:50:22:50:35":8,"b:52:2:66:Infinity:69:2:101:Infinity:104:2:104:Infinity:105:2:147:Infinity:150:2:190:Infinity:193:2:194:Infinity":1,"s:51:1:194:Infinity":14,"b:53:3:53:Infinity:undefined:undefined:undefined:undefined":2,"s:53:3:53:Infinity":15,"s:53:29:53:Infinity":16,"s:54:16:54:61":17,"b:55:3:55:Infinity:undefined:undefined:undefined:undefined":3,"s:55:3:55:Infinity":18,"s:55:14:55:Infinity":19,"s:56:3:66:Infinity":20,"b:70:3:70:Infinity:undefined:undefined:undefined:undefined":4,"s:70:3:70:Infinity":21,"s:70:29:70:Infinity":22,"s:71:16:71:61":23,"b:72:3:72:Infinity:undefined:undefined:undefined:undefined":5,"s:72:3:72:Infinity":24,"s:72:14:72:Infinity":25,"s:74:30:77:20":26,"s:79:22:79:87":27,"f:79:41:79:52":9,"s:79:58:79:87":28,"s:80:35:80:37":29,"b:82:3:84:Infinity:undefined:undefined:undefined:undefined":6,"s:82:3:84:Infinity":30,"s:83:17:83:Infinity":31,"s:84:4:84:Infinity":32,"b:86:3:88:Infinity:undefined:undefined:undefined:undefined":7,"s:86:3:88:Infinity":33,"b:86:7:86:26:86:26:86:70":8,"s:87:17:87:Infinity":34,"s:88:4:88:Infinity":35,"s:91:3:101:Infinity":36,"s:107:34:107:Infinity":37,"b:108:3:110:Infinity:undefined:undefined:undefined:undefined":9,"s:108:3:110:Infinity":38,"s:109:18:109:58":39,"s:110:4:110:Infinity":40,"b:110:24:110:42:110:42:110:Infinity":10,"b:112:3:112:Infinity:undefined:undefined:undefined:undefined":11,"s:112:3:112:Infinity":41,"s:112:19:112:Infinity":42,"s:114:19:114:51":43,"b:115:3:115:Infinity:undefined:undefined:undefined:undefined":12,"s:115:3:115:Infinity":44,"s:115:17:115:Infinity":45,"s:117:21:117:89":46,"s:118:18:122:6":47,"f:118:28:118:33":10,"s:118:40:122:6":48,"b:121:46:121:51:121:51:121:Infinity":13,"s:124:26:125:Infinity":49,"f:125:11:125:16":11,"s:125:22:125:76":50,"s:127:17:127:38":51,"s:129:27:129:81":52,"f:129:49:129:58":12,"s:129:64:129:79":53,"s:130:26:130:79":54,"f:130:48:130:57":13,"s:130:63:130:77":55,"s:132:35:135:5":56,"s:137:3:147:Infinity":57,"s:151:20:151:90":58,"s:152:27:152:69":59,"f:152:44:152:49":14,"s:152:58:152:67":60,"s:154:21:154:83":61,"s:155:3:159:Infinity":62,"f:155:13:155:19":15,"s:156:10:157:Infinity":63,"b:157:6:157:38:157:42:157:48":14,"b:157:48:157:80:157:84:157:Infinity":15,"s:158:4:158:Infinity":64,"b:158:25:158:33:158:33:158:Infinity":16,"s:161:18:164:6":65,"f:161:28:161:33":16,"s:161:40:164:6":66,"s:167:20:167:72":67,"f:167:27:167:35":17,"s:167:46:167:70":68,"s:168:3:170:Infinity":69,"s:168:16:168:19":70,"b:168:19:168:40:168:40:168:81":17,"s:169:4:169:Infinity":71,"s:170:4:170:Infinity":72,"s:173:61:178:5":73,"s:180:3:190:Infinity":74,"s:194:3:194:Infinity":75}}}
,"/Users/gibdevlite/Dev/novellum/src/lib/ai/continuity-agent.ts": {"path":"/Users/gibdevlite/Dev/novellum/src/lib/ai/continuity-agent.ts","statementMap":{"0":{"start":{"line":23,"column":21},"end":{"line":23,"column":78}},"1":{"start":{"line":24,"column":26},"end":{"line":24,"column":55}},"2":{"start":{"line":26,"column":1},"end":{"line":49,"column":null}},"3":{"start":{"line":27,"column":20},"end":{"line":27,"column":40}},"4":{"start":{"line":28,"column":18},"end":{"line":28,"column":42}},"5":{"start":{"line":29,"column":2},"end":{"line":29,"column":null}},"6":{"start":{"line":29,"column":42},"end":{"line":29,"column":null}},"7":{"start":{"line":30,"column":26},"end":{"line":30,"column":75}},"8":{"start":{"line":31,"column":2},"end":{"line":31,"column":null}},"9":{"start":{"line":31,"column":30},"end":{"line":31,"column":null}},"10":{"start":{"line":32,"column":2},"end":{"line":47,"column":null}},"11":{"start":{"line":35,"column":5},"end":{"line":38,"column":null}},"12":{"start":{"line":40,"column":19},"end":{"line":47,"column":6}},"13":{"start":{"line":49,"column":2},"end":{"line":49,"column":null}},"14":{"start":{"line":64,"column":17},"end":{"line":64,"column":52}},"15":{"start":{"line":65,"column":7},"end":{"line":65,"column":42}},"16":{"start":{"line":67,"column":16},"end":{"line":67,"column":38}},"17":{"start":{"line":68,"column":18},"end":{"line":71,"column":3}},"18":{"start":{"line":73,"column":1},"end":{"line":73,"column":null}}},"fnMap":{"0":{"name":"parseConsistencyIssues","decl":{"start":{"line":20,"column":16},"end":{"line":20,"column":null}},"loc":{"start":{"line":22,"column":99},"end":{"line":49,"column":null}},"line":22},"1":{"name":"(anonymous_1)","decl":{"start":{"line":33,"column":4},"end":{"line":33,"column":null}},"loc":{"start":{"line":35,"column":5},"end":{"line":38,"column":null}},"line":35},"2":{"name":"(anonymous_2)","decl":{"start":{"line":40,"column":4},"end":{"line":40,"column":9}},"loc":{"start":{"line":40,"column":19},"end":{"line":47,"column":6}},"line":40},"3":{"name":"executeContinuityCheck","decl":{"start":{"line":58,"column":22},"end":{"line":58,"column":null}},"loc":{"start":{"line":63,"column":2},"end":{"line":73,"column":null}},"line":63}},"branchMap":{"0":{"loc":{"start":{"line":29,"column":2},"end":{"line":29,"column":null}},"type":"if","locations":[{"start":{"line":29,"column":2},"end":{"line":29,"column":null}},{"start":{},"end":{}}],"line":29},"1":{"loc":{"start":{"line":29,"column":6},"end":{"line":29,"column":42}},"type":"binary-expr","locations":[{"start":{"line":29,"column":6},"end":{"line":29,"column":26}},{"start":{"line":29,"column":26},"end":{"line":29,"column":42}}],"line":29},"2":{"loc":{"start":{"line":31,"column":2},"end":{"line":31,"column":null}},"type":"if","locations":[{"start":{"line":31,"column":2},"end":{"line":31,"column":null}},{"start":{},"end":{}}],"line":31},"3":{"loc":{"start":{"line":35,"column":5},"end":{"line":38,"column":null}},"type":"binary-expr","locations":[{"start":{"line":35,"column":5},"end":{"line":35,"column":null}},{"start":{"line":36,"column":5},"end":{"line":36,"column":null}},{"start":{"line":37,"column":5},"end":{"line":37,"column":null}},{"start":{"line":38,"column":5},"end":{"line":38,"column":null}}],"line":35},"4":{"loc":{"start":{"line":41,"column":10},"end":{"line":41,"column":null}},"type":"cond-expr","locations":[{"start":{"line":41,"column":40},"end":{"line":41,"column":81}},{"start":{"line":41,"column":81},"end":{"line":41,"column":null}}],"line":41},"5":{"loc":{"start":{"line":42,"column":14},"end":{"line":44,"column":null}},"type":"cond-expr","locations":[{"start":{"line":43,"column":8},"end":{"line":43,"column":null}},{"start":{"line":44,"column":7},"end":{"line":44,"column":null}}],"line":42},"6":{"loc":{"start":{"line":46,"column":15},"end":{"line":46,"column":null}},"type":"cond-expr","locations":[{"start":{"line":46,"column":47},"end":{"line":46,"column":64}},{"start":{"line":46,"column":64},"end":{"line":46,"column":null}}],"line":46}},"s":{"0":7,"1":7,"2":7,"3":7,"4":7,"5":7,"6":2,"7":5,"8":5,"9":0,"10":5,"11":5,"12":5,"13":0,"14":1,"15":1,"16":1,"17":1,"18":1},"f":{"0":7,"1":5,"2":5,"3":1},"b":{"0":[2,5],"1":[7,5],"2":[0,5],"3":[5,5,5,5],"4":[4,1],"5":[5,0],"6":[5,0]},"meta":{"lastBranch":7,"lastFunction":4,"lastStatement":19,"seen":{"f:20:16:20:Infinity":0,"s:23:21:23:78":0,"s:24:26:24:55":1,"s:26:1:49:Infinity":2,"s:27:20:27:40":3,"s:28:18:28:42":4,"b:29:2:29:Infinity:undefined:undefined:undefined:undefined":0,"s:29:2:29:Infinity":5,"b:29:6:29:26:29:26:29:42":1,"s:29:42:29:Infinity":6,"s:30:26:30:75":7,"b:31:2:31:Infinity:undefined:undefined:undefined:undefined":2,"s:31:2:31:Infinity":8,"s:31:30:31:Infinity":9,"s:32:2:47:Infinity":10,"f:33:4:33:Infinity":1,"s:35:5:38:Infinity":11,"b:35:5:35:Infinity:36:5:36:Infinity:37:5:37:Infinity:38:5:38:Infinity":3,"f:40:4:40:9":2,"s:40:19:47:6":12,"b:41:40:41:81:41:81:41:Infinity":4,"b:43:8:43:Infinity:44:7:44:Infinity":5,"b:46:47:46:64:46:64:46:Infinity":6,"s:49:2:49:Infinity":13,"f:58:22:58:Infinity":3,"s:64:17:64:52":14,"s:65:7:65:42":15,"s:67:16:67:38":16,"s:68:18:71:3":17,"s:73:1:73:Infinity":18}}}
,"/Users/gibdevlite/Dev/novellum/src/lib/ai/edit-agent.ts": {"path":"/Users/gibdevlite/Dev/novellum/src/lib/ai/edit-agent.ts","statementMap":{"0":{"start":{"line":17,"column":1},"end":{"line":43,"column":null}},"1":{"start":{"line":18,"column":20},"end":{"line":18,"column":40}},"2":{"start":{"line":19,"column":18},"end":{"line":19,"column":42}},"3":{"start":{"line":20,"column":2},"end":{"line":20,"column":null}},"4":{"start":{"line":20,"column":42},"end":{"line":20,"column":null}},"5":{"start":{"line":21,"column":26},"end":{"line":21,"column":75}},"6":{"start":{"line":22,"column":2},"end":{"line":22,"column":null}},"7":{"start":{"line":22,"column":30},"end":{"line":22,"column":null}},"8":{"start":{"line":23,"column":2},"end":{"line":41,"column":null}},"9":{"start":{"line":26,"column":5},"end":{"line":32,"column":null}},"10":{"start":{"line":34,"column":19},"end":{"line":41,"column":6}},"11":{"start":{"line":43,"column":2},"end":{"line":43,"column":null}},"12":{"start":{"line":57,"column":7},"end":{"line":57,"column":53}},"13":{"start":{"line":58,"column":39},"end":{"line":58,"column":41}},"14":{"start":{"line":60,"column":20},"end":{"line":60,"column":null}},"15":{"start":{"line":61,"column":30},"end":{"line":61,"column":null}},"16":{"start":{"line":62,"column":32},"end":{"line":62,"column":null}},"17":{"start":{"line":63,"column":21},"end":{"line":63,"column":null}},"18":{"start":{"line":64,"column":16},"end":{"line":64,"column":null}},"19":{"start":{"line":69,"column":1},"end":{"line":103,"column":null}},"20":{"start":{"line":69,"column":14},"end":{"line":69,"column":17}},"21":{"start":{"line":70,"column":17},"end":{"line":70,"column":null}},"22":{"start":{"line":72,"column":2},"end":{"line":98,"column":null}},"23":{"start":{"line":73,"column":3},"end":{"line":77,"column":null}},"24":{"start":{"line":74,"column":4},"end":{"line":74,"column":null}},"25":{"start":{"line":75,"column":4},"end":{"line":75,"column":null}},"26":{"start":{"line":76,"column":4},"end":{"line":76,"column":null}},"27":{"start":{"line":77,"column":4},"end":{"line":77,"column":null}},"28":{"start":{"line":80,"column":3},"end":{"line":81,"column":null}},"29":{"start":{"line":81,"column":4},"end":{"line":81,"column":null}},"30":{"start":{"line":83,"column":3},"end":{"line":84,"column":null}},"31":{"start":{"line":84,"column":4},"end":{"line":84,"column":null}},"32":{"start":{"line":88,"column":3},"end":{"line":98,"column":null}},"33":{"start":{"line":90,"column":4},"end":{"line":97,"column":null}},"34":{"start":{"line":98,"column":4},"end":{"line":98,"column":null}},"35":{"start":{"line":102,"column":2},"end":{"line":103,"column":null}},"36":{"start":{"line":103,"column":3},"end":{"line":103,"column":null}},"37":{"start":{"line":108,"column":1},"end":{"line":116,"column":null}},"38":{"start":{"line":109,"column":2},"end":{"line":116,"column":null}},"39":{"start":{"line":119,"column":1},"end":{"line":119,"column":null}}},"fnMap":{"0":{"name":"parseEditSuggestions","decl":{"start":{"line":16,"column":16},"end":{"line":16,"column":37}},"loc":{"start":{"line":16,"column":88},"end":{"line":43,"column":null}},"line":16},"1":{"name":"(anonymous_1)","decl":{"start":{"line":24,"column":4},"end":{"line":24,"column":null}},"loc":{"start":{"line":26,"column":5},"end":{"line":32,"column":null}},"line":26},"2":{"name":"(anonymous_2)","decl":{"start":{"line":34,"column":4},"end":{"line":34,"column":9}},"loc":{"start":{"line":34,"column":19},"end":{"line":41,"column":6}},"line":34},"3":{"name":"generateEditSuggestionsFromDiff","decl":{"start":{"line":51,"column":16},"end":{"line":51,"column":null}},"loc":{"start":{"line":56,"column":20},"end":{"line":119,"column":null}},"line":56}},"branchMap":{"0":{"loc":{"start":{"line":20,"column":2},"end":{"line":20,"column":null}},"type":"if","locations":[{"start":{"line":20,"column":2},"end":{"line":20,"column":null}},{"start":{},"end":{}}],"line":20},"1":{"loc":{"start":{"line":20,"column":6},"end":{"line":20,"column":42}},"type":"binary-expr","locations":[{"start":{"line":20,"column":6},"end":{"line":20,"column":26}},{"start":{"line":20,"column":26},"end":{"line":20,"column":42}}],"line":20},"2":{"loc":{"start":{"line":22,"column":2},"end":{"line":22,"column":null}},"type":"if","locations":[{"start":{"line":22,"column":2},"end":{"line":22,"column":null}},{"start":{},"end":{}}],"line":22},"3":{"loc":{"start":{"line":26,"column":5},"end":{"line":32,"column":null}},"type":"binary-expr","locations":[{"start":{"line":26,"column":5},"end":{"line":26,"column":null}},{"start":{"line":27,"column":5},"end":{"line":27,"column":null}},{"start":{"line":28,"column":5},"end":{"line":28,"column":null}},{"start":{"line":29,"column":5},"end":{"line":29,"column":null}},{"start":{"line":30,"column":5},"end":{"line":30,"column":null}},{"start":{"line":31,"column":5},"end":{"line":31,"column":null}},{"start":{"line":32,"column":5},"end":{"line":32,"column":null}}],"line":26},"4":{"loc":{"start":{"line":55,"column":1},"end":{"line":55,"column":null}},"type":"default-arg","locations":[{"start":{"line":55,"column":17},"end":{"line":55,"column":null}}],"line":55},"5":{"loc":{"start":{"line":72,"column":2},"end":{"line":98,"column":null}},"type":"if","locations":[{"start":{"line":72,"column":2},"end":{"line":98,"column":null}},{"start":{"line":86,"column":9},"end":{"line":98,"column":null}}],"line":72},"6":{"loc":{"start":{"line":72,"column":6},"end":{"line":72,"column":38}},"type":"binary-expr","locations":[{"start":{"line":72,"column":6},"end":{"line":72,"column":22}},{"start":{"line":72,"column":22},"end":{"line":72,"column":38}}],"line":72},"7":{"loc":{"start":{"line":73,"column":3},"end":{"line":77,"column":null}},"type":"if","locations":[{"start":{"line":73,"column":3},"end":{"line":77,"column":null}},{"start":{},"end":{}}],"line":73},"8":{"loc":{"start":{"line":80,"column":3},"end":{"line":81,"column":null}},"type":"if","locations":[{"start":{"line":80,"column":3},"end":{"line":81,"column":null}},{"start":{},"end":{}}],"line":80},"9":{"loc":{"start":{"line":83,"column":3},"end":{"line":84,"column":null}},"type":"if","locations":[{"start":{"line":83,"column":3},"end":{"line":84,"column":null}},{"start":{},"end":{}}],"line":83},"10":{"loc":{"start":{"line":88,"column":3},"end":{"line":98,"column":null}},"type":"if","locations":[{"start":{"line":88,"column":3},"end":{"line":98,"column":null}},{"start":{},"end":{}}],"line":88},"11":{"loc":{"start":{"line":102,"column":2},"end":{"line":103,"column":null}},"type":"if","locations":[{"start":{"line":102,"column":2},"end":{"line":103,"column":null}},{"start":{},"end":{}}],"line":102},"12":{"loc":{"start":{"line":108,"column":1},"end":{"line":116,"column":null}},"type":"if","locations":[{"start":{"line":108,"column":1},"end":{"line":116,"column":null}},{"start":{},"end":{}}],"line":108}},"s":{"0":6,"1":6,"2":6,"3":6,"4":2,"5":4,"6":4,"7":0,"8":4,"9":4,"10":3,"11":0,"12":4,"13":4,"14":4,"15":4,"16":4,"17":4,"18":4,"19":4,"20":4,"21":14,"22":14,"23":6,"24":4,"25":4,"26":4,"27":4,"28":6,"29":3,"30":6,"31":3,"32":8,"33":4,"34":4,"35":14,"36":11,"37":4,"38":0,"39":4},"f":{"0":6,"1":4,"2":3,"3":4},"b":{"0":[2,4],"1":[6,4],"2":[0,4],"3":[4,4,4,3,3,3,3],"4":[4],"5":[6,8],"6":[14,11],"7":[4,2],"8":[3,3],"9":[3,3],"10":[4,4],"11":[11,3],"12":[0,4]},"meta":{"lastBranch":13,"lastFunction":4,"lastStatement":40,"seen":{"f:16:16:16:37":0,"s:17:1:43:Infinity":0,"s:18:20:18:40":1,"s:19:18:19:42":2,"b:20:2:20:Infinity:undefined:undefined:undefined:undefined":0,"s:20:2:20:Infinity":3,"b:20:6:20:26:20:26:20:42":1,"s:20:42:20:Infinity":4,"s:21:26:21:75":5,"b:22:2:22:Infinity:undefined:undefined:undefined:undefined":2,"s:22:2:22:Infinity":6,"s:22:30:22:Infinity":7,"s:23:2:41:Infinity":8,"f:24:4:24:Infinity":1,"s:26:5:32:Infinity":9,"b:26:5:26:Infinity:27:5:27:Infinity:28:5:28:Infinity:29:5:29:Infinity:30:5:30:Infinity:31:5:31:Infinity:32:5:32:Infinity":3,"f:34:4:34:9":2,"s:34:19:41:6":10,"s:43:2:43:Infinity":11,"f:51:16:51:Infinity":3,"b:55:17:55:Infinity":4,"s:57:7:57:53":12,"s:58:39:58:41":13,"s:60:20:60:Infinity":14,"s:61:30:61:Infinity":15,"s:62:32:62:Infinity":16,"s:63:21:63:Infinity":17,"s:64:16:64:Infinity":18,"s:69:1:103:Infinity":19,"s:69:14:69:17":20,"s:70:17:70:Infinity":21,"b:72:2:98:Infinity:86:9:98:Infinity":5,"s:72:2:98:Infinity":22,"b:72:6:72:22:72:22:72:38":6,"b:73:3:77:Infinity:undefined:undefined:undefined:undefined":7,"s:73:3:77:Infinity":23,"s:74:4:74:Infinity":24,"s:75:4:75:Infinity":25,"s:76:4:76:Infinity":26,"s:77:4:77:Infinity":27,"b:80:3:81:Infinity:undefined:undefined:undefined:undefined":8,"s:80:3:81:Infinity":28,"s:81:4:81:Infinity":29,"b:83:3:84:Infinity:undefined:undefined:undefined:undefined":9,"s:83:3:84:Infinity":30,"s:84:4:84:Infinity":31,"b:88:3:98:Infinity:undefined:undefined:undefined:undefined":10,"s:88:3:98:Infinity":32,"s:90:4:97:Infinity":33,"s:98:4:98:Infinity":34,"b:102:2:103:Infinity:undefined:undefined:undefined:undefined":11,"s:102:2:103:Infinity":35,"s:103:3:103:Infinity":36,"b:108:1:116:Infinity:undefined:undefined:undefined:undefined":12,"s:108:1:116:Infinity":37,"s:109:2:116:Infinity":38,"s:119:1:119:Infinity":39}}}
,"/Users/gibdevlite/Dev/novellum/src/lib/ai/index.ts": {"path":"/Users/gibdevlite/Dev/novellum/src/lib/ai/index.ts","statementMap":{},"fnMap":{},"branchMap":{},"s":{},"f":{},"b":{},"meta":{"lastBranch":0,"lastFunction":0,"lastStatement":0,"seen":{}}}
,"/Users/gibdevlite/Dev/novellum/src/lib/ai/markdown.ts": {"path":"/Users/gibdevlite/Dev/novellum/src/lib/ai/markdown.ts","statementMap":{"0":{"start":{"line":4,"column":1},"end":{"line":9,"column":null}},"1":{"start":{"line":13,"column":12},"end":{"line":13,"column":26}},"2":{"start":{"line":16,"column":1},"end":{"line":18,"column":null}},"3":{"start":{"line":17,"column":2},"end":{"line":17,"column":null}},"4":{"start":{"line":21,"column":1},"end":{"line":21,"column":null}},"5":{"start":{"line":24,"column":1},"end":{"line":24,"column":null}},"6":{"start":{"line":27,"column":1},"end":{"line":27,"column":null}},"7":{"start":{"line":31,"column":20},"end":{"line":31,"column":41}},"8":{"start":{"line":32,"column":1},"end":{"line":37,"column":null}},"9":{"start":{"line":34,"column":2},"end":{"line":34,"column":null}},"10":{"start":{"line":34,"column":29},"end":{"line":34,"column":null}},"11":{"start":{"line":36,"column":2},"end":{"line":36,"column":null}},"12":{"start":{"line":39,"column":1},"end":{"line":39,"column":null}},"13":{"start":{"line":43,"column":1},"end":{"line":43,"column":null}}},"fnMap":{"0":{"name":"escapeHtml","decl":{"start":{"line":3,"column":16},"end":{"line":3,"column":27}},"loc":{"start":{"line":3,"column":51},"end":{"line":9,"column":null}},"line":3},"1":{"name":"parseMarkdown","decl":{"start":{"line":12,"column":16},"end":{"line":12,"column":30}},"loc":{"start":{"line":12,"column":50},"end":{"line":39,"column":null}},"line":12},"2":{"name":"(anonymous_2)","decl":{"start":{"line":16,"column":21},"end":{"line":16,"column":56}},"loc":{"start":{"line":16,"column":78},"end":{"line":18,"column":null}},"line":16},"3":{"name":"(anonymous_3)","decl":{"start":{"line":32,"column":19},"end":{"line":32,"column":23}},"loc":{"start":{"line":32,"column":28},"end":{"line":37,"column":4}},"line":32},"4":{"name":"safeHtml","decl":{"start":{"line":42,"column":16},"end":{"line":42,"column":25}},"loc":{"start":{"line":42,"column":46},"end":{"line":43,"column":null}},"line":42}},"branchMap":{"0":{"loc":{"start":{"line":34,"column":2},"end":{"line":34,"column":null}},"type":"if","locations":[{"start":{"line":34,"column":2},"end":{"line":34,"column":null}},{"start":{},"end":{}}],"line":34}},"s":{"0":11,"1":11,"2":11,"3":1,"4":11,"5":11,"6":11,"7":11,"8":11,"9":13,"10":1,"11":12,"12":11,"13":5},"f":{"0":11,"1":11,"2":1,"3":13,"4":5},"b":{"0":[1,12]},"meta":{"lastBranch":1,"lastFunction":5,"lastStatement":14,"seen":{"f:3:16:3:27":0,"s:4:1:9:Infinity":0,"f:12:16:12:30":1,"s:13:12:13:26":1,"s:16:1:18:Infinity":2,"f:16:21:16:56":2,"s:17:2:17:Infinity":3,"s:21:1:21:Infinity":4,"s:24:1:24:Infinity":5,"s:27:1:27:Infinity":6,"s:31:20:31:41":7,"s:32:1:37:Infinity":8,"f:32:19:32:23":3,"b:34:2:34:Infinity:undefined:undefined:undefined:undefined":0,"s:34:2:34:Infinity":9,"s:34:29:34:Infinity":10,"s:36:2:36:Infinity":11,"s:39:1:39:Infinity":12,"f:42:16:42:25":4,"s:43:1:43:Infinity":13}}}
,"/Users/gibdevlite/Dev/novellum/src/lib/ai/model-router.ts": {"path":"/Users/gibdevlite/Dev/novellum/src/lib/ai/model-router.ts","statementMap":{"0":{"start":{"line":5,"column":1},"end":{"line":5,"column":null}},"1":{"start":{"line":9,"column":1},"end":{"line":9,"column":null}}},"fnMap":{"0":{"name":"selectModel","decl":{"start":{"line":4,"column":16},"end":{"line":4,"column":28}},"loc":{"start":{"line":4,"column":56},"end":{"line":5,"column":null}},"line":4},"1":{"name":"overrideModel","decl":{"start":{"line":8,"column":16},"end":{"line":8,"column":30}},"loc":{"start":{"line":8,"column":71},"end":{"line":9,"column":null}},"line":8}},"branchMap":{"0":{"loc":{"start":{"line":5,"column":8},"end":{"line":5,"column":null}},"type":"binary-expr","locations":[{"start":{"line":5,"column":8},"end":{"line":5,"column":31}},{"start":{"line":5,"column":31},"end":{"line":5,"column":null}}],"line":5}},"s":{"0":1,"1":0},"f":{"0":1,"1":0},"b":{"0":[1,0]},"meta":{"lastBranch":1,"lastFunction":2,"lastStatement":2,"seen":{"f:4:16:4:28":0,"s:5:1:5:Infinity":0,"b:5:8:5:31:5:31:5:Infinity":0,"f:8:16:8:30":1,"s:9:1:9:Infinity":1}}}
,"/Users/gibdevlite/Dev/novellum/src/lib/ai/prompt-builder.ts": {"path":"/Users/gibdevlite/Dev/novellum/src/lib/ai/prompt-builder.ts","statementMap":{"0":{"start":{"line":10,"column":25},"end":{"line":10,"column":27}},"1":{"start":{"line":12,"column":1},"end":{"line":15,"column":null}},"2":{"start":{"line":13,"column":2},"end":{"line":13,"column":null}},"3":{"start":{"line":14,"column":2},"end":{"line":14,"column":null}},"4":{"start":{"line":14,"column":25},"end":{"line":14,"column":null}},"5":{"start":{"line":15,"column":2},"end":{"line":15,"column":null}},"6":{"start":{"line":15,"column":25},"end":{"line":15,"column":null}},"7":{"start":{"line":18,"column":1},"end":{"line":22,"column":null}},"8":{"start":{"line":19,"column":2},"end":{"line":22,"column":null}},"9":{"start":{"line":20,"column":3},"end":{"line":20,"column":null}},"10":{"start":{"line":21,"column":3},"end":{"line":21,"column":null}},"11":{"start":{"line":21,"column":18},"end":{"line":21,"column":null}},"12":{"start":{"line":25,"column":1},"end":{"line":27,"column":null}},"13":{"start":{"line":26,"column":2},"end":{"line":26,"column":null}},"14":{"start":{"line":27,"column":2},"end":{"line":27,"column":null}},"15":{"start":{"line":27,"column":27},"end":{"line":27,"column":null}},"16":{"start":{"line":30,"column":1},"end":{"line":32,"column":null}},"17":{"start":{"line":31,"column":2},"end":{"line":31,"column":null}},"18":{"start":{"line":32,"column":2},"end":{"line":32,"column":null}},"19":{"start":{"line":32,"column":27},"end":{"line":32,"column":77}},"20":{"start":{"line":35,"column":1},"end":{"line":37,"column":null}},"21":{"start":{"line":36,"column":2},"end":{"line":36,"column":null}},"22":{"start":{"line":37,"column":2},"end":{"line":37,"column":null}},"23":{"start":{"line":37,"column":32},"end":{"line":37,"column":93}},"24":{"start":{"line":40,"column":1},"end":{"line":42,"column":null}},"25":{"start":{"line":41,"column":2},"end":{"line":41,"column":null}},"26":{"start":{"line":42,"column":2},"end":{"line":42,"column":null}},"27":{"start":{"line":42,"column":31},"end":{"line":42,"column":74}},"28":{"start":{"line":45,"column":1},"end":{"line":47,"column":null}},"29":{"start":{"line":46,"column":2},"end":{"line":46,"column":null}},"30":{"start":{"line":47,"column":2},"end":{"line":47,"column":null}},"31":{"start":{"line":47,"column":33},"end":{"line":47,"column":89}},"32":{"start":{"line":50,"column":1},"end":{"line":52,"column":null}},"33":{"start":{"line":51,"column":2},"end":{"line":51,"column":null}},"34":{"start":{"line":52,"column":2},"end":{"line":52,"column":null}},"35":{"start":{"line":52,"column":33},"end":{"line":52,"column":91}},"36":{"start":{"line":55,"column":1},"end":{"line":60,"column":null}},"37":{"start":{"line":56,"column":2},"end":{"line":56,"column":null}},"38":{"start":{"line":57,"column":2},"end":{"line":60,"column":null}},"39":{"start":{"line":58,"column":3},"end":{"line":58,"column":null}},"40":{"start":{"line":59,"column":3},"end":{"line":59,"column":null}},"41":{"start":{"line":59,"column":23},"end":{"line":59,"column":null}},"42":{"start":{"line":63,"column":1},"end":{"line":66,"column":null}},"43":{"start":{"line":64,"column":23},"end":{"line":64,"column":null}},"44":{"start":{"line":64,"column":51},"end":{"line":64,"column":63}},"45":{"start":{"line":65,"column":2},"end":{"line":66,"column":null}},"46":{"start":{"line":66,"column":3},"end":{"line":66,"column":null}},"47":{"start":{"line":70,"column":1},"end":{"line":73,"column":null}},"48":{"start":{"line":71,"column":28},"end":{"line":71,"column":null}},"49":{"start":{"line":71,"column":59},"end":{"line":71,"column":71}},"50":{"start":{"line":72,"column":2},"end":{"line":73,"column":null}},"51":{"start":{"line":73,"column":3},"end":{"line":73,"column":null}},"52":{"start":{"line":77,"column":1},"end":{"line":77,"column":null}},"53":{"start":{"line":81,"column":21},"end":{"line":87,"column":null}},"54":{"start":{"line":89,"column":19},"end":{"line":89,"column":40}},"55":{"start":{"line":91,"column":21},"end":{"line":93,"column":null}},"56":{"start":{"line":96,"column":1},"end":{"line":97,"column":null}},"57":{"start":{"line":97,"column":2},"end":{"line":97,"column":null}},"58":{"start":{"line":100,"column":1},"end":{"line":104,"column":null}},"59":{"start":{"line":102,"column":44},"end":{"line":102,"column":53}},"60":{"start":{"line":106,"column":14},"end":{"line":106,"column":38}},"61":{"start":{"line":109,"column":1},"end":{"line":116,"column":null}},"62":{"start":{"line":110,"column":17},"end":{"line":110,"column":null}},"63":{"start":{"line":111,"column":2},"end":{"line":111,"column":null}},"64":{"start":{"line":112,"column":23},"end":{"line":112,"column":77}},"65":{"start":{"line":112,"column":50},"end":{"line":112,"column":76}},"66":{"start":{"line":113,"column":2},"end":{"line":114,"column":null}},"67":{"start":{"line":114,"column":3},"end":{"line":114,"column":null}},"68":{"start":{"line":116,"column":2},"end":{"line":116,"column":null}},"69":{"start":{"line":119,"column":1},"end":{"line":119,"column":null}}},"fnMap":{"0":{"name":"serializeContext","decl":{"start":{"line":9,"column":9},"end":{"line":9,"column":26}},"loc":{"start":{"line":9,"column":50},"end":{"line":77,"column":null}},"line":9},"1":{"name":"(anonymous_1)","decl":{"start":{"line":19,"column":21},"end":{"line":19,"column":30}},"loc":{"start":{"line":19,"column":39},"end":{"line":22,"column":null}},"line":19},"2":{"name":"(anonymous_2)","decl":{"start":{"line":32,"column":12},"end":{"line":32,"column":21}},"loc":{"start":{"line":32,"column":27},"end":{"line":32,"column":77}},"line":32},"3":{"name":"(anonymous_3)","decl":{"start":{"line":37,"column":17},"end":{"line":37,"column":26}},"loc":{"start":{"line":37,"column":32},"end":{"line":37,"column":93}},"line":37},"4":{"name":"(anonymous_4)","decl":{"start":{"line":42,"column":16},"end":{"line":42,"column":25}},"loc":{"start":{"line":42,"column":31},"end":{"line":42,"column":74}},"line":42},"5":{"name":"(anonymous_5)","decl":{"start":{"line":47,"column":18},"end":{"line":47,"column":27}},"loc":{"start":{"line":47,"column":33},"end":{"line":47,"column":89}},"line":47},"6":{"name":"(anonymous_6)","decl":{"start":{"line":52,"column":18},"end":{"line":52,"column":27}},"loc":{"start":{"line":52,"column":33},"end":{"line":52,"column":91}},"line":52},"7":{"name":"(anonymous_7)","decl":{"start":{"line":57,"column":20},"end":{"line":57,"column":29}},"loc":{"start":{"line":57,"column":36},"end":{"line":60,"column":null}},"line":57},"8":{"name":"(anonymous_8)","decl":{"start":{"line":64,"column":41},"end":{"line":64,"column":46}},"loc":{"start":{"line":64,"column":51},"end":{"line":64,"column":63}},"line":64},"9":{"name":"(anonymous_9)","decl":{"start":{"line":71,"column":49},"end":{"line":71,"column":54}},"loc":{"start":{"line":71,"column":59},"end":{"line":71,"column":71}},"line":71},"10":{"name":"buildPrompt","decl":{"start":{"line":80,"column":16},"end":{"line":80,"column":28}},"loc":{"start":{"line":80,"column":66},"end":{"line":119,"column":null}},"line":80},"11":{"name":"(anonymous_11)","decl":{"start":{"line":102,"column":33},"end":{"line":102,"column":38}},"loc":{"start":{"line":102,"column":44},"end":{"line":102,"column":53}},"line":102},"12":{"name":"(anonymous_12)","decl":{"start":{"line":112,"column":35},"end":{"line":112,"column":45}},"loc":{"start":{"line":112,"column":50},"end":{"line":112,"column":76}},"line":112}},"branchMap":{"0":{"loc":{"start":{"line":12,"column":1},"end":{"line":15,"column":null}},"type":"if","locations":[{"start":{"line":12,"column":1},"end":{"line":15,"column":null}},{"start":{},"end":{}}],"line":12},"1":{"loc":{"start":{"line":14,"column":2},"end":{"line":14,"column":null}},"type":"if","locations":[{"start":{"line":14,"column":2},"end":{"line":14,"column":null}},{"start":{},"end":{}}],"line":14},"2":{"loc":{"start":{"line":15,"column":2},"end":{"line":15,"column":null}},"type":"if","locations":[{"start":{"line":15,"column":2},"end":{"line":15,"column":null}},{"start":{},"end":{}}],"line":15},"3":{"loc":{"start":{"line":18,"column":1},"end":{"line":22,"column":null}},"type":"if","locations":[{"start":{"line":18,"column":1},"end":{"line":22,"column":null}},{"start":{},"end":{}}],"line":18},"4":{"loc":{"start":{"line":21,"column":3},"end":{"line":21,"column":null}},"type":"if","locations":[{"start":{"line":21,"column":3},"end":{"line":21,"column":null}},{"start":{},"end":{}}],"line":21},"5":{"loc":{"start":{"line":25,"column":1},"end":{"line":27,"column":null}},"type":"if","locations":[{"start":{"line":25,"column":1},"end":{"line":27,"column":null}},{"start":{},"end":{}}],"line":25},"6":{"loc":{"start":{"line":27,"column":2},"end":{"line":27,"column":null}},"type":"if","locations":[{"start":{"line":27,"column":2},"end":{"line":27,"column":null}},{"start":{},"end":{}}],"line":27},"7":{"loc":{"start":{"line":30,"column":1},"end":{"line":32,"column":null}},"type":"if","locations":[{"start":{"line":30,"column":1},"end":{"line":32,"column":null}},{"start":{},"end":{}}],"line":30},"8":{"loc":{"start":{"line":35,"column":1},"end":{"line":37,"column":null}},"type":"if","locations":[{"start":{"line":35,"column":1},"end":{"line":37,"column":null}},{"start":{},"end":{}}],"line":35},"9":{"loc":{"start":{"line":40,"column":1},"end":{"line":42,"column":null}},"type":"if","locations":[{"start":{"line":40,"column":1},"end":{"line":42,"column":null}},{"start":{},"end":{}}],"line":40},"10":{"loc":{"start":{"line":45,"column":1},"end":{"line":47,"column":null}},"type":"if","locations":[{"start":{"line":45,"column":1},"end":{"line":47,"column":null}},{"start":{},"end":{}}],"line":45},"11":{"loc":{"start":{"line":50,"column":1},"end":{"line":52,"column":null}},"type":"if","locations":[{"start":{"line":50,"column":1},"end":{"line":52,"column":null}},{"start":{},"end":{}}],"line":50},"12":{"loc":{"start":{"line":55,"column":1},"end":{"line":60,"column":null}},"type":"if","locations":[{"start":{"line":55,"column":1},"end":{"line":60,"column":null}},{"start":{},"end":{}}],"line":55},"13":{"loc":{"start":{"line":55,"column":5},"end":{"line":55,"column":56}},"type":"binary-expr","locations":[{"start":{"line":55,"column":5},"end":{"line":55,"column":26}},{"start":{"line":55,"column":26},"end":{"line":55,"column":56}}],"line":55},"14":{"loc":{"start":{"line":59,"column":3},"end":{"line":59,"column":null}},"type":"if","locations":[{"start":{"line":59,"column":3},"end":{"line":59,"column":null}},{"start":{},"end":{}}],"line":59},"15":{"loc":{"start":{"line":63,"column":1},"end":{"line":66,"column":null}},"type":"if","locations":[{"start":{"line":63,"column":1},"end":{"line":66,"column":null}},{"start":{},"end":{}}],"line":63},"16":{"loc":{"start":{"line":63,"column":5},"end":{"line":63,"column":56}},"type":"binary-expr","locations":[{"start":{"line":63,"column":5},"end":{"line":63,"column":26}},{"start":{"line":63,"column":26},"end":{"line":63,"column":56}}],"line":63},"17":{"loc":{"start":{"line":64,"column":23},"end":{"line":64,"column":null}},"type":"binary-expr","locations":[{"start":{"line":64,"column":23},"end":{"line":64,"column":63}},{"start":{"line":64,"column":67},"end":{"line":64,"column":null}}],"line":64},"18":{"loc":{"start":{"line":65,"column":2},"end":{"line":66,"column":null}},"type":"if","locations":[{"start":{"line":65,"column":2},"end":{"line":66,"column":null}},{"start":{},"end":{}}],"line":65},"19":{"loc":{"start":{"line":70,"column":1},"end":{"line":73,"column":null}},"type":"if","locations":[{"start":{"line":70,"column":1},"end":{"line":73,"column":null}},{"start":{},"end":{}}],"line":70},"20":{"loc":{"start":{"line":70,"column":5},"end":{"line":70,"column":62}},"type":"binary-expr","locations":[{"start":{"line":70,"column":5},"end":{"line":70,"column":29}},{"start":{"line":70,"column":29},"end":{"line":70,"column":62}}],"line":70},"21":{"loc":{"start":{"line":71,"column":28},"end":{"line":71,"column":null}},"type":"binary-expr","locations":[{"start":{"line":71,"column":28},"end":{"line":71,"column":71}},{"start":{"line":71,"column":75},"end":{"line":71,"column":null}}],"line":71},"22":{"loc":{"start":{"line":72,"column":2},"end":{"line":73,"column":null}},"type":"if","locations":[{"start":{"line":72,"column":2},"end":{"line":73,"column":null}},{"start":{},"end":{}}],"line":72},"23":{"loc":{"start":{"line":86,"column":6},"end":{"line":86,"column":null}},"type":"binary-expr","locations":[{"start":{"line":86,"column":6},"end":{"line":86,"column":44}},{"start":{"line":86,"column":44},"end":{"line":86,"column":null}}],"line":86},"24":{"loc":{"start":{"line":93,"column":14},"end":{"line":93,"column":null}},"type":"binary-expr","locations":[{"start":{"line":93,"column":14},"end":{"line":93,"column":50}},{"start":{"line":93,"column":50},"end":{"line":93,"column":null}}],"line":93},"25":{"loc":{"start":{"line":96,"column":1},"end":{"line":97,"column":null}},"type":"if","locations":[{"start":{"line":96,"column":1},"end":{"line":97,"column":null}},{"start":{},"end":{}}],"line":96},"26":{"loc":{"start":{"line":103,"column":23},"end":{"line":103,"column":null}},"type":"binary-expr","locations":[{"start":{"line":103,"column":23},"end":{"line":103,"column":72}},{"start":{"line":103,"column":72},"end":{"line":103,"column":null}}],"line":103},"27":{"loc":{"start":{"line":109,"column":1},"end":{"line":116,"column":null}},"type":"if","locations":[{"start":{"line":109,"column":1},"end":{"line":116,"column":null}},{"start":{},"end":{}}],"line":109},"28":{"loc":{"start":{"line":113,"column":2},"end":{"line":114,"column":null}},"type":"if","locations":[{"start":{"line":113,"column":2},"end":{"line":114,"column":null}},{"start":{},"end":{}}],"line":113}},"s":{"0":16,"1":16,"2":10,"3":10,"4":4,"5":10,"6":10,"7":16,"8":0,"9":0,"10":0,"11":0,"12":16,"13":0,"14":0,"15":0,"16":16,"17":0,"18":0,"19":0,"20":16,"21":4,"22":4,"23":4,"24":16,"25":4,"26":4,"27":4,"28":16,"29":4,"30":4,"31":4,"32":16,"33":4,"34":4,"35":4,"36":16,"37":1,"38":1,"39":1,"40":1,"41":1,"42":16,"43":1,"44":2,"45":1,"46":1,"47":16,"48":1,"49":1,"50":1,"51":1,"52":16,"53":16,"54":16,"55":16,"56":16,"57":1,"58":16,"59":108,"60":16,"61":16,"62":1,"63":1,"64":1,"65":3,"66":1,"67":1,"68":1,"69":16},"f":{"0":16,"1":0,"2":0,"3":4,"4":4,"5":4,"6":4,"7":1,"8":2,"9":1,"10":16,"11":108,"12":3},"b":{"0":[10,6],"1":[4,6],"2":[10,0],"3":[0,16],"4":[0,0],"5":[0,16],"6":[0,0],"7":[0,16],"8":[4,12],"9":[4,12],"10":[4,12],"11":[4,12],"12":[1,15],"13":[16,1],"14":[1,0],"15":[1,15],"16":[16,1],"17":[1,0],"18":[1,0],"19":[1,15],"20":[16,1],"21":[1,0],"22":[1,0],"23":[16,0],"24":[16,0],"25":[1,15],"26":[16,0],"27":[1,15],"28":[1,0]},"meta":{"lastBranch":29,"lastFunction":13,"lastStatement":70,"seen":{"f:9:9:9:26":0,"s:10:25:10:27":0,"b:12:1:15:Infinity:undefined:undefined:undefined:undefined":0,"s:12:1:15:Infinity":1,"s:13:2:13:Infinity":2,"b:14:2:14:Infinity:undefined:undefined:undefined:undefined":1,"s:14:2:14:Infinity":3,"s:14:25:14:Infinity":4,"b:15:2:15:Infinity:undefined:undefined:undefined:undefined":2,"s:15:2:15:Infinity":5,"s:15:25:15:Infinity":6,"b:18:1:22:Infinity:undefined:undefined:undefined:undefined":3,"s:18:1:22:Infinity":7,"s:19:2:22:Infinity":8,"f:19:21:19:30":1,"s:20:3:20:Infinity":9,"b:21:3:21:Infinity:undefined:undefined:undefined:undefined":4,"s:21:3:21:Infinity":10,"s:21:18:21:Infinity":11,"b:25:1:27:Infinity:undefined:undefined:undefined:undefined":5,"s:25:1:27:Infinity":12,"s:26:2:26:Infinity":13,"b:27:2:27:Infinity:undefined:undefined:undefined:undefined":6,"s:27:2:27:Infinity":14,"s:27:27:27:Infinity":15,"b:30:1:32:Infinity:undefined:undefined:undefined:undefined":7,"s:30:1:32:Infinity":16,"s:31:2:31:Infinity":17,"s:32:2:32:Infinity":18,"f:32:12:32:21":2,"s:32:27:32:77":19,"b:35:1:37:Infinity:undefined:undefined:undefined:undefined":8,"s:35:1:37:Infinity":20,"s:36:2:36:Infinity":21,"s:37:2:37:Infinity":22,"f:37:17:37:26":3,"s:37:32:37:93":23,"b:40:1:42:Infinity:undefined:undefined:undefined:undefined":9,"s:40:1:42:Infinity":24,"s:41:2:41:Infinity":25,"s:42:2:42:Infinity":26,"f:42:16:42:25":4,"s:42:31:42:74":27,"b:45:1:47:Infinity:undefined:undefined:undefined:undefined":10,"s:45:1:47:Infinity":28,"s:46:2:46:Infinity":29,"s:47:2:47:Infinity":30,"f:47:18:47:27":5,"s:47:33:47:89":31,"b:50:1:52:Infinity:undefined:undefined:undefined:undefined":11,"s:50:1:52:Infinity":32,"s:51:2:51:Infinity":33,"s:52:2:52:Infinity":34,"f:52:18:52:27":6,"s:52:33:52:91":35,"b:55:1:60:Infinity:undefined:undefined:undefined:undefined":12,"s:55:1:60:Infinity":36,"b:55:5:55:26:55:26:55:56":13,"s:56:2:56:Infinity":37,"s:57:2:60:Infinity":38,"f:57:20:57:29":7,"s:58:3:58:Infinity":39,"b:59:3:59:Infinity:undefined:undefined:undefined:undefined":14,"s:59:3:59:Infinity":40,"s:59:23:59:Infinity":41,"b:63:1:66:Infinity:undefined:undefined:undefined:undefined":15,"s:63:1:66:Infinity":42,"b:63:5:63:26:63:26:63:56":16,"s:64:23:64:Infinity":43,"b:64:23:64:63:64:67:64:Infinity":17,"f:64:41:64:46":8,"s:64:51:64:63":44,"b:65:2:66:Infinity:undefined:undefined:undefined:undefined":18,"s:65:2:66:Infinity":45,"s:66:3:66:Infinity":46,"b:70:1:73:Infinity:undefined:undefined:undefined:undefined":19,"s:70:1:73:Infinity":47,"b:70:5:70:29:70:29:70:62":20,"s:71:28:71:Infinity":48,"b:71:28:71:71:71:75:71:Infinity":21,"f:71:49:71:54":9,"s:71:59:71:71":49,"b:72:2:73:Infinity:undefined:undefined:undefined:undefined":22,"s:72:2:73:Infinity":50,"s:73:3:73:Infinity":51,"s:77:1:77:Infinity":52,"f:80:16:80:28":10,"s:81:21:87:Infinity":53,"b:86:6:86:44:86:44:86:Infinity":23,"s:89:19:89:40":54,"s:91:21:93:Infinity":55,"b:93:14:93:50:93:50:93:Infinity":24,"b:96:1:97:Infinity:undefined:undefined:undefined:undefined":25,"s:96:1:97:Infinity":56,"s:97:2:97:Infinity":57,"s:100:1:104:Infinity":58,"f:102:33:102:38":11,"s:102:44:102:53":59,"b:103:23:103:72:103:72:103:Infinity":26,"s:106:14:106:38":60,"b:109:1:116:Infinity:undefined:undefined:undefined:undefined":27,"s:109:1:116:Infinity":61,"s:110:17:110:Infinity":62,"s:111:2:111:Infinity":63,"s:112:23:112:77":64,"f:112:35:112:45":12,"s:112:50:112:76":65,"b:113:2:114:Infinity:undefined:undefined:undefined:undefined":28,"s:113:2:114:Infinity":66,"s:114:3:114:Infinity":67,"s:116:2:116:Infinity":68,"s:119:1:119:Infinity":69}}}
,"/Users/gibdevlite/Dev/novellum/src/lib/ai/rewrite-agent.ts": {"path":"/Users/gibdevlite/Dev/novellum/src/lib/ai/rewrite-agent.ts","statementMap":{"0":{"start":{"line":16,"column":1},"end":{"line":43,"column":null}},"1":{"start":{"line":17,"column":20},"end":{"line":17,"column":40}},"2":{"start":{"line":18,"column":18},"end":{"line":18,"column":42}},"3":{"start":{"line":19,"column":2},"end":{"line":20,"column":null}},"4":{"start":{"line":20,"column":3},"end":{"line":20,"column":null}},"5":{"start":{"line":22,"column":26},"end":{"line":22,"column":75}},"6":{"start":{"line":23,"column":2},"end":{"line":24,"column":null}},"7":{"start":{"line":24,"column":3},"end":{"line":24,"column":null}},"8":{"start":{"line":26,"column":35},"end":{"line":37,"column":6}},"9":{"start":{"line":29,"column":5},"end":{"line":32,"column":null}},"10":{"start":{"line":34,"column":19},"end":{"line":37,"column":6}},"11":{"start":{"line":38,"column":2},"end":{"line":39,"column":null}},"12":{"start":{"line":39,"column":3},"end":{"line":39,"column":null}},"13":{"start":{"line":41,"column":2},"end":{"line":41,"column":null}},"14":{"start":{"line":43,"column":2},"end":{"line":43,"column":null}}},"fnMap":{"0":{"name":"parseRewriteOptions","decl":{"start":{"line":12,"column":16},"end":{"line":12,"column":36}},"loc":{"start":{"line":15,"column":2},"end":{"line":43,"column":null}},"line":15},"1":{"name":"(anonymous_1)","decl":{"start":{"line":27,"column":4},"end":{"line":27,"column":null}},"loc":{"start":{"line":29,"column":5},"end":{"line":32,"column":null}},"line":29},"2":{"name":"(anonymous_2)","decl":{"start":{"line":34,"column":4},"end":{"line":34,"column":9}},"loc":{"start":{"line":34,"column":19},"end":{"line":37,"column":6}},"line":34}},"branchMap":{"0":{"loc":{"start":{"line":19,"column":2},"end":{"line":20,"column":null}},"type":"if","locations":[{"start":{"line":19,"column":2},"end":{"line":20,"column":null}},{"start":{},"end":{}}],"line":19},"1":{"loc":{"start":{"line":19,"column":6},"end":{"line":19,"column":42}},"type":"binary-expr","locations":[{"start":{"line":19,"column":6},"end":{"line":19,"column":26}},{"start":{"line":19,"column":26},"end":{"line":19,"column":42}}],"line":19},"2":{"loc":{"start":{"line":23,"column":2},"end":{"line":24,"column":null}},"type":"if","locations":[{"start":{"line":23,"column":2},"end":{"line":24,"column":null}},{"start":{},"end":{}}],"line":23},"3":{"loc":{"start":{"line":29,"column":5},"end":{"line":32,"column":null}},"type":"binary-expr","locations":[{"start":{"line":29,"column":5},"end":{"line":29,"column":null}},{"start":{"line":30,"column":5},"end":{"line":30,"column":null}},{"start":{"line":31,"column":5},"end":{"line":31,"column":null}},{"start":{"line":32,"column":5},"end":{"line":32,"column":null}}],"line":29},"4":{"loc":{"start":{"line":38,"column":2},"end":{"line":39,"column":null}},"type":"if","locations":[{"start":{"line":38,"column":2},"end":{"line":39,"column":null}},{"start":{},"end":{}}],"line":38}},"s":{"0":4,"1":4,"2":4,"3":4,"4":2,"5":2,"6":2,"7":0,"8":2,"9":5,"10":5,"11":2,"12":1,"13":1,"14":0},"f":{"0":4,"1":5,"2":5},"b":{"0":[2,2],"1":[4,2],"2":[0,2],"3":[5,5,5,5],"4":[1,1]},"meta":{"lastBranch":5,"lastFunction":3,"lastStatement":15,"seen":{"f:12:16:12:36":0,"s:16:1:43:Infinity":0,"s:17:20:17:40":1,"s:18:18:18:42":2,"b:19:2:20:Infinity:undefined:undefined:undefined:undefined":0,"s:19:2:20:Infinity":3,"b:19:6:19:26:19:26:19:42":1,"s:20:3:20:Infinity":4,"s:22:26:22:75":5,"b:23:2:24:Infinity:undefined:undefined:undefined:undefined":2,"s:23:2:24:Infinity":6,"s:24:3:24:Infinity":7,"s:26:35:37:6":8,"f:27:4:27:Infinity":1,"s:29:5:32:Infinity":9,"b:29:5:29:Infinity:30:5:30:Infinity:31:5:31:Infinity:32:5:32:Infinity":3,"f:34:4:34:9":2,"s:34:19:37:6":10,"b:38:2:39:Infinity:undefined:undefined:undefined:undefined":4,"s:38:2:39:Infinity":11,"s:39:3:39:Infinity":12,"s:41:2:41:Infinity":13,"s:43:2:43:Infinity":14}}}
,"/Users/gibdevlite/Dev/novellum/src/lib/ai/style-agent.ts": {"path":"/Users/gibdevlite/Dev/novellum/src/lib/ai/style-agent.ts","statementMap":{"0":{"start":{"line":16,"column":1},"end":{"line":42,"column":null}},"1":{"start":{"line":17,"column":20},"end":{"line":17,"column":40}},"2":{"start":{"line":18,"column":18},"end":{"line":18,"column":42}},"3":{"start":{"line":19,"column":2},"end":{"line":19,"column":null}},"4":{"start":{"line":19,"column":42},"end":{"line":19,"column":null}},"5":{"start":{"line":20,"column":26},"end":{"line":20,"column":75}},"6":{"start":{"line":21,"column":2},"end":{"line":21,"column":null}},"7":{"start":{"line":21,"column":30},"end":{"line":21,"column":null}},"8":{"start":{"line":22,"column":2},"end":{"line":40,"column":null}},"9":{"start":{"line":25,"column":5},"end":{"line":31,"column":null}},"10":{"start":{"line":33,"column":19},"end":{"line":40,"column":6}},"11":{"start":{"line":42,"column":2},"end":{"line":42,"column":null}}},"fnMap":{"0":{"name":"parseStyleDeviations","decl":{"start":{"line":15,"column":16},"end":{"line":15,"column":37}},"loc":{"start":{"line":15,"column":90},"end":{"line":42,"column":null}},"line":15},"1":{"name":"(anonymous_1)","decl":{"start":{"line":23,"column":4},"end":{"line":23,"column":null}},"loc":{"start":{"line":25,"column":5},"end":{"line":31,"column":null}},"line":25},"2":{"name":"(anonymous_2)","decl":{"start":{"line":33,"column":4},"end":{"line":33,"column":9}},"loc":{"start":{"line":33,"column":19},"end":{"line":40,"column":6}},"line":33}},"branchMap":{"0":{"loc":{"start":{"line":19,"column":2},"end":{"line":19,"column":null}},"type":"if","locations":[{"start":{"line":19,"column":2},"end":{"line":19,"column":null}},{"start":{},"end":{}}],"line":19},"1":{"loc":{"start":{"line":19,"column":6},"end":{"line":19,"column":42}},"type":"binary-expr","locations":[{"start":{"line":19,"column":6},"end":{"line":19,"column":26}},{"start":{"line":19,"column":26},"end":{"line":19,"column":42}}],"line":19},"2":{"loc":{"start":{"line":21,"column":2},"end":{"line":21,"column":null}},"type":"if","locations":[{"start":{"line":21,"column":2},"end":{"line":21,"column":null}},{"start":{},"end":{}}],"line":21},"3":{"loc":{"start":{"line":25,"column":5},"end":{"line":31,"column":null}},"type":"binary-expr","locations":[{"start":{"line":25,"column":5},"end":{"line":25,"column":null}},{"start":{"line":26,"column":5},"end":{"line":26,"column":null}},{"start":{"line":27,"column":5},"end":{"line":27,"column":null}},{"start":{"line":28,"column":5},"end":{"line":28,"column":null}},{"start":{"line":29,"column":5},"end":{"line":29,"column":null}},{"start":{"line":30,"column":5},"end":{"line":30,"column":null}},{"start":{"line":31,"column":5},"end":{"line":31,"column":null}}],"line":25}},"s":{"0":4,"1":4,"2":4,"3":4,"4":1,"5":3,"6":3,"7":0,"8":3,"9":2,"10":2,"11":0},"f":{"0":4,"1":2,"2":2},"b":{"0":[1,3],"1":[4,3],"2":[0,3],"3":[2,2,2,2,2,2,2]},"meta":{"lastBranch":4,"lastFunction":3,"lastStatement":12,"seen":{"f:15:16:15:37":0,"s:16:1:42:Infinity":0,"s:17:20:17:40":1,"s:18:18:18:42":2,"b:19:2:19:Infinity:undefined:undefined:undefined:undefined":0,"s:19:2:19:Infinity":3,"b:19:6:19:26:19:26:19:42":1,"s:19:42:19:Infinity":4,"s:20:26:20:75":5,"b:21:2:21:Infinity:undefined:undefined:undefined:undefined":2,"s:21:2:21:Infinity":6,"s:21:30:21:Infinity":7,"s:22:2:40:Infinity":8,"f:23:4:23:Infinity":1,"s:25:5:31:Infinity":9,"b:25:5:25:Infinity:26:5:26:Infinity:27:5:27:Infinity:28:5:28:Infinity:29:5:29:Infinity:30:5:30:Infinity:31:5:31:Infinity":3,"f:33:4:33:9":2,"s:33:19:40:6":10,"s:42:2:42:Infinity":11}}}
,"/Users/gibdevlite/Dev/novellum/src/lib/ai/style-presets.ts": {"path":"/Users/gibdevlite/Dev/novellum/src/lib/ai/style-presets.ts","statementMap":{"0":{"start":{"line":1,"column":29},"end":{"line":97,"column":null}},"1":{"start":{"line":99,"column":13},"end":{"line":99,"column":77}},"2":{"start":{"line":99,"column":41},"end":{"line":99,"column":77}},"3":{"start":{"line":99,"column":65},"end":{"line":99,"column":77}}},"fnMap":{"0":{"name":"(anonymous_0)","decl":{"start":{"line":99,"column":13},"end":{"line":99,"column":26}},"loc":{"start":{"line":99,"column":41},"end":{"line":99,"column":77}},"line":99},"1":{"name":"(anonymous_1)","decl":{"start":{"line":99,"column":55},"end":{"line":99,"column":60}},"loc":{"start":{"line":99,"column":65},"end":{"line":99,"column":77}},"line":99}},"branchMap":{},"s":{"0":1,"1":1,"2":2,"3":6},"f":{"0":2,"1":6},"b":{},"meta":{"lastBranch":0,"lastFunction":2,"lastStatement":4,"seen":{"s:1:29:97:Infinity":0,"s:99:13:99:77":1,"f:99:13:99:26":0,"s:99:41:99:77":2,"f:99:55:99:60":1,"s:99:65:99:77":3}}}
,"/Users/gibdevlite/Dev/novellum/src/lib/ai/task-resolver.ts": {"path":"/Users/gibdevlite/Dev/novellum/src/lib/ai/task-resolver.ts","statementMap":{"0":{"start":{"line":10,"column":49},"end":{"line":101,"column":null}},"1":{"start":{"line":103,"column":37},"end":{"line":103,"column":null}},"2":{"start":{"line":106,"column":13},"end":{"line":106,"column":null}},"3":{"start":{"line":107,"column":24},"end":{"line":107,"column":null}},"4":{"start":{"line":108,"column":1},"end":{"line":115,"column":null}}},"fnMap":{"0":{"name":"resolveTask","decl":{"start":{"line":105,"column":16},"end":{"line":105,"column":28}},"loc":{"start":{"line":105,"column":70},"end":{"line":115,"column":null}},"line":105}},"branchMap":{"0":{"loc":{"start":{"line":106,"column":13},"end":{"line":106,"column":null}},"type":"binary-expr","locations":[{"start":{"line":106,"column":13},"end":{"line":106,"column":33}},{"start":{"line":106,"column":33},"end":{"line":106,"column":null}}],"line":106},"1":{"loc":{"start":{"line":107,"column":24},"end":{"line":107,"column":null}},"type":"binary-expr","locations":[{"start":{"line":107,"column":24},"end":{"line":107,"column":47}},{"start":{"line":107,"column":47},"end":{"line":107,"column":72}},{"start":{"line":107,"column":72},"end":{"line":107,"column":null}}],"line":107}},"s":{"0":5,"1":5,"2":18,"3":18,"4":18},"f":{"0":18},"b":{"0":[18,1],"1":[18,0,0]},"meta":{"lastBranch":2,"lastFunction":1,"lastStatement":5,"seen":{"s:10:49:101:Infinity":0,"s:103:37:103:Infinity":1,"f:105:16:105:28":0,"s:106:13:106:Infinity":2,"b:106:13:106:33:106:33:106:Infinity":0,"s:107:24:107:Infinity":3,"b:107:24:107:47:107:47:107:72:107:72:107:Infinity":1,"s:108:1:115:Infinity":4}}}
,"/Users/gibdevlite/Dev/novellum/src/lib/ai/types.ts": {"path":"/Users/gibdevlite/Dev/novellum/src/lib/ai/types.ts","statementMap":{},"fnMap":{},"branchMap":{},"s":{},"f":{},"b":{},"meta":{"lastBranch":0,"lastFunction":0,"lastStatement":0,"seen":{}}}
,"/Users/gibdevlite/Dev/novellum/src/lib/ai/utils.ts": {"path":"/Users/gibdevlite/Dev/novellum/src/lib/ai/utils.ts","statementMap":{"0":{"start":{"line":15,"column":31},"end":{"line":15,"column":null}},"1":{"start":{"line":17,"column":1},"end":{"line":33,"column":null}},"2":{"start":{"line":17,"column":20},"end":{"line":17,"column":23}},"3":{"start":{"line":18,"column":2},"end":{"line":33,"column":null}},"4":{"start":{"line":19,"column":3},"end":{"line":19,"column":null}},"5":{"start":{"line":21,"column":3},"end":{"line":21,"column":null}},"6":{"start":{"line":23,"column":19},"end":{"line":23,"column":null}},"7":{"start":{"line":24,"column":3},"end":{"line":27,"column":null}},"8":{"start":{"line":25,"column":22},"end":{"line":25,"column":null}},"9":{"start":{"line":26,"column":4},"end":{"line":27,"column":null}},"10":{"start":{"line":27,"column":5},"end":{"line":27,"column":null}},"11":{"start":{"line":31,"column":3},"end":{"line":33,"column":null}},"12":{"start":{"line":32,"column":18},"end":{"line":32,"column":63}},"13":{"start":{"line":33,"column":4},"end":{"line":33,"column":null}},"14":{"start":{"line":33,"column":35},"end":{"line":33,"column":61}},"15":{"start":{"line":38,"column":1},"end":{"line":41,"column":null}}},"fnMap":{"0":{"name":"withRetry","decl":{"start":{"line":11,"column":22},"end":{"line":11,"column":null}},"loc":{"start":{"line":14,"column":14},"end":{"line":41,"column":null}},"line":14},"1":{"name":"(anonymous_1)","decl":{"start":{"line":33,"column":14},"end":{"line":33,"column":23}},"loc":{"start":{"line":33,"column":35},"end":{"line":33,"column":61}},"line":33}},"branchMap":{"0":{"loc":{"start":{"line":21,"column":15},"end":{"line":21,"column":66}},"type":"cond-expr","locations":[{"start":{"line":21,"column":38},"end":{"line":21,"column":44}},{"start":{"line":21,"column":44},"end":{"line":21,"column":66}}],"line":21},"1":{"loc":{"start":{"line":24,"column":3},"end":{"line":27,"column":null}},"type":"if","locations":[{"start":{"line":24,"column":3},"end":{"line":27,"column":null}},{"start":{},"end":{}}],"line":24},"2":{"loc":{"start":{"line":25,"column":22},"end":{"line":25,"column":null}},"type":"binary-expr","locations":[{"start":{"line":25,"column":22},"end":{"line":25,"column":40}},{"start":{"line":25,"column":40},"end":{"line":25,"column":null}}],"line":25},"3":{"loc":{"start":{"line":26,"column":4},"end":{"line":27,"column":null}},"type":"if","locations":[{"start":{"line":26,"column":4},"end":{"line":27,"column":null}},{"start":{},"end":{}}],"line":26},"4":{"loc":{"start":{"line":31,"column":3},"end":{"line":33,"column":null}},"type":"if","locations":[{"start":{"line":31,"column":3},"end":{"line":33,"column":null}},{"start":{},"end":{}}],"line":31}},"s":{"0":18,"1":18,"2":18,"3":33,"4":33,"5":24,"6":24,"7":24,"8":23,"9":23,"10":4,"11":20,"12":15,"13":15,"14":15,"15":20},"f":{"0":18,"1":15},"b":{"0":[24,0],"1":[23,1],"2":[23,20],"3":[4,19],"4":[15,5]},"meta":{"lastBranch":5,"lastFunction":2,"lastStatement":16,"seen":{"f:11:22:11:Infinity":0,"s:15:31:15:Infinity":0,"s:17:1:33:Infinity":1,"s:17:20:17:23":2,"s:18:2:33:Infinity":3,"s:19:3:19:Infinity":4,"s:21:3:21:Infinity":5,"b:21:38:21:44:21:44:21:66":0,"s:23:19:23:Infinity":6,"b:24:3:27:Infinity:undefined:undefined:undefined:undefined":1,"s:24:3:27:Infinity":7,"s:25:22:25:Infinity":8,"b:25:22:25:40:25:40:25:Infinity":2,"b:26:4:27:Infinity:undefined:undefined:undefined:undefined":3,"s:26:4:27:Infinity":9,"s:27:5:27:Infinity":10,"b:31:3:33:Infinity:undefined:undefined:undefined:undefined":4,"s:31:3:33:Infinity":11,"s:32:18:32:63":12,"s:33:4:33:Infinity":13,"f:33:14:33:23":1,"s:33:35:33:61":14,"s:38:1:41:Infinity":15}}}
,"/Users/gibdevlite/Dev/novellum/src/modules/bible/services/character-dossier-files.ts": {"path":"/Users/gibdevlite/Dev/novellum/src/modules/bible/services/character-dossier-files.ts","statementMap":{"0":{"start":{"line":1,"column":9},"end":{"line":1,"column":null}},"1":{"start":{"line":1,"column":49},"end":{"line":1,"column":null}},"2":{"start":{"line":4,"column":23},"end":{"line":4,"column":36}},"3":{"start":{"line":5,"column":24},"end":{"line":5,"column":91}},"4":{"start":{"line":6,"column":25},"end":{"line":6,"column":93}},"5":{"start":{"line":9,"column":20},"end":{"line":9,"column":56}},"6":{"start":{"line":10,"column":18},"end":{"line":10,"column":58}},"7":{"start":{"line":11,"column":18},"end":{"line":11,"column":57}},"8":{"start":{"line":13,"column":1},"end":{"line":14,"column":null}},"9":{"start":{"line":14,"column":2},"end":{"line":14,"column":null}},"10":{"start":{"line":17,"column":1},"end":{"line":17,"column":null}},"11":{"start":{"line":21,"column":18},"end":{"line":21,"column":48}},"12":{"start":{"line":22,"column":1},"end":{"line":22,"column":null}},"13":{"start":{"line":29,"column":22},"end":{"line":29,"column":80}},"14":{"start":{"line":30,"column":22},"end":{"line":30,"column":91}},"15":{"start":{"line":32,"column":1},"end":{"line":37,"column":null}},"16":{"start":{"line":33,"column":18},"end":{"line":33,"column":54}},"17":{"start":{"line":34,"column":2},"end":{"line":34,"column":null}},"18":{"start":{"line":36,"column":2},"end":{"line":36,"column":null}},"19":{"start":{"line":36,"column":58},"end":{"line":36,"column":null}},"20":{"start":{"line":37,"column":2},"end":{"line":37,"column":null}},"21":{"start":{"line":46,"column":23},"end":{"line":46,"column":60}},"22":{"start":{"line":47,"column":22},"end":{"line":47,"column":67}},"23":{"start":{"line":48,"column":1},"end":{"line":48,"column":null}},"24":{"start":{"line":49,"column":1},"end":{"line":49,"column":null}},"25":{"start":{"line":50,"column":1},"end":{"line":52,"column":null}},"26":{"start":{"line":60,"column":22},"end":{"line":60,"column":62}},"27":{"start":{"line":61,"column":22},"end":{"line":61,"column":61}},"28":{"start":{"line":62,"column":19},"end":{"line":62,"column":59}},"29":{"start":{"line":64,"column":1},"end":{"line":65,"column":null}},"30":{"start":{"line":65,"column":2},"end":{"line":65,"column":null}},"31":{"start":{"line":68,"column":17},"end":{"line":68,"column":41}},"32":{"start":{"line":69,"column":1},"end":{"line":70,"column":null}},"33":{"start":{"line":70,"column":2},"end":{"line":70,"column":null}},"34":{"start":{"line":73,"column":16},"end":{"line":73,"column":44}},"35":{"start":{"line":75,"column":2},"end":{"line":79,"column":null}},"36":{"start":{"line":81,"column":1},"end":{"line":81,"column":null}}},"fnMap":{"0":{"name":"resolveWorkspacePath","decl":{"start":{"line":8,"column":9},"end":{"line":8,"column":30}},"loc":{"start":{"line":8,"column":56},"end":{"line":17,"column":null}},"line":8},"1":{"name":"normalizeWorkspaceRelativePath","decl":{"start":{"line":20,"column":16},"end":{"line":20,"column":47}},"loc":{"start":{"line":20,"column":73},"end":{"line":22,"column":null}},"line":20},"2":{"name":"readCharacterScratchpad","decl":{"start":{"line":25,"column":22},"end":{"line":25,"column":46}},"loc":{"start":{"line":28,"column":3},"end":{"line":37,"column":null}},"line":28},"3":{"name":"writeCharacterScratchpad","decl":{"start":{"line":41,"column":22},"end":{"line":41,"column":null}},"loc":{"start":{"line":45,"column":29},"end":{"line":52,"column":null}},"line":45},"4":{"name":"readWorkspaceImage","decl":{"start":{"line":55,"column":22},"end":{"line":55,"column":41}},"loc":{"start":{"line":59,"column":3},"end":{"line":81,"column":null}},"line":59}},"branchMap":{"0":{"loc":{"start":{"line":13,"column":1},"end":{"line":14,"column":null}},"type":"if","locations":[{"start":{"line":13,"column":1},"end":{"line":14,"column":null}},{"start":{},"end":{}}],"line":13},"1":{"loc":{"start":{"line":13,"column":5},"end":{"line":13,"column":74}},"type":"binary-expr","locations":[{"start":{"line":13,"column":5},"end":{"line":13,"column":20}},{"start":{"line":13,"column":20},"end":{"line":13,"column":45}},{"start":{"line":13,"column":49},"end":{"line":13,"column":74}}],"line":13},"2":{"loc":{"start":{"line":36,"column":2},"end":{"line":36,"column":null}},"type":"if","locations":[{"start":{"line":36,"column":2},"end":{"line":36,"column":null}},{"start":{},"end":{}}],"line":36},"3":{"loc":{"start":{"line":64,"column":1},"end":{"line":65,"column":null}},"type":"if","locations":[{"start":{"line":64,"column":1},"end":{"line":65,"column":null}},{"start":{},"end":{}}],"line":64},"4":{"loc":{"start":{"line":69,"column":1},"end":{"line":70,"column":null}},"type":"if","locations":[{"start":{"line":69,"column":1},"end":{"line":70,"column":null}},{"start":{},"end":{}}],"line":69},"5":{"loc":{"start":{"line":75,"column":2},"end":{"line":79,"column":null}},"type":"cond-expr","locations":[{"start":{"line":76,"column":5},"end":{"line":76,"column":null}},{"start":{"line":77,"column":5},"end":{"line":79,"column":null}}],"line":75},"6":{"loc":{"start":{"line":77,"column":5},"end":{"line":79,"column":null}},"type":"cond-expr","locations":[{"start":{"line":78,"column":6},"end":{"line":78,"column":null}},{"start":{"line":79,"column":6},"end":{"line":79,"column":null}}],"line":77}},"s":{"0":0,"1":0,"2":0,"3":0,"4":0,"5":0,"6":0,"7":0,"8":0,"9":0,"10":0,"11":0,"12":0,"13":0,"14":0,"15":0,"16":0,"17":0,"18":0,"19":0,"20":0,"21":0,"22":0,"23":0,"24":0,"25":0,"26":0,"27":0,"28":0,"29":0,"30":0,"31":0,"32":0,"33":0,"34":0,"35":0,"36":0},"f":{"0":0,"1":0,"2":0,"3":0,"4":0},"b":{"0":[0,0],"1":[0,0,0],"2":[0,0],"3":[0,0],"4":[0,0],"5":[0,0],"6":[0,0]},"meta":{"lastBranch":7,"lastFunction":5,"lastStatement":37,"seen":{"s:1:9:1:Infinity":0,"s:1:49:1:Infinity":1,"s:4:23:4:36":2,"s:5:24:5:91":3,"s:6:25:6:93":4,"f:8:9:8:30":0,"s:9:20:9:56":5,"s:10:18:10:58":6,"s:11:18:11:57":7,"b:13:1:14:Infinity:undefined:undefined:undefined:undefined":0,"s:13:1:14:Infinity":8,"b:13:5:13:20:13:20:13:45:13:49:13:74":1,"s:14:2:14:Infinity":9,"s:17:1:17:Infinity":10,"f:20:16:20:47":1,"s:21:18:21:48":11,"s:22:1:22:Infinity":12,"f:25:22:25:46":2,"s:29:22:29:80":13,"s:30:22:30:91":14,"s:32:1:37:Infinity":15,"s:33:18:33:54":16,"s:34:2:34:Infinity":17,"b:36:2:36:Infinity:undefined:undefined:undefined:undefined":2,"s:36:2:36:Infinity":18,"s:36:58:36:Infinity":19,"s:37:2:37:Infinity":20,"f:41:22:41:Infinity":3,"s:46:23:46:60":21,"s:47:22:47:67":22,"s:48:1:48:Infinity":23,"s:49:1:49:Infinity":24,"s:50:1:52:Infinity":25,"f:55:22:55:41":4,"s:60:22:60:62":26,"s:61:22:61:61":27,"s:62:19:62:59":28,"b:64:1:65:Infinity:undefined:undefined:undefined:undefined":3,"s:64:1:65:Infinity":29,"s:65:2:65:Infinity":30,"s:68:17:68:41":31,"b:69:1:70:Infinity:undefined:undefined:undefined:undefined":4,"s:69:1:70:Infinity":32,"s:70:2:70:Infinity":33,"s:73:16:73:44":34,"s:75:2:79:Infinity":35,"b:76:5:76:Infinity:77:5:79:Infinity":5,"b:78:6:78:Infinity:79:6:79:Infinity":6,"s:81:1:81:Infinity":36}}}
,"/Users/gibdevlite/Dev/novellum/src/modules/bible/services/character-repository.ts": {"path":"/Users/gibdevlite/Dev/novellum/src/modules/bible/services/character-repository.ts","statementMap":{"0":{"start":{"line":5,"column":6},"end":{"line":8,"column":2}},"1":{"start":{"line":10,"column":31},"end":{"line":10,"column":null}},"2":{"start":{"line":11,"column":32},"end":{"line":11,"column":null}},"3":{"start":{"line":12,"column":40},"end":{"line":12,"column":null}},"4":{"start":{"line":13,"column":31},"end":{"line":13,"column":null}},"5":{"start":{"line":14,"column":31},"end":{"line":14,"column":null}},"6":{"start":{"line":19,"column":1},"end":{"line":19,"column":null}},"7":{"start":{"line":25,"column":1},"end":{"line":25,"column":null}},"8":{"start":{"line":29,"column":1},"end":{"line":29,"column":null}}},"fnMap":{"0":{"name":"createRelationship","decl":{"start":{"line":16,"column":22},"end":{"line":16,"column":null}},"loc":{"start":{"line":18,"column":34},"end":{"line":19,"column":null}},"line":18},"1":{"name":"getRelationshipsByProjectId","decl":{"start":{"line":22,"column":22},"end":{"line":22,"column":null}},"loc":{"start":{"line":24,"column":36},"end":{"line":25,"column":null}},"line":24},"2":{"name":"removeRelationship","decl":{"start":{"line":28,"column":22},"end":{"line":28,"column":41}},"loc":{"start":{"line":28,"column":68},"end":{"line":29,"column":null}},"line":28}},"branchMap":{},"s":{"0":0,"1":0,"2":0,"3":0,"4":0,"5":0,"6":0,"7":0,"8":0},"f":{"0":0,"1":0,"2":0},"b":{},"meta":{"lastBranch":0,"lastFunction":3,"lastStatement":9,"seen":{"s:5:6:8:2":0,"s:10:31:10:Infinity":1,"s:11:32:11:Infinity":2,"s:12:40:12:Infinity":3,"s:13:31:13:Infinity":4,"s:14:31:14:Infinity":5,"f:16:22:16:Infinity":0,"s:19:1:19:Infinity":6,"f:22:22:22:Infinity":1,"s:25:1:25:Infinity":7,"f:28:22:28:41":2,"s:29:1:29:Infinity":8}}}
[...]
,"/Users/gibdevlite/Dev/novellum/src/modules/outliner/services/story-structure-service.ts": {"path":"/Users/gibdevlite/Dev/novellum/src/modules/outliner/services/story-structure-service.ts","statementMap":{"0":{"start":{"line":5,"column":18},"end":{"line":5,"column":84}},"1":{"start":{"line":6,"column":1},"end":{"line":6,"column":null}},"2":{"start":{"line":6,"column":15},"end":{"line":6,"column":null}},"3":{"start":{"line":7,"column":27},"end":{"line":14,"column":null}},"4":{"start":{"line":15,"column":1},"end":{"line":15,"column":null}},"5":{"start":{"line":16,"column":1},"end":{"line":16,"column":null}},"6":{"start":{"line":23,"column":1},"end":{"line":23,"column":null}},"7":{"start":{"line":27,"column":1},"end":{"line":27,"column":null}},"8":{"start":{"line":31,"column":13},"end":{"line":31,"column":37}},"9":{"start":{"line":32,"column":18},"end":{"line":41,"column":null}},"10":{"start":{"line":42,"column":1},"end":{"line":42,"column":null}},"11":{"start":{"line":43,"column":1},"end":{"line":43,"column":null}},"12":{"start":{"line":50,"column":1},"end":{"line":50,"column":null}},"13":{"start":{"line":54,"column":1},"end":{"line":54,"column":null}},"14":{"start":{"line":58,"column":1},"end":{"line":62,"column":null}},"15":{"start":{"line":60,"column":3},"end":{"line":60,"column":74}},"16":{"start":{"line":68,"column":1},"end":{"line":68,"column":null}},"17":{"start":{"line":72,"column":1},"end":{"line":72,"column":null}},"18":{"start":{"line":82,"column":13},"end":{"line":82,"column":37}},"19":{"start":{"line":83,"column":30},"end":{"line":93,"column":null}},"20":{"start":{"line":94,"column":1},"end":{"line":94,"column":null}},"21":{"start":{"line":95,"column":1},"end":{"line":95,"column":null}},"22":{"start":{"line":102,"column":1},"end":{"line":102,"column":null}},"23":{"start":{"line":106,"column":1},"end":{"line":106,"column":null}}},"fnMap":{"0":{"name":"getOrCreateStoryFrame","decl":{"start":{"line":4,"column":22},"end":{"line":4,"column":44}},"loc":{"start":{"line":4,"column":84},"end":{"line":16,"column":null}},"line":4},"1":{"name":"updateStoryFrame","decl":{"start":{"line":19,"column":22},"end":{"line":19,"column":null}},"loc":{"start":{"line":22,"column":17},"end":{"line":23,"column":null}},"line":22},"2":{"name":"getActsByProjectId","decl":{"start":{"line":26,"column":22},"end":{"line":26,"column":41}},"loc":{"start":{"line":26,"column":76},"end":{"line":27,"column":null}},"line":26},"3":{"name":"createAct","decl":{"start":{"line":30,"column":22},"end":{"line":30,"column":32}},"loc":{"start":{"line":30,"column":111},"end":{"line":43,"column":null}},"line":30},"4":{"name":"updateAct","decl":{"start":{"line":46,"column":22},"end":{"line":46,"column":null}},"loc":{"start":{"line":49,"column":17},"end":{"line":50,"column":null}},"line":49},"5":{"name":"removeAct","decl":{"start":{"line":53,"column":22},"end":{"line":53,"column":32}},"loc":{"start":{"line":53,"column":59},"end":{"line":54,"column":null}},"line":53},"6":{"name":"reorderActs","decl":{"start":{"line":57,"column":22},"end":{"line":57,"column":34}},"loc":{"start":{"line":57,"column":90},"end":{"line":62,"column":null}},"line":57},"7":{"name":"(anonymous_7)","decl":{"start":{"line":59,"column":13},"end":{"line":59,"column":18}},"loc":{"start":{"line":60,"column":3},"end":{"line":60,"column":74}},"line":60},"8":{"name":"getMilestonesByActId","decl":{"start":{"line":67,"column":22},"end":{"line":67,"column":43}},"loc":{"start":{"line":67,"column":80},"end":{"line":68,"column":null}},"line":67},"9":{"name":"getMilestonesByProjectId","decl":{"start":{"line":71,"column":22},"end":{"line":71,"column":47}},"loc":{"start":{"line":71,"column":88},"end":{"line":72,"column":null}},"line":71},"10":{"name":"createMilestone","decl":{"start":{"line":75,"column":22},"end":{"line":75,"column":null}},"loc":{"start":{"line":81,"column":22},"end":{"line":95,"column":null}},"line":81},"11":{"name":"updateMilestone","decl":{"start":{"line":98,"column":22},"end":{"line":98,"column":null}},"loc":{"start":{"line":101,"column":17},"end":{"line":102,"column":null}},"line":101},"12":{"name":"removeMilestone","decl":{"start":{"line":105,"column":22},"end":{"line":105,"column":38}},"loc":{"start":{"line":105,"column":65},"end":{"line":106,"column":null}},"line":105}},"branchMap":{"0":{"loc":{"start":{"line":6,"column":1},"end":{"line":6,"column":null}},"type":"if","locations":[{"start":{"line":6,"column":1},"end":{"line":6,"column":null}},{"start":{},"end":{}}],"line":6},"1":{"loc":{"start":{"line":40,"column":6},"end":{"line":40,"column":null}},"type":"cond-expr","locations":[{"start":{"line":40,"column":14},"end":{"line":40,"column":23}},{"start":{"line":40,"column":26},"end":{"line":40,"column":null}}],"line":40},"2":{"loc":{"start":{"line":80,"column":1},"end":{"line":80,"column":null}},"type":"default-arg","locations":[{"start":{"line":80,"column":15},"end":{"line":80,"column":null}}],"line":80}},"s":{"0":3,"1":3,"2":1,"3":2,"4":2,"5":2,"6":0,"7":0,"8":2,"9":2,"10":2,"11":2,"12":0,"13":0,"14":0,"15":0,"16":0,"17":0,"18":0,"19":0,"20":0,"21":0,"22":0,"23":0},"f":{"0":3,"1":0,"2":0,"3":2,"4":0,"5":0,"6":0,"7":0,"8":0,"9":0,"10":0,"11":0,"12":0},"b":{"0":[1,2],"1":[0,2],"2":[0]},"meta":{"lastBranch":3,"lastFunction":13,"lastStatement":24,"seen":{"f:4:22:4:44":0,"s:5:18:5:84":0,"b:6:1:6:Infinity:undefined:undefined:undefined:undefined":0,"s:6:1:6:Infinity":1,"s:6:15:6:Infinity":2,"s:7:27:14:Infinity":3,"s:15:1:15:Infinity":4,"s:16:1:16:Infinity":5,"f:19:22:19:Infinity":1,"s:23:1:23:Infinity":6,"f:26:22:26:41":2,"s:27:1:27:Infinity":7,"f:30:22:30:32":3,"s:31:13:31:37":8,"s:32:18:41:Infinity":9,"b:40:14:40:23:40:26:40:Infinity":1,"s:42:1:42:Infinity":10,"s:43:1:43:Infinity":11,"f:46:22:46:Infinity":4,"s:50:1:50:Infinity":12,"f:53:22:53:32":5,"s:54:1:54:Infinity":13,"f:57:22:57:34":6,"s:58:1:62:Infinity":14,"f:59:13:59:18":7,"s:60:3:60:74":15,"f:67:22:67:43":8,"s:68:1:68:Infinity":16,"f:71:22:71:47":9,"s:72:1:72:Infinity":17,"f:75:22:75:Infinity":10,"b:80:15:80:Infinity":2,"s:82:13:82:37":18,"s:83:30:93:Infinity":19,"s:94:1:94:Infinity":20,"s:95:1:95:Infinity":21,"f:98:22:98:Infinity":11,"s:102:1:102:Infinity":22,"f:105:22:105:38":12,"s:106:1:106:Infinity":23}}}
,"/Users/gibdevlite/Dev/novellum/src/modules/outliner/services/migrations/outline-to-story-workspace.ts": {"path":"/Users/gibdevlite/Dev/novellum/src/modules/outliner/services/migrations/outline-to-story-workspace.ts","statementMap":{"0":{"start":{"line":10,"column":1},"end":{"line":10,"column":null}},"1":{"start":{"line":12,"column":22},"end":{"line":12,"column":80}},"2":{"start":{"line":13,"column":1},"end":{"line":18,"column":null}},"3":{"start":{"line":14,"column":14},"end":{"line":14,"column":52}},"4":{"start":{"line":15,"column":19},"end":{"line":15,"column":83}},"5":{"start":{"line":16,"column":2},"end":{"line":18,"column":null}},"6":{"start":{"line":17,"column":27},"end":{"line":17,"column":37}},"7":{"start":{"line":17,"column":50},"end":{"line":17,"column":94}}},"fnMap":{"0":{"name":"migrateOutlineToStoryWorkspace","decl":{"start":{"line":9,"column":22},"end":{"line":9,"column":53}},"loc":{"start":{"line":9,"column":87},"end":{"line":18,"column":null}},"line":9},"1":{"name":"(anonymous_1)","decl":{"start":{"line":17,"column":12},"end":{"line":17,"column":20}},"loc":{"start":{"line":17,"column":27},"end":{"line":17,"column":37}},"line":17},"2":{"name":"(anonymous_2)","decl":{"start":{"line":17,"column":38},"end":{"line":17,"column":43}},"loc":{"start":{"line":17,"column":50},"end":{"line":17,"column":94}},"line":17}},"branchMap":{"0":{"loc":{"start":{"line":13,"column":1},"end":{"line":18,"column":null}},"type":"if","locations":[{"start":{"line":13,"column":1},"end":{"line":18,"column":null}},{"start":{},"end":{}}],"line":13}},"s":{"0":3,"1":3,"2":3,"3":2,"4":2,"5":2,"6":2,"7":2},"f":{"0":3,"1":2,"2":2},"b":{"0":[2,1]},"meta":{"lastBranch":1,"lastFunction":3,"lastStatement":8,"seen":{"f:9:22:9:53":0,"s:10:1:10:Infinity":0,"s:12:22:12:80":1,"b:13:1:18:Infinity:undefined:undefined:undefined:undefined":0,"s:13:1:18:Infinity":2,"s:14:14:14:52":3,"s:15:19:15:83":4,"s:16:2:18:Infinity":5,"f:17:12:17:20":1,"s:17:27:17:37":6,"f:17:38:17:43":2,"s:17:50:17:94":7}}}
,"/Users/gibdevlite/Dev/novellum/src/modules/project/services/chapter-repository.ts": {"path":"/Users/gibdevlite/Dev/novellum/src/modules/project/services/chapter-repository.ts","statementMap":{"0":{"start":{"line":4,"column":6},"end":{"line":8,"column":2}},"1":{"start":{"line":10,"column":29},"end":{"line":10,"column":null}},"2":{"start":{"line":11,"column":30},"end":{"line":11,"column":null}},"3":{"start":{"line":12,"column":38},"end":{"line":12,"column":null}},"4":{"start":{"line":13,"column":29},"end":{"line":13,"column":null}},"5":{"start":{"line":14,"column":29},"end":{"line":14,"column":null}},"6":{"start":{"line":17,"column":1},"end":{"line":17,"column":null}}},"fnMap":{"0":{"name":"reorderChapters","decl":{"start":{"line":16,"column":22},"end":{"line":16,"column":38}},"loc":{"start":{"line":16,"column":95},"end":{"line":17,"column":null}},"line":16}},"branchMap":{},"s":{"0":0,"1":0,"2":0,"3":0,"4":0,"5":0,"6":0},"f":{"0":0},"b":{},"meta":{"lastBranch":0,"lastFunction":1,"lastStatement":7,"seen":{"s:4:6:8:2":0,"s:10:29:10:Infinity":1,"s:11:30:11:Infinity":2,"s:12:38:12:Infinity":3,"s:13:29:13:Infinity":4,"s:14:29:14:Infinity":5,"f:16:22:16:38":0,"s:17:1:17:Infinity":6}}}
,"/Users/gibdevlite/Dev/novellum/src/modules/project/services/hub-metrics-service.ts": {"path":"/Users/gibdevlite/Dev/novellum/src/modules/project/services/hub-metrics-service.ts","statementMap":{"0":{"start":{"line":5,"column":28},"end":{"line":8,"column":3}},"1":{"start":{"line":10,"column":17},"end":{"line":10,"column":null}},"2":{"start":{"line":11,"column":17},"end":{"line":11,"column":null}},"3":{"start":{"line":12,"column":1},"end":{"line":15,"column":null}},"4":{"start":{"line":13,"column":2},"end":{"line":13,"column":null}},"5":{"start":{"line":14,"column":2},"end":{"line":14,"column":null}},"6":{"start":{"line":19,"column":17},"end":{"line":19,"column":null}},"7":{"start":{"line":20,"column":17},"end":{"line":20,"column":null}},"8":{"start":{"line":21,"column":1},"end":{"line":24,"column":null}},"9":{"start":{"line":22,"column":2},"end":{"line":22,"column":null}},"10":{"start":{"line":23,"column":2},"end":{"line":23,"column":null}},"11":{"start":{"line":28,"column":1},"end":{"line":33,"column":null}}},"fnMap":{"0":{"name":"getProjectMetrics","decl":{"start":{"line":4,"column":22},"end":{"line":4,"column":40}},"loc":{"start":{"line":4,"column":84},"end":{"line":33,"column":null}},"line":4}},"branchMap":{},"s":{"0":0,"1":0,"2":0,"3":0,"4":0,"5":0,"6":0,"7":0,"8":0,"9":0,"10":0,"11":0},"f":{"0":0},"b":{},"meta":{"lastBranch":0,"lastFunction":1,"lastStatement":12,"seen":{"f:4:22:4:40":0,"s:5:28:8:3":0,"s:10:17:10:Infinity":1,"s:11:17:11:Infinity":2,"s:12:1:15:Infinity":3,"s:13:2:13:Infinity":4,"s:14:2:14:Infinity":5,"s:19:17:19:Infinity":6,"s:20:17:20:Infinity":7,"s:21:1:24:Infinity":8,"s:22:2:22:Infinity":9,"s:23:2:23:Infinity":10,"s:28:1:33:Infinity":11}}}
,"/Users/gibdevlite/Dev/novellum/src/modules/project/services/project-repository.ts": {"path":"/Users/gibdevlite/Dev/novellum/src/modules/project/services/project-repository.ts","statementMap":{"0":{"start":{"line":5,"column":6},"end":{"line":8,"column":2}},"1":{"start":{"line":10,"column":29},"end":{"line":10,"column":null}},"2":{"start":{"line":11,"column":30},"end":{"line":11,"column":null}},"3":{"start":{"line":12,"column":29},"end":{"line":12,"column":null}},"4":{"start":{"line":13,"column":29},"end":{"line":13,"column":null}},"5":{"start":{"line":16,"column":1},"end":{"line":16,"column":null}}},"fnMap":{"0":{"name":"getAllProjects","decl":{"start":{"line":15,"column":22},"end":{"line":15,"column":59}},"loc":{"start":{"line":15,"column":59},"end":{"line":16,"column":null}},"line":15}},"branchMap":{},"s":{"0":2,"1":2,"2":2,"3":2,"4":2,"5":1},"f":{"0":1},"b":{},"meta":{"lastBranch":0,"lastFunction":1,"lastStatement":6,"seen":{"s:5:6:8:2":0,"s:10:29:10:Infinity":1,"s:11:30:11:Infinity":2,"s:12:29:12:Infinity":3,"s:13:29:13:Infinity":4,"f:15:22:15:59":0,"s:16:1:16:Infinity":5}}}
,"/Users/gibdevlite/Dev/novellum/src/modules/settings/services/chat-instruction-repository.ts": {"path":"/Users/gibdevlite/Dev/novellum/src/modules/settings/services/chat-instruction-repository.ts","statementMap":{"0":{"start":{"line":4,"column":6},"end":{"line":7,"column":2}},"1":{"start":{"line":9,"column":37},"end":{"line":9,"column":null}},"2":{"start":{"line":10,"column":38},"end":{"line":10,"column":null}},"3":{"start":{"line":11,"column":46},"end":{"line":11,"column":null}},"4":{"start":{"line":12,"column":37},"end":{"line":12,"column":null}},"5":{"start":{"line":13,"column":37},"end":{"line":13,"column":null}}},"fnMap":{},"branchMap":{},"s":{"0":1,"1":1,"2":1,"3":1,"4":1,"5":1},"f":{},"b":{},"meta":{"lastBranch":0,"lastFunction":0,"lastStatement":6,"seen":{"s:4:6:7:2":0,"s:9:37:9:Infinity":1,"s:10:38:10:Infinity":2,"s:11:46:11:Infinity":3,"s:12:37:12:Infinity":4,"s:13:37:13:Infinity":5}}}
,"/Users/gibdevlite/Dev/novellum/src/modules/settings/services/system-prompt-repository.ts": {"path":"/Users/gibdevlite/Dev/novellum/src/modules/settings/services/system-prompt-repository.ts","statementMap":{"0":{"start":{"line":4,"column":6},"end":{"line":7,"column":2}},"1":{"start":{"line":9,"column":34},"end":{"line":9,"column":null}},"2":{"start":{"line":10,"column":35},"end":{"line":10,"column":null}},"3":{"start":{"line":11,"column":43},"end":{"line":11,"column":null}},"4":{"start":{"line":12,"column":34},"end":{"line":12,"column":null}},"5":{"start":{"line":13,"column":34},"end":{"line":13,"column":null}}},"fnMap":{},"branchMap":{},"s":{"0":1,"1":1,"2":1,"3":1,"4":1,"5":1},"f":{},"b":{},"meta":{"lastBranch":0,"lastFunction":0,"lastStatement":6,"seen":{"s:4:6:7:2":0,"s:9:34:9:Infinity":1,"s:10:35:10:Infinity":2,"s:11:43:11:Infinity":3,"s:12:34:12:Infinity":4,"s:13:34:13:Infinity":5}}}
,"/Users/gibdevlite/Dev/novellum/src/modules/settings/services/template-repository.ts": {"path":"/Users/gibdevlite/Dev/novellum/src/modules/settings/services/template-repository.ts","statementMap":{"0":{"start":{"line":4,"column":6},"end":{"line":7,"column":2}},"1":{"start":{"line":9,"column":30},"end":{"line":9,"column":null}},"2":{"start":{"line":10,"column":31},"end":{"line":10,"column":null}},"3":{"start":{"line":11,"column":39},"end":{"line":11,"column":null}},"4":{"start":{"line":12,"column":30},"end":{"line":12,"column":null}},"5":{"start":{"line":13,"column":30},"end":{"line":13,"column":null}}},"fnMap":{},"branchMap":{},"s":{"0":1,"1":1,"2":1,"3":1,"4":1,"5":1},"f":{},"b":{},"meta":{"lastBranch":0,"lastFunction":0,"lastStatement":6,"seen":{"s:4:6:7:2":0,"s:9:30:9:Infinity":1,"s:10:31:10:Infinity":2,"s:11:39:11:Infinity":3,"s:12:30:12:Infinity":4,"s:13:30:13:Infinity":5}}}
,"/Users/gibdevlite/Dev/novellum/src/modules/settings/services/themeService.ts": {"path":"/Users/gibdevlite/Dev/novellum/src/modules/settings/services/themeService.ts","statementMap":{"0":{"start":{"line":4,"column":1},"end":{"line":9,"column":null}},"1":{"start":{"line":5,"column":17},"end":{"line":5,"column":55}},"2":{"start":{"line":6,"column":2},"end":{"line":7,"column":null}},"3":{"start":{"line":7,"column":3},"end":{"line":7,"column":null}},"4":{"start":{"line":12,"column":1},"end":{"line":12,"column":null}},"5":{"start":{"line":16,"column":1},"end":{"line":18,"column":null}},"6":{"start":{"line":17,"column":2},"end":{"line":17,"column":null}},"7":{"start":{"line":24,"column":1},"end":{"line":24,"column":null}},"8":{"start":{"line":24,"column":71},"end":{"line":24,"column":null}},"9":{"start":{"line":26,"column":14},"end":{"line":26,"column":null}},"10":{"start":{"line":28,"column":1},"end":{"line":32,"column":null}},"11":{"start":{"line":29,"column":22},"end":{"line":29,"column":null}},"12":{"start":{"line":30,"column":2},"end":{"line":30,"column":null}},"13":{"start":{"line":32,"column":2},"end":{"line":32,"column":null}}},"fnMap":{"0":{"name":"getStoredTheme","decl":{"start":{"line":3,"column":16},"end":{"line":3,"column":40}},"loc":{"start":{"line":3,"column":40},"end":{"line":12,"column":null}},"line":3},"1":{"name":"storeTheme","decl":{"start":{"line":15,"column":16},"end":{"line":15,"column":27}},"loc":{"start":{"line":15,"column":47},"end":{"line":18,"column":null}},"line":15},"2":{"name":"applyTheme","decl":{"start":{"line":23,"column":16},"end":{"line":23,"column":27}},"loc":{"start":{"line":23,"column":47},"end":{"line":32,"column":null}},"line":23}},"branchMap":{"0":{"loc":{"start":{"line":6,"column":2},"end":{"line":7,"column":null}},"type":"if","locations":[{"start":{"line":6,"column":2},"end":{"line":7,"column":null}},{"start":{},"end":{}}],"line":6},"1":{"loc":{"start":{"line":6,"column":6},"end":{"line":6,"column":70}},"type":"binary-expr","locations":[{"start":{"line":6,"column":6},"end":{"line":6,"column":27}},{"start":{"line":6,"column":27},"end":{"line":6,"column":49}},{"start":{"line":6,"column":49},"end":{"line":6,"column":70}}],"line":6},"2":{"loc":{"start":{"line":24,"column":1},"end":{"line":24,"column":null}},"type":"if","locations":[{"start":{"line":24,"column":1},"end":{"line":24,"column":null}},{"start":{},"end":{}}],"line":24},"3":{"loc":{"start":{"line":24,"column":5},"end":{"line":24,"column":71}},"type":"binary-expr","locations":[{"start":{"line":24,"column":5},"end":{"line":24,"column":38}},{"start":{"line":24,"column":38},"end":{"line":24,"column":71}}],"line":24},"4":{"loc":{"start":{"line":28,"column":1},"end":{"line":32,"column":null}},"type":"if","locations":[{"start":{"line":28,"column":1},"end":{"line":32,"column":null}},{"start":{"line":31,"column":8},"end":{"line":32,"column":null}}],"line":28},"5":{"loc":{"start":{"line":30,"column":34},"end":{"line":30,"column":65}},"type":"cond-expr","locations":[{"start":{"line":30,"column":48},"end":{"line":30,"column":57}},{"start":{"line":30,"column":57},"end":{"line":30,"column":65}}],"line":30}},"s":{"0":2,"1":2,"2":2,"3":1,"4":1,"5":1,"6":1,"7":2,"8":0,"9":2,"10":2,"11":1,"12":1,"13":1},"f":{"0":2,"1":1,"2":2},"b":{"0":[1,1],"1":[2,2,1],"2":[0,2],"3":[2,2],"4":[1,1],"5":[1,0]},"meta":{"lastBranch":6,"lastFunction":3,"lastStatement":14,"seen":{"f:3:16:3:40":0,"s:4:1:9:Infinity":0,"s:5:17:5:55":1,"b:6:2:7:Infinity:undefined:undefined:undefined:undefined":0,"s:6:2:7:Infinity":2,"b:6:6:6:27:6:27:6:49:6:49:6:70":1,"s:7:3:7:Infinity":3,"s:12:1:12:Infinity":4,"f:15:16:15:27":1,"s:16:1:18:Infinity":5,"s:17:2:17:Infinity":6,"f:23:16:23:27":2,"b:24:1:24:Infinity:undefined:undefined:undefined:undefined":2,"s:24:1:24:Infinity":7,"b:24:5:24:38:24:38:24:71":3,"s:24:71:24:Infinity":8,"s:26:14:26:Infinity":9,"b:28:1:32:Infinity:31:8:32:Infinity":4,"s:28:1:32:Infinity":10,"s:29:22:29:Infinity":11,"s:30:2:30:Infinity":12,"b:30:48:30:57:30:57:30:65":5,"s:32:2:32:Infinity":13}}}
,"/Users/gibdevlite/Dev/novellum/src/modules/settings/services/writing-style-repository.ts": {"path":"/Users/gibdevlite/Dev/novellum/src/modules/settings/services/writing-style-repository.ts","statementMap":{"0":{"start":{"line":4,"column":6},"end":{"line":7,"column":2}},"1":{"start":{"line":9,"column":34},"end":{"line":9,"column":null}},"2":{"start":{"line":10,"column":35},"end":{"line":10,"column":null}},"3":{"start":{"line":11,"column":43},"end":{"line":11,"column":null}},"4":{"start":{"line":12,"column":34},"end":{"line":12,"column":null}},"5":{"start":{"line":13,"column":34},"end":{"line":13,"column":null}}},"fnMap":{},"branchMap":{},"s":{"0":1,"1":1,"2":1,"3":1,"4":1,"5":1},"f":{},"b":{},"meta":{"lastBranch":0,"lastFunction":0,"lastStatement":6,"seen":{"s:4:6:7:2":0,"s:9:34:9:Infinity":1,"s:10:35:10:Infinity":2,"s:11:43:11:Infinity":3,"s:12:34:12:Infinity":4,"s:13:34:13:Infinity":5}}}
}
