{"/Users/gibdevlite/Dev/novellum/src/lib/ai/context-engine.ts": {"path":"/Users/gibdevlite/Dev/novellum/src/lib/ai/context-engine.ts","statementMap":{"0":{"start":{"line":5,"column":23},"end":{"line":5,"column":null}},"1":{"start":{"line":6,"column":22},"end":{"line":6,"column":null}},"2":{"start":{"line":7,"column":33},"end":{"line":7,"column":null}},"3":{"start":{"line":8,"column":32},"end":{"line":8,"column":null}},"4":{"start":{"line":9,"column":35},"end":{"line":9,"column":null}},"5":{"start":{"line":10,"column":35},"end":{"line":10,"column":null}},"6":{"start":{"line":11,"column":31},"end":{"line":11,"column":null}},"7":{"start":{"line":12,"column":30},"end":{"line":12,"column":null}},"8":{"start":{"line":15,"column":1},"end":{"line":25,"column":null}},"9":{"start":{"line":29,"column":17},"end":{"line":29,"column":90}},"10":{"start":{"line":29,"column":67},"end":{"line":29,"column":88}},"11":{"start":{"line":30,"column":1},"end":{"line":30,"column":null}},"12":{"start":{"line":30,"column":46},"end":{"line":30,"column":62}},"13":{"start":{"line":34,"column":17},"end":{"line":34,"column":89}},"14":{"start":{"line":34,"column":67},"end":{"line":34,"column":87}},"15":{"start":{"line":35,"column":1},"end":{"line":35,"column":null}},"16":{"start":{"line":35,"column":45},"end":{"line":35,"column":61}},"17":{"start":{"line":39,"column":15},"end":{"line":39,"column":43}},"18":{"start":{"line":40,"column":1},"end":{"line":40,"column":null}},"19":{"start":{"line":40,"column":13},"end":{"line":40,"column":null}},"20":{"start":{"line":41,"column":40},"end":{"line":45,"column":3}},"21":{"start":{"line":46,"column":1},"end":{"line":46,"column":null}},"22":{"start":{"line":50,"column":1},"end":{"line":193,"column":null}},"23":{"start":{"line":52,"column":3},"end":{"line":52,"column":null}},"24":{"start":{"line":52,"column":29},"end":{"line":52,"column":null}},"25":{"start":{"line":53,"column":16},"end":{"line":53,"column":61}},"26":{"start":{"line":54,"column":3},"end":{"line":54,"column":null}},"27":{"start":{"line":54,"column":14},"end":{"line":54,"column":null}},"28":{"start":{"line":55,"column":3},"end":{"line":65,"column":null}},"29":{"start":{"line":69,"column":3},"end":{"line":69,"column":null}},"30":{"start":{"line":69,"column":29},"end":{"line":69,"column":null}},"31":{"start":{"line":70,"column":16},"end":{"line":70,"column":61}},"32":{"start":{"line":71,"column":3},"end":{"line":71,"column":null}},"33":{"start":{"line":71,"column":14},"end":{"line":71,"column":null}},"34":{"start":{"line":73,"column":30},"end":{"line":76,"column":20}},"35":{"start":{"line":78,"column":22},"end":{"line":78,"column":87}},"36":{"start":{"line":78,"column":58},"end":{"line":78,"column":87}},"37":{"start":{"line":79,"column":35},"end":{"line":79,"column":37}},"38":{"start":{"line":81,"column":3},"end":{"line":83,"column":null}},"39":{"start":{"line":82,"column":17},"end":{"line":82,"column":null}},"40":{"start":{"line":83,"column":4},"end":{"line":83,"column":null}},"41":{"start":{"line":85,"column":3},"end":{"line":87,"column":null}},"42":{"start":{"line":86,"column":17},"end":{"line":86,"column":null}},"43":{"start":{"line":87,"column":4},"end":{"line":87,"column":null}},"44":{"start":{"line":90,"column":3},"end":{"line":100,"column":null}},"45":{"start":{"line":106,"column":34},"end":{"line":106,"column":null}},"46":{"start":{"line":107,"column":3},"end":{"line":109,"column":null}},"47":{"start":{"line":108,"column":18},"end":{"line":108,"column":58}},"48":{"start":{"line":109,"column":4},"end":{"line":109,"column":null}},"49":{"start":{"line":111,"column":3},"end":{"line":111,"column":null}},"50":{"start":{"line":111,"column":19},"end":{"line":111,"column":null}},"51":{"start":{"line":113,"column":19},"end":{"line":113,"column":51}},"52":{"start":{"line":114,"column":3},"end":{"line":114,"column":null}},"53":{"start":{"line":114,"column":17},"end":{"line":114,"column":null}},"54":{"start":{"line":116,"column":21},"end":{"line":116,"column":89}},"55":{"start":{"line":117,"column":18},"end":{"line":121,"column":6}},"56":{"start":{"line":117,"column":40},"end":{"line":121,"column":6}},"57":{"start":{"line":123,"column":26},"end":{"line":124,"column":null}},"58":{"start":{"line":124,"column":22},"end":{"line":124,"column":76}},"59":{"start":{"line":126,"column":17},"end":{"line":126,"column":38}},"60":{"start":{"line":128,"column":27},"end":{"line":128,"column":81}},"61":{"start":{"line":128,"column":64},"end":{"line":128,"column":79}},"62":{"start":{"line":129,"column":26},"end":{"line":129,"column":79}},"63":{"start":{"line":129,"column":63},"end":{"line":129,"column":77}},"64":{"start":{"line":131,"column":35},"end":{"line":134,"column":5}},"65":{"start":{"line":136,"column":3},"end":{"line":146,"column":null}},"66":{"start":{"line":150,"column":20},"end":{"line":150,"column":90}},"67":{"start":{"line":151,"column":27},"end":{"line":151,"column":69}},"68":{"start":{"line":151,"column":58},"end":{"line":151,"column":67}},"69":{"start":{"line":153,"column":21},"end":{"line":153,"column":83}},"70":{"start":{"line":154,"column":3},"end":{"line":158,"column":null}},"71":{"start":{"line":155,"column":10},"end":{"line":156,"column":null}},"72":{"start":{"line":157,"column":4},"end":{"line":157,"column":null}},"73":{"start":{"line":160,"column":18},"end":{"line":163,"column":6}},"74":{"start":{"line":160,"column":40},"end":{"line":163,"column":6}},"75":{"start":{"line":166,"column":20},"end":{"line":166,"column":72}},"76":{"start":{"line":166,"column":46},"end":{"line":166,"column":70}},"77":{"start":{"line":167,"column":3},"end":{"line":169,"column":null}},"78":{"start":{"line":167,"column":16},"end":{"line":167,"column":19}},"79":{"start":{"line":168,"column":4},"end":{"line":168,"column":null}},"80":{"start":{"line":169,"column":4},"end":{"line":169,"column":null}},"81":{"start":{"line":172,"column":61},"end":{"line":177,"column":5}},"82":{"start":{"line":179,"column":3},"end":{"line":189,"column":null}},"83":{"start":{"line":193,"column":3},"end":{"line":193,"column":null}}},"fnMap":{"0":{"name":"emptyContext","decl":{"start":{"line":14,"column":9},"end":{"line":14,"column":22}},"loc":{"start":{"line":14,"column":56},"end":{"line":25,"column":null}},"line":14},"1":{"name":"fetchCharactersByIds","decl":{"start":{"line":28,"column":15},"end":{"line":28,"column":36}},"loc":{"start":{"line":28,"column":88},"end":{"line":30,"column":null}},"line":28},"2":{"name":"(anonymous_2)","decl":{"start":{"line":29,"column":55},"end":{"line":29,"column":60}},"loc":{"start":{"line":29,"column":67},"end":{"line":29,"column":88}},"line":29},"3":{"name":"(anonymous_3)","decl":{"start":{"line":30,"column":16},"end":{"line":30,"column":24}},"loc":{"start":{"line":30,"column":46},"end":{"line":30,"column":62}},"line":30},"4":{"name":"fetchLocationsByIds","decl":{"start":{"line":33,"column":15},"end":{"line":33,"column":35}},"loc":{"start":{"line":33,"column":86},"end":{"line":35,"column":null}},"line":33},"5":{"name":"(anonymous_5)","decl":{"start":{"line":34,"column":55},"end":{"line":34,"column":60}},"loc":{"start":{"line":34,"column":67},"end":{"line":34,"column":87}},"line":34},"6":{"name":"(anonymous_6)","decl":{"start":{"line":35,"column":16},"end":{"line":35,"column":24}},"loc":{"start":{"line":35,"column":45},"end":{"line":35,"column":61}},"line":35},"7":{"name":"buildSceneOnlyData","decl":{"start":{"line":38,"column":15},"end":{"line":38,"column":34}},"loc":{"start":{"line":38,"column":51},"end":{"line":46,"column":null}},"line":38},"8":{"name":"buildContext","decl":{"start":{"line":49,"column":22},"end":{"line":49,"column":35}},"loc":{"start":{"line":49,"column":88},"end":{"line":193,"column":null}},"line":49},"9":{"name":"(anonymous_9)","decl":{"start":{"line":78,"column":41},"end":{"line":78,"column":52}},"loc":{"start":{"line":78,"column":58},"end":{"line":78,"column":87}},"line":78},"10":{"name":"(anonymous_10)","decl":{"start":{"line":117,"column":28},"end":{"line":117,"column":33}},"loc":{"start":{"line":117,"column":40},"end":{"line":121,"column":6}},"line":117},"11":{"name":"(anonymous_11)","decl":{"start":{"line":124,"column":11},"end":{"line":124,"column":16}},"loc":{"start":{"line":124,"column":22},"end":{"line":124,"column":76}},"line":124},"12":{"name":"(anonymous_12)","decl":{"start":{"line":128,"column":49},"end":{"line":128,"column":58}},"loc":{"start":{"line":128,"column":64},"end":{"line":128,"column":79}},"line":128},"13":{"name":"(anonymous_13)","decl":{"start":{"line":129,"column":48},"end":{"line":129,"column":57}},"loc":{"start":{"line":129,"column":63},"end":{"line":129,"column":77}},"line":129},"14":{"name":"(anonymous_14)","decl":{"start":{"line":151,"column":44},"end":{"line":151,"column":49}},"loc":{"start":{"line":151,"column":58},"end":{"line":151,"column":67}},"line":151},"15":{"name":"(anonymous_15)","decl":{"start":{"line":154,"column":13},"end":{"line":154,"column":19}},"loc":{"start":{"line":154,"column":28},"end":{"line":158,"column":null}},"line":154},"16":{"name":"(anonymous_16)","decl":{"start":{"line":160,"column":28},"end":{"line":160,"column":33}},"loc":{"start":{"line":160,"column":40},"end":{"line":163,"column":6}},"line":160},"17":{"name":"(anonymous_17)","decl":{"start":{"line":166,"column":27},"end":{"line":166,"column":35}},"loc":{"start":{"line":166,"column":46},"end":{"line":166,"column":70}},"line":166}},"branchMap":{"0":{"loc":{"start":{"line":40,"column":1},"end":{"line":40,"column":null}},"type":"if","locations":[{"start":{"line":40,"column":1},"end":{"line":40,"column":null}},{"start":{},"end":{}}],"line":40},"1":{"loc":{"start":{"line":50,"column":1},"end":{"line":193,"column":null}},"type":"switch","locations":[{"start":{"line":51,"column":2},"end":{"line":65,"column":null}},{"start":{"line":68,"column":2},"end":{"line":100,"column":null}},{"start":{"line":103,"column":2},"end":{"line":103,"column":null}},{"start":{"line":104,"column":2},"end":{"line":146,"column":null}},{"start":{"line":149,"column":2},"end":{"line":189,"column":null}},{"start":{"line":192,"column":2},"end":{"line":193,"column":null}}],"line":50},"2":{"loc":{"start":{"line":52,"column":3},"end":{"line":52,"column":null}},"type":"if","locations":[{"start":{"line":52,"column":3},"end":{"line":52,"column":null}},{"start":{},"end":{}}],"line":52},"3":{"loc":{"start":{"line":54,"column":3},"end":{"line":54,"column":null}},"type":"if","locations":[{"start":{"line":54,"column":3},"end":{"line":54,"column":null}},{"start":{},"end":{}}],"line":54},"4":{"loc":{"start":{"line":69,"column":3},"end":{"line":69,"column":null}},"type":"if","locations":[{"start":{"line":69,"column":3},"end":{"line":69,"column":null}},{"start":{},"end":{}}],"line":69},"5":{"loc":{"start":{"line":71,"column":3},"end":{"line":71,"column":null}},"type":"if","locations":[{"start":{"line":71,"column":3},"end":{"line":71,"column":null}},{"start":{},"end":{}}],"line":71},"6":{"loc":{"start":{"line":81,"column":3},"end":{"line":83,"column":null}},"type":"if","locations":[{"start":{"line":81,"column":3},"end":{"line":83,"column":null}},{"start":{},"end":{}}],"line":81},"7":{"loc":{"start":{"line":85,"column":3},"end":{"line":87,"column":null}},"type":"if","locations":[{"start":{"line":85,"column":3},"end":{"line":87,"column":null}},{"start":{},"end":{}}],"line":85},"8":{"loc":{"start":{"line":85,"column":7},"end":{"line":85,"column":70}},"type":"binary-expr","locations":[{"start":{"line":85,"column":7},"end":{"line":85,"column":26}},{"start":{"line":85,"column":26},"end":{"line":85,"column":70}}],"line":85},"9":{"loc":{"start":{"line":107,"column":3},"end":{"line":109,"column":null}},"type":"if","locations":[{"start":{"line":107,"column":3},"end":{"line":109,"column":null}},{"start":{},"end":{}}],"line":107},"10":{"loc":{"start":{"line":109,"column":16},"end":{"line":109,"column":null}},"type":"cond-expr","locations":[{"start":{"line":109,"column":24},"end":{"line":109,"column":42}},{"start":{"line":109,"column":42},"end":{"line":109,"column":null}}],"line":109},"11":{"loc":{"start":{"line":111,"column":3},"end":{"line":111,"column":null}},"type":"if","locations":[{"start":{"line":111,"column":3},"end":{"line":111,"column":null}},{"start":{},"end":{}}],"line":111},"12":{"loc":{"start":{"line":114,"column":3},"end":{"line":114,"column":null}},"type":"if","locations":[{"start":{"line":114,"column":3},"end":{"line":114,"column":null}},{"start":{},"end":{}}],"line":114},"13":{"loc":{"start":{"line":120,"column":5},"end":{"line":120,"column":null}},"type":"cond-expr","locations":[{"start":{"line":120,"column":46},"end":{"line":120,"column":51}},{"start":{"line":120,"column":51},"end":{"line":120,"column":null}}],"line":120},"14":{"loc":{"start":{"line":156,"column":6},"end":{"line":156,"column":48}},"type":"binary-expr","locations":[{"start":{"line":156,"column":6},"end":{"line":156,"column":38}},{"start":{"line":156,"column":42},"end":{"line":156,"column":48}}],"line":156},"15":{"loc":{"start":{"line":156,"column":48},"end":{"line":156,"column":null}},"type":"binary-expr","locations":[{"start":{"line":156,"column":48},"end":{"line":156,"column":80}},{"start":{"line":156,"column":84},"end":{"line":156,"column":null}}],"line":156},"16":{"loc":{"start":{"line":157,"column":11},"end":{"line":157,"column":null}},"type":"cond-expr","locations":[{"start":{"line":157,"column":25},"end":{"line":157,"column":33}},{"start":{"line":157,"column":33},"end":{"line":157,"column":null}}],"line":157},"17":{"loc":{"start":{"line":167,"column":19},"end":{"line":167,"column":81}},"type":"binary-expr","locations":[{"start":{"line":167,"column":19},"end":{"line":167,"column":40}},{"start":{"line":167,"column":40},"end":{"line":167,"column":81}}],"line":167}},"s":{"0":0,"1":0,"2":0,"3":0,"4":0,"5":0,"6":0,"7":0,"8":0,"9":0,"10":0,"11":0,"12":0,"13":0,"14":0,"15":0,"16":0,"17":0,"18":0,"19":0,"20":0,"21":0,"22":0,"23":0,"24":0,"25":0,"26":0,"27":0,"28":0,"29":0,"30":0,"31":0,"32":0,"33":0,"34":0,"35":0,"36":0,"37":0,"38":0,"39":0,"40":0,"41":0,"42":0,"43":0,"44":0,"45":0,"46":0,"47":0,"48":0,"49":0,"50":0,"51":0,"52":0,"53":0,"54":0,"55":0,"56":0,"57":0,"58":0,"59":0,"60":0,"61":0,"62":0,"63":0,"64":0,"65":0,"66":0,"67":0,"68":0,"69":0,"70":0,"71":0,"72":0,"73":0,"74":0,"75":0,"76":0,"77":0,"78":0,"79":0,"80":0,"81":0,"82":0,"83":0},"f":{"0":0,"1":0,"2":0,"3":0,"4":0,"5":0,"6":0,"7":0,"8":0,"9":0,"10":0,"11":0,"12":0,"13":0,"14":0,"15":0,"16":0,"17":0},"b":{"0":[0,0],"1":[0,0,0,0,0,0],"2":[0,0],"3":[0,0],"4":[0,0],"5":[0,0],"6":[0,0],"7":[0,0],"8":[0,0],"9":[0,0],"10":[0,0],"11":[0,0],"12":[0,0],"13":[0,0],"14":[0,0],"15":[0,0],"16":[0,0],"17":[0,0]},"meta":{"lastBranch":18,"lastFunction":18,"lastStatement":84,"seen":{"s:5:23:5:Infinity":0,"s:6:22:6:Infinity":1,"s:7:33:7:Infinity":2,"s:8:32:8:Infinity":3,"s:9:35:9:Infinity":4,"s:10:35:10:Infinity":5,"s:11:31:11:Infinity":6,"s:12:30:12:Infinity":7,"f:14:9:14:22":0,"s:15:1:25:Infinity":8,"f:28:15:28:36":1,"s:29:17:29:90":9,"f:29:55:29:60":2,"s:29:67:29:88":10,"s:30:1:30:Infinity":11,"f:30:16:30:24":3,"s:30:46:30:62":12,"f:33:15:33:35":4,"s:34:17:34:89":13,"f:34:55:34:60":5,"s:34:67:34:87":14,"s:35:1:35:Infinity":15,"f:35:16:35:24":6,"s:35:45:35:61":16,"f:38:15:38:34":7,"s:39:15:39:43":17,"b:40:1:40:Infinity:undefined:undefined:undefined:undefined":0,"s:40:1:40:Infinity":18,"s:40:13:40:Infinity":19,"s:41:40:45:3":20,"s:46:1:46:Infinity":21,"f:49:22:49:35":8,"b:51:2:65:Infinity:68:2:100:Infinity:103:2:103:Infinity:104:2:146:Infinity:149:2:189:Infinity:192:2:193:Infinity":1,"s:50:1:193:Infinity":22,"b:52:3:52:Infinity:undefined:undefined:undefined:undefined":2,"s:52:3:52:Infinity":23,"s:52:29:52:Infinity":24,"s:53:16:53:61":25,"b:54:3:54:Infinity:undefined:undefined:undefined:undefined":3,"s:54:3:54:Infinity":26,"s:54:14:54:Infinity":27,"s:55:3:65:Infinity":28,"b:69:3:69:Infinity:undefined:undefined:undefined:undefined":4,"s:69:3:69:Infinity":29,"s:69:29:69:Infinity":30,"s:70:16:70:61":31,"b:71:3:71:Infinity:undefined:undefined:undefined:undefined":5,"s:71:3:71:Infinity":32,"s:71:14:71:Infinity":33,"s:73:30:76:20":34,"s:78:22:78:87":35,"f:78:41:78:52":9,"s:78:58:78:87":36,"s:79:35:79:37":37,"b:81:3:83:Infinity:undefined:undefined:undefined:undefined":6,"s:81:3:83:Infinity":38,"s:82:17:82:Infinity":39,"s:83:4:83:Infinity":40,"b:85:3:87:Infinity:undefined:undefined:undefined:undefined":7,"s:85:3:87:Infinity":41,"b:85:7:85:26:85:26:85:70":8,"s:86:17:86:Infinity":42,"s:87:4:87:Infinity":43,"s:90:3:100:Infinity":44,"s:106:34:106:Infinity":45,"b:107:3:109:Infinity:undefined:undefined:undefined:undefined":9,"s:107:3:109:Infinity":46,"s:108:18:108:58":47,"s:109:4:109:Infinity":48,"b:109:24:109:42:109:42:109:Infinity":10,"b:111:3:111:Infinity:undefined:undefined:undefined:undefined":11,"s:111:3:111:Infinity":49,"s:111:19:111:Infinity":50,"s:113:19:113:51":51,"b:114:3:114:Infinity:undefined:undefined:undefined:undefined":12,"s:114:3:114:Infinity":52,"s:114:17:114:Infinity":53,"s:116:21:116:89":54,"s:117:18:121:6":55,"f:117:28:117:33":10,"s:117:40:121:6":56,"b:120:46:120:51:120:51:120:Infinity":13,"s:123:26:124:Infinity":57,"f:124:11:124:16":11,"s:124:22:124:76":58,"s:126:17:126:38":59,"s:128:27:128:81":60,"f:128:49:128:58":12,"s:128:64:128:79":61,"s:129:26:129:79":62,"f:129:48:129:57":13,"s:129:63:129:77":63,"s:131:35:134:5":64,"s:136:3:146:Infinity":65,"s:150:20:150:90":66,"s:151:27:151:69":67,"f:151:44:151:49":14,"s:151:58:151:67":68,"s:153:21:153:83":69,"s:154:3:158:Infinity":70,"f:154:13:154:19":15,"s:155:10:156:Infinity":71,"b:156:6:156:38:156:42:156:48":14,"b:156:48:156:80:156:84:156:Infinity":15,"s:157:4:157:Infinity":72,"b:157:25:157:33:157:33:157:Infinity":16,"s:160:18:163:6":73,"f:160:28:160:33":16,"s:160:40:163:6":74,"s:166:20:166:72":75,"f:166:27:166:35":17,"s:166:46:166:70":76,"s:167:3:169:Infinity":77,"s:167:16:167:19":78,"b:167:19:167:40:167:40:167:81":17,"s:168:4:168:Infinity":79,"s:169:4:169:Infinity":80,"s:172:61:177:5":81,"s:179:3:189:Infinity":82,"s:193:3:193:Infinity":83}}}
,"/Users/gibdevlite/Dev/novellum/src/lib/ai/continuity-agent.ts": {"path":"/Users/gibdevlite/Dev/novellum/src/lib/ai/continuity-agent.ts","statementMap":{"0":{"start":{"line":23,"column":21},"end":{"line":23,"column":78}},"1":{"start":{"line":24,"column":26},"end":{"line":24,"column":55}},"2":{"start":{"line":26,"column":1},"end":{"line":49,"column":null}},"3":{"start":{"line":27,"column":20},"end":{"line":27,"column":40}},"4":{"start":{"line":28,"column":18},"end":{"line":28,"column":42}},"5":{"start":{"line":29,"column":2},"end":{"line":29,"column":null}},"6":{"start":{"line":29,"column":42},"end":{"line":29,"column":null}},"7":{"start":{"line":30,"column":26},"end":{"line":30,"column":75}},"8":{"start":{"line":31,"column":2},"end":{"line":31,"column":null}},"9":{"start":{"line":31,"column":30},"end":{"line":31,"column":null}},"10":{"start":{"line":32,"column":2},"end":{"line":47,"column":null}},"11":{"start":{"line":35,"column":5},"end":{"line":38,"column":null}},"12":{"start":{"line":40,"column":19},"end":{"line":47,"column":6}},"13":{"start":{"line":49,"column":2},"end":{"line":49,"column":null}},"14":{"start":{"line":64,"column":17},"end":{"line":64,"column":52}},"15":{"start":{"line":65,"column":7},"end":{"line":65,"column":42}},"16":{"start":{"line":67,"column":16},"end":{"line":67,"column":38}},"17":{"start":{"line":68,"column":18},"end":{"line":71,"column":3}},"18":{"start":{"line":73,"column":1},"end":{"line":73,"column":null}}},"fnMap":{"0":{"name":"parseConsistencyIssues","decl":{"start":{"line":20,"column":16},"end":{"line":20,"column":null}},"loc":{"start":{"line":22,"column":99},"end":{"line":49,"column":null}},"line":22},"1":{"name":"(anonymous_1)","decl":{"start":{"line":33,"column":4},"end":{"line":33,"column":null}},"loc":{"start":{"line":35,"column":5},"end":{"line":38,"column":null}},"line":35},"2":{"name":"(anonymous_2)","decl":{"start":{"line":40,"column":4},"end":{"line":40,"column":9}},"loc":{"start":{"line":40,"column":19},"end":{"line":47,"column":6}},"line":40},"3":{"name":"executeContinuityCheck","decl":{"start":{"line":58,"column":22},"end":{"line":58,"column":null}},"loc":{"start":{"line":63,"column":2},"end":{"line":73,"column":null}},"line":63}},"branchMap":{"0":{"loc":{"start":{"line":29,"column":2},"end":{"line":29,"column":null}},"type":"if","locations":[{"start":{"line":29,"column":2},"end":{"line":29,"column":null}},{"start":{},"end":{}}],"line":29},"1":{"loc":{"start":{"line":29,"column":6},"end":{"line":29,"column":42}},"type":"binary-expr","locations":[{"start":{"line":29,"column":6},"end":{"line":29,"column":26}},{"start":{"line":29,"column":26},"end":{"line":29,"column":42}}],"line":29},"2":{"loc":{"start":{"line":31,"column":2},"end":{"line":31,"column":null}},"type":"if","locations":[{"start":{"line":31,"column":2},"end":{"line":31,"column":null}},{"start":{},"end":{}}],"line":31},"3":{"loc":{"start":{"line":35,"column":5},"end":{"line":38,"column":null}},"type":"binary-expr","locations":[{"start":{"line":35,"column":5},"end":{"line":35,"column":null}},{"start":{"line":36,"column":5},"end":{"line":36,"column":null}},{"start":{"line":37,"column":5},"end":{"line":37,"column":null}},{"start":{"line":38,"column":5},"end":{"line":38,"column":null}}],"line":35},"4":{"loc":{"start":{"line":41,"column":10},"end":{"line":41,"column":null}},"type":"cond-expr","locations":[{"start":{"line":41,"column":40},"end":{"line":41,"column":81}},{"start":{"line":41,"column":81},"end":{"line":41,"column":null}}],"line":41},"5":{"loc":{"start":{"line":42,"column":14},"end":{"line":44,"column":null}},"type":"cond-expr","locations":[{"start":{"line":43,"column":8},"end":{"line":43,"column":null}},{"start":{"line":44,"column":7},"end":{"line":44,"column":null}}],"line":42},"6":{"loc":{"start":{"line":46,"column":15},"end":{"line":46,"column":null}},"type":"cond-expr","locations":[{"start":{"line":46,"column":47},"end":{"line":46,"column":64}},{"start":{"line":46,"column":64},"end":{"line":46,"column":null}}],"line":46}},"s":{"0":7,"1":7,"2":7,"3":7,"4":7,"5":7,"6":2,"7":5,"8":5,"9":0,"10":5,"11":5,"12":5,"13":0,"14":1,"15":1,"16":1,"17":1,"18":1},"f":{"0":7,"1":5,"2":5,"3":1},"b":{"0":[2,5],"1":[7,5],"2":[0,5],"3":[5,5,5,5],"4":[4,1],"5":[5,0],"6":[5,0]},"meta":{"lastBranch":7,"lastFunction":4,"lastStatement":19,"seen":{"f:20:16:20:Infinity":0,"s:23:21:23:78":0,"s:24:26:24:55":1,"s:26:1:49:Infinity":2,"s:27:20:27:40":3,"s:28:18:28:42":4,"b:29:2:29:Infinity:undefined:undefined:undefined:undefined":0,"s:29:2:29:Infinity":5,"b:29:6:29:26:29:26:29:42":1,"s:29:42:29:Infinity":6,"s:30:26:30:75":7,"b:31:2:31:Infinity:undefined:undefined:undefined:undefined":2,"s:31:2:31:Infinity":8,"s:31:30:31:Infinity":9,"s:32:2:47:Infinity":10,"f:33:4:33:Infinity":1,"s:35:5:38:Infinity":11,"b:35:5:35:Infinity:36:5:36:Infinity:37:5:37:Infinity:38:5:38:Infinity":3,"f:40:4:40:9":2,"s:40:19:47:6":12,"b:41:40:41:81:41:81:41:Infinity":4,"b:43:8:43:Infinity:44:7:44:Infinity":5,"b:46:47:46:64:46:64:46:Infinity":6,"s:49:2:49:Infinity":13,"f:58:22:58:Infinity":3,"s:64:17:64:52":14,"s:65:7:65:42":15,"s:67:16:67:38":16,"s:68:18:71:3":17,"s:73:1:73:Infinity":18}}}
,"/Users/gibdevlite/Dev/novellum/src/lib/ai/edit-agent.ts": {"path":"/Users/gibdevlite/Dev/novellum/src/lib/ai/edit-agent.ts","statementMap":{"0":{"start":{"line":17,"column":1},"end":{"line":43,"column":null}},"1":{"start":{"line":18,"column":20},"end":{"line":18,"column":40}},"2":{"start":{"line":19,"column":18},"end":{"line":19,"column":42}},"3":{"start":{"line":20,"column":2},"end":{"line":20,"column":null}},"4":{"start":{"line":20,"column":42},"end":{"line":20,"column":null}},"5":{"start":{"line":21,"column":26},"end":{"line":21,"column":75}},"6":{"start":{"line":22,"column":2},"end":{"line":22,"column":null}},"7":{"start":{"line":22,"column":30},"end":{"line":22,"column":null}},"8":{"start":{"line":23,"column":2},"end":{"line":41,"column":null}},"9":{"start":{"line":26,"column":5},"end":{"line":32,"column":null}},"10":{"start":{"line":34,"column":19},"end":{"line":41,"column":6}},"11":{"start":{"line":43,"column":2},"end":{"line":43,"column":null}},"12":{"start":{"line":57,"column":7},"end":{"line":57,"column":53}},"13":{"start":{"line":58,"column":39},"end":{"line":58,"column":41}},"14":{"start":{"line":60,"column":20},"end":{"line":60,"column":null}},"15":{"start":{"line":61,"column":30},"end":{"line":61,"column":null}},"16":{"start":{"line":62,"column":32},"end":{"line":62,"column":null}},"17":{"start":{"line":63,"column":21},"end":{"line":63,"column":null}},"18":{"start":{"line":64,"column":16},"end":{"line":64,"column":null}},"19":{"start":{"line":69,"column":1},"end":{"line":103,"column":null}},"20":{"start":{"line":69,"column":14},"end":{"line":69,"column":17}},"21":{"start":{"line":70,"column":17},"end":{"line":70,"column":null}},"22":{"start":{"line":72,"column":2},"end":{"line":98,"column":null}},"23":{"start":{"line":73,"column":3},"end":{"line":77,"column":null}},"24":{"start":{"line":74,"column":4},"end":{"line":74,"column":null}},"25":{"start":{"line":75,"column":4},"end":{"line":75,"column":null}},"26":{"start":{"line":76,"column":4},"end":{"line":76,"column":null}},"27":{"start":{"line":77,"column":4},"end":{"line":77,"column":null}},"28":{"start":{"line":80,"column":3},"end":{"line":81,"column":null}},"29":{"start":{"line":81,"column":4},"end":{"line":81,"column":null}},"30":{"start":{"line":83,"column":3},"end":{"line":84,"column":null}},"31":{"start":{"line":84,"column":4},"end":{"line":84,"column":null}},"32":{"start":{"line":88,"column":3},"end":{"line":98,"column":null}},"33":{"start":{"line":90,"column":4},"end":{"line":97,"column":null}},"34":{"start":{"line":98,"column":4},"end":{"line":98,"column":null}},"35":{"start":{"line":102,"column":2},"end":{"line":103,"column":null}},"36":{"start":{"line":103,"column":3},"end":{"line":103,"column":null}},"37":{"start":{"line":108,"column":1},"end":{"line":116,"column":null}},"38":{"start":{"line":109,"column":2},"end":{"line":116,"column":null}},"39":{"start":{"line":119,"column":1},"end":{"line":119,"column":null}}},"fnMap":{"0":{"name":"parseEditSuggestions","decl":{"start":{"line":16,"column":16},"end":{"line":16,"column":37}},"loc":{"start":{"line":16,"column":88},"end":{"line":43,"column":null}},"line":16},"1":{"name":"(anonymous_1)","decl":{"start":{"line":24,"column":4},"end":{"line":24,"column":null}},"loc":{"start":{"line":26,"column":5},"end":{"line":32,"column":null}},"line":26},"2":{"name":"(anonymous_2)","decl":{"start":{"line":34,"column":4},"end":{"line":34,"column":9}},"loc":{"start":{"line":34,"column":19},"end":{"line":41,"column":6}},"line":34},"3":{"name":"generateEditSuggestionsFromDiff","decl":{"start":{"line":51,"column":16},"end":{"line":51,"column":null}},"loc":{"start":{"line":56,"column":20},"end":{"line":119,"column":null}},"line":56}},"branchMap":{"0":{"loc":{"start":{"line":20,"column":2},"end":{"line":20,"column":null}},"type":"if","locations":[{"start":{"line":20,"column":2},"end":{"line":20,"column":null}},{"start":{},"end":{}}],"line":20},"1":{"loc":{"start":{"line":20,"column":6},"end":{"line":20,"column":42}},"type":"binary-expr","locations":[{"start":{"line":20,"column":6},"end":{"line":20,"column":26}},{"start":{"line":20,"column":26},"end":{"line":20,"column":42}}],"line":20},"2":{"loc":{"start":{"line":22,"column":2},"end":{"line":22,"column":null}},"type":"if","locations":[{"start":{"line":22,"column":2},"end":{"line":22,"column":null}},{"start":{},"end":{}}],"line":22},"3":{"loc":{"start":{"line":26,"column":5},"end":{"line":32,"column":null}},"type":"binary-expr","locations":[{"start":{"line":26,"column":5},"end":{"line":26,"column":null}},{"start":{"line":27,"column":5},"end":{"line":27,"column":null}},{"start":{"line":28,"column":5},"end":{"line":28,"column":null}},{"start":{"line":29,"column":5},"end":{"line":29,"column":null}},{"start":{"line":30,"column":5},"end":{"line":30,"column":null}},{"start":{"line":31,"column":5},"end":{"line":31,"column":null}},{"start":{"line":32,"column":5},"end":{"line":32,"column":null}}],"line":26},"4":{"loc":{"start":{"line":55,"column":1},"end":{"line":55,"column":null}},"type":"default-arg","locations":[{"start":{"line":55,"column":17},"end":{"line":55,"column":null}}],"line":55},"5":{"loc":{"start":{"line":72,"column":2},"end":{"line":98,"column":null}},"type":"if","locations":[{"start":{"line":72,"column":2},"end":{"line":98,"column":null}},{"start":{"line":86,"column":9},"end":{"line":98,"column":null}}],"line":72},"6":{"loc":{"start":{"line":72,"column":6},"end":{"line":72,"column":38}},"type":"binary-expr","locations":[{"start":{"line":72,"column":6},"end":{"line":72,"column":22}},{"start":{"line":72,"column":22},"end":{"line":72,"column":38}}],"line":72},"7":{"loc":{"start":{"line":73,"column":3},"end":{"line":77,"column":null}},"type":"if","locations":[{"start":{"line":73,"column":3},"end":{"line":77,"column":null}},{"start":{},"end":{}}],"line":73},"8":{"loc":{"start":{"line":80,"column":3},"end":{"line":81,"column":null}},"type":"if","locations":[{"start":{"line":80,"column":3},"end":{"line":81,"column":null}},{"start":{},"end":{}}],"line":80},"9":{"loc":{"start":{"line":83,"column":3},"end":{"line":84,"column":null}},"type":"if","locations":[{"start":{"line":83,"column":3},"end":{"line":84,"column":null}},{"start":{},"end":{}}],"line":83},"10":{"loc":{"start":{"line":88,"column":3},"end":{"line":98,"column":null}},"type":"if","locations":[{"start":{"line":88,"column":3},"end":{"line":98,"column":null}},{"start":{},"end":{}}],"line":88},"11":{"loc":{"start":{"line":102,"column":2},"end":{"line":103,"column":null}},"type":"if","locations":[{"start":{"line":102,"column":2},"end":{"line":103,"column":null}},{"start":{},"end":{}}],"line":102},"12":{"loc":{"start":{"line":108,"column":1},"end":{"line":116,"column":null}},"type":"if","locations":[{"start":{"line":108,"column":1},"end":{"line":116,"column":null}},{"start":{},"end":{}}],"line":108}},"s":{"0":6,"1":6,"2":6,"3":6,"4":2,"5":4,"6":4,"7":0,"8":4,"9":4,"10":3,"11":0,"12":4,"13":4,"14":4,"15":4,"16":4,"17":4,"18":4,"19":4,"20":4,"21":14,"22":14,"23":6,"24":4,"25":4,"26":4,"27":4,"28":6,"29":3,"30":6,"31":3,"32":8,"33":4,"34":4,"35":14,"36":11,"37":4,"38":0,"39":4},"f":{"0":6,"1":4,"2":3,"3":4},"b":{"0":[2,4],"1":[6,4],"2":[0,4],"3":[4,4,4,3,3,3,3],"4":[4],"5":[6,8],"6":[14,11],"7":[4,2],"8":[3,3],"9":[3,3],"10":[4,4],"11":[11,3],"12":[0,4]},"meta":{"lastBranch":13,"lastFunction":4,"lastStatement":40,"seen":{"f:16:16:16:37":0,"s:17:1:43:Infinity":0,"s:18:20:18:40":1,"s:19:18:19:42":2,"b:20:2:20:Infinity:undefined:undefined:undefined:undefined":0,"s:20:2:20:Infinity":3,"b:20:6:20:26:20:26:20:42":1,"s:20:42:20:Infinity":4,"s:21:26:21:75":5,"b:22:2:22:Infinity:undefined:undefined:undefined:undefined":2,"s:22:2:22:Infinity":6,"s:22:30:22:Infinity":7,"s:23:2:41:Infinity":8,"f:24:4:24:Infinity":1,"s:26:5:32:Infinity":9,"b:26:5:26:Infinity:27:5:27:Infinity:28:5:28:Infinity:29:5:29:Infinity:30:5:30:Infinity:31:5:31:Infinity:32:5:32:Infinity":3,"f:34:4:34:9":2,"s:34:19:41:6":10,"s:43:2:43:Infinity":11,"f:51:16:51:Infinity":3,"b:55:17:55:Infinity":4,"s:57:7:57:53":12,"s:58:39:58:41":13,"s:60:20:60:Infinity":14,"s:61:30:61:Infinity":15,"s:62:32:62:Infinity":16,"s:63:21:63:Infinity":17,"s:64:16:64:Infinity":18,"s:69:1:103:Infinity":19,"s:69:14:69:17":20,"s:70:17:70:Infinity":21,"b:72:2:98:Infinity:86:9:98:Infinity":5,"s:72:2:98:Infinity":22,"b:72:6:72:22:72:22:72:38":6,"b:73:3:77:Infinity:undefined:undefined:undefined:undefined":7,"s:73:3:77:Infinity":23,"s:74:4:74:Infinity":24,"s:75:4:75:Infinity":25,"s:76:4:76:Infinity":26,"s:77:4:77:Infinity":27,"b:80:3:81:Infinity:undefined:undefined:undefined:undefined":8,"s:80:3:81:Infinity":28,"s:81:4:81:Infinity":29,"b:83:3:84:Infinity:undefined:undefined:undefined:undefined":9,"s:83:3:84:Infinity":30,"s:84:4:84:Infinity":31,"b:88:3:98:Infinity:undefined:undefined:undefined:undefined":10,"s:88:3:98:Infinity":32,"s:90:4:97:Infinity":33,"s:98:4:98:Infinity":34,"b:102:2:103:Infinity:undefined:undefined:undefined:undefined":11,"s:102:2:103:Infinity":35,"s:103:3:103:Infinity":36,"b:108:1:116:Infinity:undefined:undefined:undefined:undefined":12,"s:108:1:116:Infinity":37,"s:109:2:116:Infinity":38,"s:119:1:119:Infinity":39}}}
,"/Users/gibdevlite/Dev/novellum/src/lib/ai/index.ts": {"path":"/Users/gibdevlite/Dev/novellum/src/lib/ai/index.ts","statementMap":{},"fnMap":{},"branchMap":{},"s":{},"f":{},"b":{},"meta":{"lastBranch":0,"lastFunction":0,"lastStatement":0,"seen":{}}}
,"/Users/gibdevlite/Dev/novellum/src/lib/ai/markdown.ts": {"path":"/Users/gibdevlite/Dev/novellum/src/lib/ai/markdown.ts","statementMap":{"0":{"start":{"line":4,"column":1},"end":{"line":9,"column":null}},"1":{"start":{"line":13,"column":12},"end":{"line":13,"column":26}},"2":{"start":{"line":16,"column":1},"end":{"line":18,"column":null}},"3":{"start":{"line":17,"column":2},"end":{"line":17,"column":null}},"4":{"start":{"line":21,"column":1},"end":{"line":21,"column":null}},"5":{"start":{"line":24,"column":1},"end":{"line":24,"column":null}},"6":{"start":{"line":27,"column":1},"end":{"line":27,"column":null}},"7":{"start":{"line":31,"column":20},"end":{"line":31,"column":41}},"8":{"start":{"line":32,"column":1},"end":{"line":37,"column":null}},"9":{"start":{"line":34,"column":2},"end":{"line":34,"column":null}},"10":{"start":{"line":34,"column":29},"end":{"line":34,"column":null}},"11":{"start":{"line":36,"column":2},"end":{"line":36,"column":null}},"12":{"start":{"line":39,"column":1},"end":{"line":39,"column":null}},"13":{"start":{"line":43,"column":1},"end":{"line":43,"column":null}}},"fnMap":{"0":{"name":"escapeHtml","decl":{"start":{"line":3,"column":16},"end":{"line":3,"column":27}},"loc":{"start":{"line":3,"column":51},"end":{"line":9,"column":null}},"line":3},"1":{"name":"parseMarkdown","decl":{"start":{"line":12,"column":16},"end":{"line":12,"column":30}},"loc":{"start":{"line":12,"column":50},"end":{"line":39,"column":null}},"line":12},"2":{"name":"(anonymous_2)","decl":{"start":{"line":16,"column":21},"end":{"line":16,"column":56}},"loc":{"start":{"line":16,"column":78},"end":{"line":18,"column":null}},"line":16},"3":{"name":"(anonymous_3)","decl":{"start":{"line":32,"column":19},"end":{"line":32,"column":23}},"loc":{"start":{"line":32,"column":28},"end":{"line":37,"column":4}},"line":32},"4":{"name":"safeHtml","decl":{"start":{"line":42,"column":16},"end":{"line":42,"column":25}},"loc":{"start":{"line":42,"column":46},"end":{"line":43,"column":null}},"line":42}},"branchMap":{"0":{"loc":{"start":{"line":34,"column":2},"end":{"line":34,"column":null}},"type":"if","locations":[{"start":{"line":34,"column":2},"end":{"line":34,"column":null}},{"start":{},"end":{}}],"line":34}},"s":{"0":11,"1":11,"2":11,"3":1,"4":11,"5":11,"6":11,"7":11,"8":11,"9":13,"10":1,"11":12,"12":11,"13":5},"f":{"0":11,"1":11,"2":1,"3":13,"4":5},"b":{"0":[1,12]},"meta":{"lastBranch":1,"lastFunction":5,"lastStatement":14,"seen":{"f:3:16:3:27":0,"s:4:1:9:Infinity":0,"f:12:16:12:30":1,"s:13:12:13:26":1,"s:16:1:18:Infinity":2,"f:16:21:16:56":2,"s:17:2:17:Infinity":3,"s:21:1:21:Infinity":4,"s:24:1:24:Infinity":5,"s:27:1:27:Infinity":6,"s:31:20:31:41":7,"s:32:1:37:Infinity":8,"f:32:19:32:23":3,"b:34:2:34:Infinity:undefined:undefined:undefined:undefined":0,"s:34:2:34:Infinity":9,"s:34:29:34:Infinity":10,"s:36:2:36:Infinity":11,"s:39:1:39:Infinity":12,"f:42:16:42:25":4,"s:43:1:43:Infinity":13}}}
,"/Users/gibdevlite/Dev/novellum/src/lib/ai/model-router.ts": {"path":"/Users/gibdevlite/Dev/novellum/src/lib/ai/model-router.ts","statementMap":{"0":{"start":{"line":4,"column":44},"end":{"line":14,"column":null}},"1":{"start":{"line":16,"column":22},"end":{"line":16,"column":null}},"2":{"start":{"line":19,"column":1},"end":{"line":19,"column":null}},"3":{"start":{"line":23,"column":1},"end":{"line":23,"column":null}}},"fnMap":{"0":{"name":"selectModel","decl":{"start":{"line":18,"column":16},"end":{"line":18,"column":28}},"loc":{"start":{"line":18,"column":56},"end":{"line":19,"column":null}},"line":18},"1":{"name":"overrideModel","decl":{"start":{"line":22,"column":16},"end":{"line":22,"column":30}},"loc":{"start":{"line":22,"column":71},"end":{"line":23,"column":null}},"line":22}},"branchMap":{"0":{"loc":{"start":{"line":19,"column":8},"end":{"line":19,"column":null}},"type":"binary-expr","locations":[{"start":{"line":19,"column":8},"end":{"line":19,"column":31}},{"start":{"line":19,"column":31},"end":{"line":19,"column":null}}],"line":19}},"s":{"0":1,"1":1,"2":1,"3":0},"f":{"0":1,"1":0},"b":{"0":[1,0]},"meta":{"lastBranch":1,"lastFunction":2,"lastStatement":4,"seen":{"s:4:44:14:Infinity":0,"s:16:22:16:Infinity":1,"f:18:16:18:28":0,"s:19:1:19:Infinity":2,"b:19:8:19:31:19:31:19:Infinity":0,"f:22:16:22:30":1,"s:23:1:23:Infinity":3}}}
,"/Users/gibdevlite/Dev/novellum/src/lib/ai/prompt-builder.ts": {"path":"/Users/gibdevlite/Dev/novellum/src/lib/ai/prompt-builder.ts","statementMap":{"0":{"start":{"line":3,"column":25},"end":{"line":3,"column":null}},"1":{"start":{"line":5,"column":54},"end":{"line":41,"column":null}},"2":{"start":{"line":44,"column":25},"end":{"line":44,"column":27}},"3":{"start":{"line":46,"column":1},"end":{"line":49,"column":null}},"4":{"start":{"line":47,"column":2},"end":{"line":47,"column":null}},"5":{"start":{"line":48,"column":2},"end":{"line":48,"column":null}},"6":{"start":{"line":48,"column":25},"end":{"line":48,"column":null}},"7":{"start":{"line":49,"column":2},"end":{"line":49,"column":null}},"8":{"start":{"line":49,"column":25},"end":{"line":49,"column":null}},"9":{"start":{"line":52,"column":1},"end":{"line":56,"column":null}},"10":{"start":{"line":53,"column":2},"end":{"line":56,"column":null}},"11":{"start":{"line":54,"column":3},"end":{"line":54,"column":null}},"12":{"start":{"line":55,"column":3},"end":{"line":55,"column":null}},"13":{"start":{"line":55,"column":18},"end":{"line":55,"column":null}},"14":{"start":{"line":59,"column":1},"end":{"line":61,"column":null}},"15":{"start":{"line":60,"column":2},"end":{"line":60,"column":null}},"16":{"start":{"line":61,"column":2},"end":{"line":61,"column":null}},"17":{"start":{"line":61,"column":27},"end":{"line":61,"column":null}},"18":{"start":{"line":64,"column":1},"end":{"line":66,"column":null}},"19":{"start":{"line":65,"column":2},"end":{"line":65,"column":null}},"20":{"start":{"line":66,"column":2},"end":{"line":66,"column":null}},"21":{"start":{"line":66,"column":27},"end":{"line":66,"column":77}},"22":{"start":{"line":69,"column":1},"end":{"line":71,"column":null}},"23":{"start":{"line":70,"column":2},"end":{"line":70,"column":null}},"24":{"start":{"line":71,"column":2},"end":{"line":71,"column":null}},"25":{"start":{"line":71,"column":32},"end":{"line":71,"column":93}},"26":{"start":{"line":74,"column":1},"end":{"line":76,"column":null}},"27":{"start":{"line":75,"column":2},"end":{"line":75,"column":null}},"28":{"start":{"line":76,"column":2},"end":{"line":76,"column":null}},"29":{"start":{"line":76,"column":31},"end":{"line":76,"column":74}},"30":{"start":{"line":79,"column":1},"end":{"line":81,"column":null}},"31":{"start":{"line":80,"column":2},"end":{"line":80,"column":null}},"32":{"start":{"line":81,"column":2},"end":{"line":81,"column":null}},"33":{"start":{"line":81,"column":33},"end":{"line":81,"column":89}},"34":{"start":{"line":84,"column":1},"end":{"line":86,"column":null}},"35":{"start":{"line":85,"column":2},"end":{"line":85,"column":null}},"36":{"start":{"line":86,"column":2},"end":{"line":86,"column":null}},"37":{"start":{"line":86,"column":33},"end":{"line":86,"column":91}},"38":{"start":{"line":89,"column":1},"end":{"line":94,"column":null}},"39":{"start":{"line":90,"column":2},"end":{"line":90,"column":null}},"40":{"start":{"line":91,"column":2},"end":{"line":94,"column":null}},"41":{"start":{"line":92,"column":3},"end":{"line":92,"column":null}},"42":{"start":{"line":93,"column":3},"end":{"line":93,"column":null}},"43":{"start":{"line":93,"column":23},"end":{"line":93,"column":null}},"44":{"start":{"line":97,"column":1},"end":{"line":100,"column":null}},"45":{"start":{"line":98,"column":23},"end":{"line":98,"column":null}},"46":{"start":{"line":98,"column":51},"end":{"line":98,"column":63}},"47":{"start":{"line":99,"column":2},"end":{"line":100,"column":null}},"48":{"start":{"line":100,"column":3},"end":{"line":100,"column":null}},"49":{"start":{"line":104,"column":1},"end":{"line":107,"column":null}},"50":{"start":{"line":105,"column":28},"end":{"line":105,"column":null}},"51":{"start":{"line":105,"column":59},"end":{"line":105,"column":71}},"52":{"start":{"line":106,"column":2},"end":{"line":107,"column":null}},"53":{"start":{"line":107,"column":3},"end":{"line":107,"column":null}},"54":{"start":{"line":111,"column":1},"end":{"line":111,"column":null}},"55":{"start":{"line":115,"column":50},"end":{"line":126,"column":null}},"56":{"start":{"line":128,"column":21},"end":{"line":134,"column":null}},"57":{"start":{"line":136,"column":52},"end":{"line":149,"column":null}},"58":{"start":{"line":151,"column":19},"end":{"line":151,"column":40}},"59":{"start":{"line":153,"column":21},"end":{"line":155,"column":null}},"60":{"start":{"line":158,"column":1},"end":{"line":159,"column":null}},"61":{"start":{"line":159,"column":2},"end":{"line":159,"column":null}},"62":{"start":{"line":162,"column":1},"end":{"line":166,"column":null}},"63":{"start":{"line":164,"column":44},"end":{"line":164,"column":53}},"64":{"start":{"line":168,"column":14},"end":{"line":168,"column":38}},"65":{"start":{"line":171,"column":1},"end":{"line":178,"column":null}},"66":{"start":{"line":172,"column":17},"end":{"line":172,"column":null}},"67":{"start":{"line":173,"column":2},"end":{"line":173,"column":null}},"68":{"start":{"line":174,"column":23},"end":{"line":174,"column":77}},"69":{"start":{"line":174,"column":50},"end":{"line":174,"column":76}},"70":{"start":{"line":175,"column":2},"end":{"line":176,"column":null}},"71":{"start":{"line":176,"column":3},"end":{"line":176,"column":null}},"72":{"start":{"line":178,"column":2},"end":{"line":178,"column":null}},"73":{"start":{"line":181,"column":1},"end":{"line":181,"column":null}}},"fnMap":{"0":{"name":"serializeContext","decl":{"start":{"line":43,"column":9},"end":{"line":43,"column":26}},"loc":{"start":{"line":43,"column":50},"end":{"line":111,"column":null}},"line":43},"1":{"name":"(anonymous_1)","decl":{"start":{"line":53,"column":21},"end":{"line":53,"column":30}},"loc":{"start":{"line":53,"column":39},"end":{"line":56,"column":null}},"line":53},"2":{"name":"(anonymous_2)","decl":{"start":{"line":66,"column":12},"end":{"line":66,"column":21}},"loc":{"start":{"line":66,"column":27},"end":{"line":66,"column":77}},"line":66},"3":{"name":"(anonymous_3)","decl":{"start":{"line":71,"column":17},"end":{"line":71,"column":26}},"loc":{"start":{"line":71,"column":32},"end":{"line":71,"column":93}},"line":71},"4":{"name":"(anonymous_4)","decl":{"start":{"line":76,"column":16},"end":{"line":76,"column":25}},"loc":{"start":{"line":76,"column":31},"end":{"line":76,"column":74}},"line":76},"5":{"name":"(anonymous_5)","decl":{"start":{"line":81,"column":18},"end":{"line":81,"column":27}},"loc":{"start":{"line":81,"column":33},"end":{"line":81,"column":89}},"line":81},"6":{"name":"(anonymous_6)","decl":{"start":{"line":86,"column":18},"end":{"line":86,"column":27}},"loc":{"start":{"line":86,"column":33},"end":{"line":86,"column":91}},"line":86},"7":{"name":"(anonymous_7)","decl":{"start":{"line":91,"column":20},"end":{"line":91,"column":29}},"loc":{"start":{"line":91,"column":36},"end":{"line":94,"column":null}},"line":91},"8":{"name":"(anonymous_8)","decl":{"start":{"line":98,"column":41},"end":{"line":98,"column":46}},"loc":{"start":{"line":98,"column":51},"end":{"line":98,"column":63}},"line":98},"9":{"name":"(anonymous_9)","decl":{"start":{"line":105,"column":49},"end":{"line":105,"column":54}},"loc":{"start":{"line":105,"column":59},"end":{"line":105,"column":71}},"line":105},"10":{"name":"buildPrompt","decl":{"start":{"line":114,"column":16},"end":{"line":114,"column":28}},"loc":{"start":{"line":114,"column":66},"end":{"line":181,"column":null}},"line":114},"11":{"name":"(anonymous_11)","decl":{"start":{"line":164,"column":33},"end":{"line":164,"column":38}},"loc":{"start":{"line":164,"column":44},"end":{"line":164,"column":53}},"line":164},"12":{"name":"(anonymous_12)","decl":{"start":{"line":174,"column":35},"end":{"line":174,"column":45}},"loc":{"start":{"line":174,"column":50},"end":{"line":174,"column":76}},"line":174}},"branchMap":{"0":{"loc":{"start":{"line":46,"column":1},"end":{"line":49,"column":null}},"type":"if","locations":[{"start":{"line":46,"column":1},"end":{"line":49,"column":null}},{"start":{},"end":{}}],"line":46},"1":{"loc":{"start":{"line":48,"column":2},"end":{"line":48,"column":null}},"type":"if","locations":[{"start":{"line":48,"column":2},"end":{"line":48,"column":null}},{"start":{},"end":{}}],"line":48},"2":{"loc":{"start":{"line":49,"column":2},"end":{"line":49,"column":null}},"type":"if","locations":[{"start":{"line":49,"column":2},"end":{"line":49,"column":null}},{"start":{},"end":{}}],"line":49},"3":{"loc":{"start":{"line":52,"column":1},"end":{"line":56,"column":null}},"type":"if","locations":[{"start":{"line":52,"column":1},"end":{"line":56,"column":null}},{"start":{},"end":{}}],"line":52},"4":{"loc":{"start":{"line":55,"column":3},"end":{"line":55,"column":null}},"type":"if","locations":[{"start":{"line":55,"column":3},"end":{"line":55,"column":null}},{"start":{},"end":{}}],"line":55},"5":{"loc":{"start":{"line":59,"column":1},"end":{"line":61,"column":null}},"type":"if","locations":[{"start":{"line":59,"column":1},"end":{"line":61,"column":null}},{"start":{},"end":{}}],"line":59},"6":{"loc":{"start":{"line":61,"column":2},"end":{"line":61,"column":null}},"type":"if","locations":[{"start":{"line":61,"column":2},"end":{"line":61,"column":null}},{"start":{},"end":{}}],"line":61},"7":{"loc":{"start":{"line":64,"column":1},"end":{"line":66,"column":null}},"type":"if","locations":[{"start":{"line":64,"column":1},"end":{"line":66,"column":null}},{"start":{},"end":{}}],"line":64},"8":{"loc":{"start":{"line":69,"column":1},"end":{"line":71,"column":null}},"type":"if","locations":[{"start":{"line":69,"column":1},"end":{"line":71,"column":null}},{"start":{},"end":{}}],"line":69},"9":{"loc":{"start":{"line":74,"column":1},"end":{"line":76,"column":null}},"type":"if","locations":[{"start":{"line":74,"column":1},"end":{"line":76,"column":null}},{"start":{},"end":{}}],"line":74},"10":{"loc":{"start":{"line":79,"column":1},"end":{"line":81,"column":null}},"type":"if","locations":[{"start":{"line":79,"column":1},"end":{"line":81,"column":null}},{"start":{},"end":{}}],"line":79},"11":{"loc":{"start":{"line":84,"column":1},"end":{"line":86,"column":null}},"type":"if","locations":[{"start":{"line":84,"column":1},"end":{"line":86,"column":null}},{"start":{},"end":{}}],"line":84},"12":{"loc":{"start":{"line":89,"column":1},"end":{"line":94,"column":null}},"type":"if","locations":[{"start":{"line":89,"column":1},"end":{"line":94,"column":null}},{"start":{},"end":{}}],"line":89},"13":{"loc":{"start":{"line":89,"column":5},"end":{"line":89,"column":56}},"type":"binary-expr","locations":[{"start":{"line":89,"column":5},"end":{"line":89,"column":26}},{"start":{"line":89,"column":26},"end":{"line":89,"column":56}}],"line":89},"14":{"loc":{"start":{"line":93,"column":3},"end":{"line":93,"column":null}},"type":"if","locations":[{"start":{"line":93,"column":3},"end":{"line":93,"column":null}},{"start":{},"end":{}}],"line":93},"15":{"loc":{"start":{"line":97,"column":1},"end":{"line":100,"column":null}},"type":"if","locations":[{"start":{"line":97,"column":1},"end":{"line":100,"column":null}},{"start":{},"end":{}}],"line":97},"16":{"loc":{"start":{"line":97,"column":5},"end":{"line":97,"column":56}},"type":"binary-expr","locations":[{"start":{"line":97,"column":5},"end":{"line":97,"column":26}},{"start":{"line":97,"column":26},"end":{"line":97,"column":56}}],"line":97},"17":{"loc":{"start":{"line":98,"column":23},"end":{"line":98,"column":null}},"type":"binary-expr","locations":[{"start":{"line":98,"column":23},"end":{"line":98,"column":63}},{"start":{"line":98,"column":67},"end":{"line":98,"column":null}}],"line":98},"18":{"loc":{"start":{"line":99,"column":2},"end":{"line":100,"column":null}},"type":"if","locations":[{"start":{"line":99,"column":2},"end":{"line":100,"column":null}},{"start":{},"end":{}}],"line":99},"19":{"loc":{"start":{"line":104,"column":1},"end":{"line":107,"column":null}},"type":"if","locations":[{"start":{"line":104,"column":1},"end":{"line":107,"column":null}},{"start":{},"end":{}}],"line":104},"20":{"loc":{"start":{"line":104,"column":5},"end":{"line":104,"column":62}},"type":"binary-expr","locations":[{"start":{"line":104,"column":5},"end":{"line":104,"column":29}},{"start":{"line":104,"column":29},"end":{"line":104,"column":62}}],"line":104},"21":{"loc":{"start":{"line":105,"column":28},"end":{"line":105,"column":null}},"type":"binary-expr","locations":[{"start":{"line":105,"column":28},"end":{"line":105,"column":71}},{"start":{"line":105,"column":75},"end":{"line":105,"column":null}}],"line":105},"22":{"loc":{"start":{"line":106,"column":2},"end":{"line":107,"column":null}},"type":"if","locations":[{"start":{"line":106,"column":2},"end":{"line":107,"column":null}},{"start":{},"end":{}}],"line":106},"23":{"loc":{"start":{"line":133,"column":6},"end":{"line":133,"column":null}},"type":"binary-expr","locations":[{"start":{"line":133,"column":6},"end":{"line":133,"column":44}},{"start":{"line":133,"column":44},"end":{"line":133,"column":null}}],"line":133},"24":{"loc":{"start":{"line":155,"column":14},"end":{"line":155,"column":null}},"type":"binary-expr","locations":[{"start":{"line":155,"column":14},"end":{"line":155,"column":49}},{"start":{"line":155,"column":49},"end":{"line":155,"column":null}}],"line":155},"25":{"loc":{"start":{"line":158,"column":1},"end":{"line":159,"column":null}},"type":"if","locations":[{"start":{"line":158,"column":1},"end":{"line":159,"column":null}},{"start":{},"end":{}}],"line":158},"26":{"loc":{"start":{"line":165,"column":23},"end":{"line":165,"column":null}},"type":"binary-expr","locations":[{"start":{"line":165,"column":23},"end":{"line":165,"column":64}},{"start":{"line":165,"column":64},"end":{"line":165,"column":null}}],"line":165},"27":{"loc":{"start":{"line":171,"column":1},"end":{"line":178,"column":null}},"type":"if","locations":[{"start":{"line":171,"column":1},"end":{"line":178,"column":null}},{"start":{},"end":{}}],"line":171},"28":{"loc":{"start":{"line":175,"column":2},"end":{"line":176,"column":null}},"type":"if","locations":[{"start":{"line":175,"column":2},"end":{"line":176,"column":null}},{"start":{},"end":{}}],"line":175}},"s":{"0":6,"1":6,"2":16,"3":16,"4":10,"5":10,"6":4,"7":10,"8":10,"9":16,"10":0,"11":0,"12":0,"13":0,"14":16,"15":0,"16":0,"17":0,"18":16,"19":0,"20":0,"21":0,"22":16,"23":4,"24":4,"25":4,"26":16,"27":4,"28":4,"29":4,"30":16,"31":4,"32":4,"33":4,"34":16,"35":4,"36":4,"37":4,"38":16,"39":1,"40":1,"41":1,"42":1,"43":1,"44":16,"45":1,"46":2,"47":1,"48":1,"49":16,"50":1,"51":1,"52":1,"53":1,"54":16,"55":16,"56":16,"57":16,"58":16,"59":16,"60":16,"61":1,"62":16,"63":108,"64":16,"65":16,"66":1,"67":1,"68":1,"69":3,"70":1,"71":1,"72":1,"73":16},"f":{"0":16,"1":0,"2":0,"3":4,"4":4,"5":4,"6":4,"7":1,"8":2,"9":1,"10":16,"11":108,"12":3},"b":{"0":[10,6],"1":[4,6],"2":[10,0],"3":[0,16],"4":[0,0],"5":[0,16],"6":[0,0],"7":[0,16],"8":[4,12],"9":[4,12],"10":[4,12],"11":[4,12],"12":[1,15],"13":[16,1],"14":[1,0],"15":[1,15],"16":[16,1],"17":[1,0],"18":[1,0],"19":[1,15],"20":[16,1],"21":[1,0],"22":[1,0],"23":[16,0],"24":[16,0],"25":[1,15],"26":[16,0],"27":[1,15],"28":[1,0]},"meta":{"lastBranch":29,"lastFunction":13,"lastStatement":74,"seen":{"s:3:25:3:Infinity":0,"s:5:54:41:Infinity":1,"f:43:9:43:26":0,"s:44:25:44:27":2,"b:46:1:49:Infinity:undefined:undefined:undefined:undefined":0,"s:46:1:49:Infinity":3,"s:47:2:47:Infinity":4,"b:48:2:48:Infinity:undefined:undefined:undefined:undefined":1,"s:48:2:48:Infinity":5,"s:48:25:48:Infinity":6,"b:49:2:49:Infinity:undefined:undefined:undefined:undefined":2,"s:49:2:49:Infinity":7,"s:49:25:49:Infinity":8,"b:52:1:56:Infinity:undefined:undefined:undefined:undefined":3,"s:52:1:56:Infinity":9,"s:53:2:56:Infinity":10,"f:53:21:53:30":1,"s:54:3:54:Infinity":11,"b:55:3:55:Infinity:undefined:undefined:undefined:undefined":4,"s:55:3:55:Infinity":12,"s:55:18:55:Infinity":13,"b:59:1:61:Infinity:undefined:undefined:undefined:undefined":5,"s:59:1:61:Infinity":14,"s:60:2:60:Infinity":15,"b:61:2:61:Infinity:undefined:undefined:undefined:undefined":6,"s:61:2:61:Infinity":16,"s:61:27:61:Infinity":17,"b:64:1:66:Infinity:undefined:undefined:undefined:undefined":7,"s:64:1:66:Infinity":18,"s:65:2:65:Infinity":19,"s:66:2:66:Infinity":20,"f:66:12:66:21":2,"s:66:27:66:77":21,"b:69:1:71:Infinity:undefined:undefined:undefined:undefined":8,"s:69:1:71:Infinity":22,"s:70:2:70:Infinity":23,"s:71:2:71:Infinity":24,"f:71:17:71:26":3,"s:71:32:71:93":25,"b:74:1:76:Infinity:undefined:undefined:undefined:undefined":9,"s:74:1:76:Infinity":26,"s:75:2:75:Infinity":27,"s:76:2:76:Infinity":28,"f:76:16:76:25":4,"s:76:31:76:74":29,"b:79:1:81:Infinity:undefined:undefined:undefined:undefined":10,"s:79:1:81:Infinity":30,"s:80:2:80:Infinity":31,"s:81:2:81:Infinity":32,"f:81:18:81:27":5,"s:81:33:81:89":33,"b:84:1:86:Infinity:undefined:undefined:undefined:undefined":11,"s:84:1:86:Infinity":34,"s:85:2:85:Infinity":35,"s:86:2:86:Infinity":36,"f:86:18:86:27":6,"s:86:33:86:91":37,"b:89:1:94:Infinity:undefined:undefined:undefined:undefined":12,"s:89:1:94:Infinity":38,"b:89:5:89:26:89:26:89:56":13,"s:90:2:90:Infinity":39,"s:91:2:94:Infinity":40,"f:91:20:91:29":7,"s:92:3:92:Infinity":41,"b:93:3:93:Infinity:undefined:undefined:undefined:undefined":14,"s:93:3:93:Infinity":42,"s:93:23:93:Infinity":43,"b:97:1:100:Infinity:undefined:undefined:undefined:undefined":15,"s:97:1:100:Infinity":44,"b:97:5:97:26:97:26:97:56":16,"s:98:23:98:Infinity":45,"b:98:23:98:63:98:67:98:Infinity":17,"f:98:41:98:46":8,"s:98:51:98:63":46,"b:99:2:100:Infinity:undefined:undefined:undefined:undefined":18,"s:99:2:100:Infinity":47,"s:100:3:100:Infinity":48,"b:104:1:107:Infinity:undefined:undefined:undefined:undefined":19,"s:104:1:107:Infinity":49,"b:104:5:104:29:104:29:104:62":20,"s:105:28:105:Infinity":50,"b:105:28:105:71:105:75:105:Infinity":21,"f:105:49:105:54":9,"s:105:59:105:71":51,"b:106:2:107:Infinity:undefined:undefined:undefined:undefined":22,"s:106:2:107:Infinity":52,"s:107:3:107:Infinity":53,"s:111:1:111:Infinity":54,"f:114:16:114:28":10,"s:115:50:126:Infinity":55,"s:128:21:134:Infinity":56,"b:133:6:133:44:133:44:133:Infinity":23,"s:136:52:149:Infinity":57,"s:151:19:151:40":58,"s:153:21:155:Infinity":59,"b:155:14:155:49:155:49:155:Infinity":24,"b:158:1:159:Infinity:undefined:undefined:undefined:undefined":25,"s:158:1:159:Infinity":60,"s:159:2:159:Infinity":61,"s:162:1:166:Infinity":62,"f:164:33:164:38":11,"s:164:44:164:53":63,"b:165:23:165:64:165:64:165:Infinity":26,"s:168:14:168:38":64,"b:171:1:178:Infinity:undefined:undefined:undefined:undefined":27,"s:171:1:178:Infinity":65,"s:172:17:172:Infinity":66,"s:173:2:173:Infinity":67,"s:174:23:174:77":68,"f:174:35:174:45":12,"s:174:50:174:76":69,"b:175:2:176:Infinity:undefined:undefined:undefined:undefined":28,"s:175:2:176:Infinity":70,"s:176:3:176:Infinity":71,"s:178:2:178:Infinity":72,"s:181:1:181:Infinity":73}}}
,"/Users/gibdevlite/Dev/novellum/src/lib/ai/rewrite-agent.ts": {"path":"/Users/gibdevlite/Dev/novellum/src/lib/ai/rewrite-agent.ts","statementMap":{"0":{"start":{"line":16,"column":1},"end":{"line":43,"column":null}},"1":{"start":{"line":17,"column":20},"end":{"line":17,"column":40}},"2":{"start":{"line":18,"column":18},"end":{"line":18,"column":42}},"3":{"start":{"line":19,"column":2},"end":{"line":20,"column":null}},"4":{"start":{"line":20,"column":3},"end":{"line":20,"column":null}},"5":{"start":{"line":22,"column":26},"end":{"line":22,"column":75}},"6":{"start":{"line":23,"column":2},"end":{"line":24,"column":null}},"7":{"start":{"line":24,"column":3},"end":{"line":24,"column":null}},"8":{"start":{"line":26,"column":35},"end":{"line":37,"column":6}},"9":{"start":{"line":29,"column":5},"end":{"line":32,"column":null}},"10":{"start":{"line":34,"column":19},"end":{"line":37,"column":6}},"11":{"start":{"line":38,"column":2},"end":{"line":39,"column":null}},"12":{"start":{"line":39,"column":3},"end":{"line":39,"column":null}},"13":{"start":{"line":41,"column":2},"end":{"line":41,"column":null}},"14":{"start":{"line":43,"column":2},"end":{"line":43,"column":null}}},"fnMap":{"0":{"name":"parseRewriteOptions","decl":{"start":{"line":12,"column":16},"end":{"line":12,"column":36}},"loc":{"start":{"line":15,"column":2},"end":{"line":43,"column":null}},"line":15},"1":{"name":"(anonymous_1)","decl":{"start":{"line":27,"column":4},"end":{"line":27,"column":null}},"loc":{"start":{"line":29,"column":5},"end":{"line":32,"column":null}},"line":29},"2":{"name":"(anonymous_2)","decl":{"start":{"line":34,"column":4},"end":{"line":34,"column":9}},"loc":{"start":{"line":34,"column":19},"end":{"line":37,"column":6}},"line":34}},"branchMap":{"0":{"loc":{"start":{"line":19,"column":2},"end":{"line":20,"column":null}},"type":"if","locations":[{"start":{"line":19,"column":2},"end":{"line":20,"column":null}},{"start":{},"end":{}}],"line":19},"1":{"loc":{"start":{"line":19,"column":6},"end":{"line":19,"column":42}},"type":"binary-expr","locations":[{"start":{"line":19,"column":6},"end":{"line":19,"column":26}},{"start":{"line":19,"column":26},"end":{"line":19,"column":42}}],"line":19},"2":{"loc":{"start":{"line":23,"column":2},"end":{"line":24,"column":null}},"type":"if","locations":[{"start":{"line":23,"column":2},"end":{"line":24,"column":null}},{"start":{},"end":{}}],"line":23},"3":{"loc":{"start":{"line":29,"column":5},"end":{"line":32,"column":null}},"type":"binary-expr","locations":[{"start":{"line":29,"column":5},"end":{"line":29,"column":null}},{"start":{"line":30,"column":5},"end":{"line":30,"column":null}},{"start":{"line":31,"column":5},"end":{"line":31,"column":null}},{"start":{"line":32,"column":5},"end":{"line":32,"column":null}}],"line":29},"4":{"loc":{"start":{"line":38,"column":2},"end":{"line":39,"column":null}},"type":"if","locations":[{"start":{"line":38,"column":2},"end":{"line":39,"column":null}},{"start":{},"end":{}}],"line":38}},"s":{"0":4,"1":4,"2":4,"3":4,"4":2,"5":2,"6":2,"7":0,"8":2,"9":5,"10":5,"11":2,"12":1,"13":1,"14":0},"f":{"0":4,"1":5,"2":5},"b":{"0":[2,2],"1":[4,2],"2":[0,2],"3":[5,5,5,5],"4":[1,1]},"meta":{"lastBranch":5,"lastFunction":3,"lastStatement":15,"seen":{"f:12:16:12:36":0,"s:16:1:43:Infinity":0,"s:17:20:17:40":1,"s:18:18:18:42":2,"b:19:2:20:Infinity:undefined:undefined:undefined:undefined":0,"s:19:2:20:Infinity":3,"b:19:6:19:26:19:26:19:42":1,"s:20:3:20:Infinity":4,"s:22:26:22:75":5,"b:23:2:24:Infinity:undefined:undefined:undefined:undefined":2,"s:23:2:24:Infinity":6,"s:24:3:24:Infinity":7,"s:26:35:37:6":8,"f:27:4:27:Infinity":1,"s:29:5:32:Infinity":9,"b:29:5:29:Infinity:30:5:30:Infinity:31:5:31:Infinity:32:5:32:Infinity":3,"f:34:4:34:9":2,"s:34:19:37:6":10,"b:38:2:39:Infinity:undefined:undefined:undefined:undefined":4,"s:38:2:39:Infinity":11,"s:39:3:39:Infinity":12,"s:41:2:41:Infinity":13,"s:43:2:43:Infinity":14}}}
,"/Users/gibdevlite/Dev/novellum/src/lib/ai/style-agent.ts": {"path":"/Users/gibdevlite/Dev/novellum/src/lib/ai/style-agent.ts","statementMap":{"0":{"start":{"line":16,"column":1},"end":{"line":42,"column":null}},"1":{"start":{"line":17,"column":20},"end":{"line":17,"column":40}},"2":{"start":{"line":18,"column":18},"end":{"line":18,"column":42}},"3":{"start":{"line":19,"column":2},"end":{"line":19,"column":null}},"4":{"start":{"line":19,"column":42},"end":{"line":19,"column":null}},"5":{"start":{"line":20,"column":26},"end":{"line":20,"column":75}},"6":{"start":{"line":21,"column":2},"end":{"line":21,"column":null}},"7":{"start":{"line":21,"column":30},"end":{"line":21,"column":null}},"8":{"start":{"line":22,"column":2},"end":{"line":40,"column":null}},"9":{"start":{"line":25,"column":5},"end":{"line":31,"column":null}},"10":{"start":{"line":33,"column":19},"end":{"line":40,"column":6}},"11":{"start":{"line":42,"column":2},"end":{"line":42,"column":null}}},"fnMap":{"0":{"name":"parseStyleDeviations","decl":{"start":{"line":15,"column":16},"end":{"line":15,"column":37}},"loc":{"start":{"line":15,"column":90},"end":{"line":42,"column":null}},"line":15},"1":{"name":"(anonymous_1)","decl":{"start":{"line":23,"column":4},"end":{"line":23,"column":null}},"loc":{"start":{"line":25,"column":5},"end":{"line":31,"column":null}},"line":25},"2":{"name":"(anonymous_2)","decl":{"start":{"line":33,"column":4},"end":{"line":33,"column":9}},"loc":{"start":{"line":33,"column":19},"end":{"line":40,"column":6}},"line":33}},"branchMap":{"0":{"loc":{"start":{"line":19,"column":2},"end":{"line":19,"column":null}},"type":"if","locations":[{"start":{"line":19,"column":2},"end":{"line":19,"column":null}},{"start":{},"end":{}}],"line":19},"1":{"loc":{"start":{"line":19,"column":6},"end":{"line":19,"column":42}},"type":"binary-expr","locations":[{"start":{"line":19,"column":6},"end":{"line":19,"column":26}},{"start":{"line":19,"column":26},"end":{"line":19,"column":42}}],"line":19},"2":{"loc":{"start":{"line":21,"column":2},"end":{"line":21,"column":null}},"type":"if","locations":[{"start":{"line":21,"column":2},"end":{"line":21,"column":null}},{"start":{},"end":{}}],"line":21},"3":{"loc":{"start":{"line":25,"column":5},"end":{"line":31,"column":null}},"type":"binary-expr","locations":[{"start":{"line":25,"column":5},"end":{"line":25,"column":null}},{"start":{"line":26,"column":5},"end":{"line":26,"column":null}},{"start":{"line":27,"column":5},"end":{"line":27,"column":null}},{"start":{"line":28,"column":5},"end":{"line":28,"column":null}},{"start":{"line":29,"column":5},"end":{"line":29,"column":null}},{"start":{"line":30,"column":5},"end":{"line":30,"column":null}},{"start":{"line":31,"column":5},"end":{"line":31,"column":null}}],"line":25}},"s":{"0":4,"1":4,"2":4,"3":4,"4":1,"5":3,"6":3,"7":0,"8":3,"9":2,"10":2,"11":0},"f":{"0":4,"1":2,"2":2},"b":{"0":[1,3],"1":[4,3],"2":[0,3],"3":[2,2,2,2,2,2,2]},"meta":{"lastBranch":4,"lastFunction":3,"lastStatement":12,"seen":{"f:15:16:15:37":0,"s:16:1:42:Infinity":0,"s:17:20:17:40":1,"s:18:18:18:42":2,"b:19:2:19:Infinity:undefined:undefined:undefined:undefined":0,"s:19:2:19:Infinity":3,"b:19:6:19:26:19:26:19:42":1,"s:19:42:19:Infinity":4,"s:20:26:20:75":5,"b:21:2:21:Infinity:undefined:undefined:undefined:undefined":2,"s:21:2:21:Infinity":6,"s:21:30:21:Infinity":7,"s:22:2:40:Infinity":8,"f:23:4:23:Infinity":1,"s:25:5:31:Infinity":9,"b:25:5:25:Infinity:26:5:26:Infinity:27:5:27:Infinity:28:5:28:Infinity:29:5:29:Infinity:30:5:30:Infinity:31:5:31:Infinity":3,"f:33:4:33:9":2,"s:33:19:40:6":10,"s:42:2:42:Infinity":11}}}
,"/Users/gibdevlite/Dev/novellum/src/lib/ai/style-presets.ts": {"path":"/Users/gibdevlite/Dev/novellum/src/lib/ai/style-presets.ts","statementMap":{"0":{"start":{"line":3,"column":44},"end":{"line":48,"column":null}},"1":{"start":{"line":51,"column":1},"end":{"line":51,"column":null}},"2":{"start":{"line":51,"column":34},"end":{"line":51,"column":46}}},"fnMap":{"0":{"name":"getPreset","decl":{"start":{"line":50,"column":16},"end":{"line":50,"column":26}},"loc":{"start":{"line":50,"column":63},"end":{"line":51,"column":null}},"line":50},"1":{"name":"(anonymous_1)","decl":{"start":{"line":51,"column":22},"end":{"line":51,"column":28}},"loc":{"start":{"line":51,"column":34},"end":{"line":51,"column":46}},"line":51}},"branchMap":{},"s":{"0":1,"1":2,"2":6},"f":{"0":2,"1":6},"b":{},"meta":{"lastBranch":0,"lastFunction":2,"lastStatement":3,"seen":{"s:3:44:48:Infinity":0,"f:50:16:50:26":0,"s:51:1:51:Infinity":1,"f:51:22:51:28":1,"s:51:34:51:46":2}}}
,"/Users/gibdevlite/Dev/novellum/src/lib/ai/task-resolver.ts": {"path":"/Users/gibdevlite/Dev/novellum/src/lib/ai/task-resolver.ts","statementMap":{"0":{"start":{"line":10,"column":49},"end":{"line":101,"column":null}},"1":{"start":{"line":103,"column":37},"end":{"line":103,"column":null}},"2":{"start":{"line":106,"column":13},"end":{"line":106,"column":null}},"3":{"start":{"line":107,"column":24},"end":{"line":107,"column":null}},"4":{"start":{"line":108,"column":1},"end":{"line":115,"column":null}}},"fnMap":{"0":{"name":"resolveTask","decl":{"start":{"line":105,"column":16},"end":{"line":105,"column":28}},"loc":{"start":{"line":105,"column":70},"end":{"line":115,"column":null}},"line":105}},"branchMap":{"0":{"loc":{"start":{"line":106,"column":13},"end":{"line":106,"column":null}},"type":"binary-expr","locations":[{"start":{"line":106,"column":13},"end":{"line":106,"column":33}},{"start":{"line":106,"column":33},"end":{"line":106,"column":null}}],"line":106},"1":{"loc":{"start":{"line":107,"column":24},"end":{"line":107,"column":null}},"type":"binary-expr","locations":[{"start":{"line":107,"column":24},"end":{"line":107,"column":47}},{"start":{"line":107,"column":47},"end":{"line":107,"column":72}},{"start":{"line":107,"column":72},"end":{"line":107,"column":null}}],"line":107}},"s":{"0":5,"1":5,"2":18,"3":18,"4":18},"f":{"0":18},"b":{"0":[18,1],"1":[18,0,0]},"meta":{"lastBranch":2,"lastFunction":1,"lastStatement":5,"seen":{"s:10:49:101:Infinity":0,"s:103:37:103:Infinity":1,"f:105:16:105:28":0,"s:106:13:106:Infinity":2,"b:106:13:106:33:106:33:106:Infinity":0,"s:107:24:107:Infinity":3,"b:107:24:107:47:107:47:107:72:107:72:107:Infinity":1,"s:108:1:115:Infinity":4}}}
,"/Users/gibdevlite/Dev/novellum/src/lib/ai/types.ts": {"path":"/Users/gibdevlite/Dev/novellum/src/lib/ai/types.ts","statementMap":{},"fnMap":{},"branchMap":{},"s":{},"f":{},"b":{},"meta":{"lastBranch":0,"lastFunction":0,"lastStatement":0,"seen":{}}}
,"/Users/gibdevlite/Dev/novellum/src/modules/bible/services/character-repository.ts": {"path":"/Users/gibdevlite/Dev/novellum/src/modules/bible/services/character-repository.ts","statementMap":{"0":{"start":{"line":7,"column":1},"end":{"line":7,"column":null}},"1":{"start":{"line":11,"column":1},"end":{"line":15,"column":null}},"2":{"start":{"line":12,"column":2},"end":{"line":12,"column":null}},"3":{"start":{"line":14,"column":2},"end":{"line":14,"column":null}},"4":{"start":{"line":14,"column":53},"end":{"line":14,"column":null}},"5":{"start":{"line":15,"column":2},"end":{"line":15,"column":null}},"6":{"start":{"line":20,"column":1},"end":{"line":20,"column":null}},"7":{"start":{"line":27,"column":1},"end":{"line":27,"column":null}},"8":{"start":{"line":31,"column":1},"end":{"line":31,"column":null}},"9":{"start":{"line":37,"column":1},"end":{"line":37,"column":null}},"10":{"start":{"line":43,"column":1},"end":{"line":43,"column":null}},"11":{"start":{"line":47,"column":1},"end":{"line":47,"column":null}}},"fnMap":{"0":{"name":"createCharacter","decl":{"start":{"line":4,"column":22},"end":{"line":4,"column":null}},"loc":{"start":{"line":6,"column":22},"end":{"line":7,"column":null}},"line":6},"1":{"name":"getCharacterById","decl":{"start":{"line":10,"column":22},"end":{"line":10,"column":39}},"loc":{"start":{"line":10,"column":83},"end":{"line":15,"column":null}},"line":10},"2":{"name":"getCharactersByProjectId","decl":{"start":{"line":19,"column":22},"end":{"line":19,"column":47}},"loc":{"start":{"line":19,"column":88},"end":{"line":20,"column":null}},"line":19},"3":{"name":"updateCharacter","decl":{"start":{"line":23,"column":22},"end":{"line":23,"column":null}},"loc":{"start":{"line":26,"column":17},"end":{"line":27,"column":null}},"line":26},"4":{"name":"removeCharacter","decl":{"start":{"line":30,"column":22},"end":{"line":30,"column":38}},"loc":{"start":{"line":30,"column":65},"end":{"line":31,"column":null}},"line":30},"5":{"name":"createRelationship","decl":{"start":{"line":34,"column":22},"end":{"line":34,"column":null}},"loc":{"start":{"line":36,"column":34},"end":{"line":37,"column":null}},"line":36},"6":{"name":"getRelationshipsByProjectId","decl":{"start":{"line":40,"column":22},"end":{"line":40,"column":null}},"loc":{"start":{"line":42,"column":36},"end":{"line":43,"column":null}},"line":42},"7":{"name":"removeRelationship","decl":{"start":{"line":46,"column":22},"end":{"line":46,"column":41}},"loc":{"start":{"line":46,"column":68},"end":{"line":47,"column":null}},"line":46}},"branchMap":{"0":{"loc":{"start":{"line":14,"column":2},"end":{"line":14,"column":null}},"type":"if","locations":[{"start":{"line":14,"column":2},"end":{"line":14,"column":null}},{"start":{},"end":{}}],"line":14},"1":{"loc":{"start":{"line":14,"column":6},"end":{"line":14,"column":53}},"type":"binary-expr","locations":[{"start":{"line":14,"column":6},"end":{"line":14,"column":33}},{"start":{"line":14,"column":33},"end":{"line":14,"column":53}}],"line":14}},"s":{"0":0,"1":0,"2":0,"3":0,"4":0,"5":0,"6":0,"7":0,"8":0,"9":0,"10":0,"11":0},"f":{"0":0,"1":0,"2":0,"3":0,"4":0,"5":0,"6":0,"7":0},"b":{"0":[0,0],"1":[0,0]},"meta":{"lastBranch":2,"lastFunction":8,"lastStatement":12,"seen":{"f:4:22:4:Infinity":0,"s:7:1:7:Infinity":0,"f:10:22:10:39":1,"s:11:1:15:Infinity":1,"s:12:2:12:Infinity":2,"b:14:2:14:Infinity:undefined:undefined:undefined:undefined":0,"s:14:2:14:Infinity":3,"b:14:6:14:33:14:33:14:53":1,"s:14:53:14:Infinity":4,"s:15:2:15:Infinity":5,"f:19:22:19:47":2,"s:20:1:20:Infinity":6,"f:23:22:23:Infinity":3,"s:27:1:27:Infinity":7,"f:30:22:30:38":4,"s:31:1:31:Infinity":8,"f:34:22:34:Infinity":5,"s:37:1:37:Infinity":9,"f:40:22:40:Infinity":6,"s:43:1:43:Infinity":10,"f:46:22:46:41":7,"s:47:1:47:Infinity":11}}}
,"/Users/gibdevlite/Dev/novellum/src/modules/bible/services/location-repository.ts": {"path":"/Users/gibdevlite/Dev/novellum/src/modules/bible/services/location-repository.ts","statementMap":{"0":{"start":{"line":7,"column":1},"end":{"line":7,"column":null}},"1":{"start":{"line":11,"column":1},"end":{"line":15,"column":null}},"2":{"start":{"line":12,"column":2},"end":{"line":12,"column":null}},"3":{"start":{"line":14,"column":2},"end":{"line":14,"column":null}},"4":{"start":{"line":14,"column":53},"end":{"line":14,"column":null}},"5":{"start":{"line":15,"column":2},"end":{"line":15,"column":null}},"6":{"start":{"line":20,"column":1},"end":{"line":20,"column":null}},"7":{"start":{"line":27,"column":1},"end":{"line":27,"column":null}},"8":{"start":{"line":31,"column":1},"end":{"line":31,"column":null}}},"fnMap":{"0":{"name":"createLocation","decl":{"start":{"line":4,"column":22},"end":{"line":4,"column":null}},"loc":{"start":{"line":6,"column":21},"end":{"line":7,"column":null}},"line":6},"1":{"name":"getLocationById","decl":{"start":{"line":10,"column":22},"end":{"line":10,"column":38}},"loc":{"start":{"line":10,"column":81},"end":{"line":15,"column":null}},"line":10},"2":{"name":"getLocationsByProjectId","decl":{"start":{"line":19,"column":22},"end":{"line":19,"column":46}},"loc":{"start":{"line":19,"column":86},"end":{"line":20,"column":null}},"line":19},"3":{"name":"updateLocation","decl":{"start":{"line":23,"column":22},"end":{"line":23,"column":null}},"loc":{"start":{"line":26,"column":17},"end":{"line":27,"column":null}},"line":26},"4":{"name":"removeLocation","decl":{"start":{"line":30,"column":22},"end":{"line":30,"column":37}},"loc":{"start":{"line":30,"column":64},"end":{"line":31,"column":null}},"line":30}},"branchMap":{"0":{"loc":{"start":{"line":14,"column":2},"end":{"line":14,"column":null}},"type":"if","locations":[{"start":{"line":14,"column":2},"end":{"line":14,"column":null}},{"start":{},"end":{}}],"line":14},"1":{"loc":{"start":{"line":14,"column":6},"end":{"line":14,"column":53}},"type":"binary-expr","locations":[{"start":{"line":14,"column":6},"end":{"line":14,"column":33}},{"start":{"line":14,"column":33},"end":{"line":14,"column":53}}],"line":14}},"s":{"0":0,"1":0,"2":0,"3":0,"4":0,"5":0,"6":0,"7":0,"8":0},"f":{"0":0,"1":0,"2":0,"3":0,"4":0},"b":{"0":[0,0],"1":[0,0]},"meta":{"lastBranch":2,"lastFunction":5,"lastStatement":9,"seen":{"f:4:22:4:Infinity":0,"s:7:1:7:Infinity":0,"f:10:22:10:38":1,"s:11:1:15:Infinity":1,"s:12:2:12:Infinity":2,"b:14:2:14:Infinity:undefined:undefined:undefined:undefined":0,"s:14:2:14:Infinity":3,"b:14:6:14:33:14:33:14:53":1,"s:14:53:14:Infinity":4,"s:15:2:15:Infinity":5,"f:19:22:19:46":2,"s:20:1:20:Infinity":6,"f:23:22:23:Infinity":3,"s:27:1:27:Infinity":7,"f:30:22:30:37":4,"s:31:1:31:Infinity":8}}}
,"/Users/gibdevlite/Dev/novellum/src/modules/bible/services/lore-entry-repository.ts": {"path":"/Users/gibdevlite/Dev/novellum/src/modules/bible/services/lore-entry-repository.ts","statementMap":{"0":{"start":{"line":7,"column":1},"end":{"line":7,"column":null}},"1":{"start":{"line":11,"column":1},"end":{"line":15,"column":null}},"2":{"start":{"line":12,"column":2},"end":{"line":12,"column":null}},"3":{"start":{"line":14,"column":2},"end":{"line":14,"column":null}},"4":{"start":{"line":14,"column":53},"end":{"line":14,"column":null}},"5":{"start":{"line":15,"column":2},"end":{"line":15,"column":null}},"6":{"start":{"line":20,"column":1},"end":{"line":20,"column":null}},"7":{"start":{"line":27,"column":1},"end":{"line":27,"column":null}},"8":{"start":{"line":34,"column":1},"end":{"line":34,"column":null}},"9":{"start":{"line":38,"column":1},"end":{"line":38,"column":null}}},"fnMap":{"0":{"name":"createLoreEntry","decl":{"start":{"line":4,"column":22},"end":{"line":4,"column":null}},"loc":{"start":{"line":6,"column":22},"end":{"line":7,"column":null}},"line":6},"1":{"name":"getLoreEntryById","decl":{"start":{"line":10,"column":22},"end":{"line":10,"column":39}},"loc":{"start":{"line":10,"column":83},"end":{"line":15,"column":null}},"line":10},"2":{"name":"getLoreEntriesByProjectId","decl":{"start":{"line":19,"column":22},"end":{"line":19,"column":48}},"loc":{"start":{"line":19,"column":89},"end":{"line":20,"column":null}},"line":19},"3":{"name":"getLoreEntriesByCategory","decl":{"start":{"line":23,"column":22},"end":{"line":23,"column":null}},"loc":{"start":{"line":26,"column":24},"end":{"line":27,"column":null}},"line":26},"4":{"name":"updateLoreEntry","decl":{"start":{"line":30,"column":22},"end":{"line":30,"column":null}},"loc":{"start":{"line":33,"column":17},"end":{"line":34,"column":null}},"line":33},"5":{"name":"removeLoreEntry","decl":{"start":{"line":37,"column":22},"end":{"line":37,"column":38}},"loc":{"start":{"line":37,"column":65},"end":{"line":38,"column":null}},"line":37}},"branchMap":{"0":{"loc":{"start":{"line":14,"column":2},"end":{"line":14,"column":null}},"type":"if","locations":[{"start":{"line":14,"column":2},"end":{"line":14,"column":null}},{"start":{},"end":{}}],"line":14},"1":{"loc":{"start":{"line":14,"column":6},"end":{"line":14,"column":53}},"type":"binary-expr","locations":[{"start":{"line":14,"column":6},"end":{"line":14,"column":33}},{"start":{"line":14,"column":33},"end":{"line":14,"column":53}}],"line":14}},"s":{"0":0,"1":0,"2":0,"3":0,"4":0,"5":0,"6":0,"7":0,"8":0,"9":0},"f":{"0":0,"1":0,"2":0,"3":0,"4":0,"5":0},"b":{"0":[0,0],"1":[0,0]},"meta":{"lastBranch":2,"lastFunction":6,"lastStatement":10,"seen":{"f:4:22:4:Infinity":0,"s:7:1:7:Infinity":0,"f:10:22:10:39":1,"s:11:1:15:Infinity":1,"s:12:2:12:Infinity":2,"b:14:2:14:Infinity:undefined:undefined:undefined:undefined":0,"s:14:2:14:Infinity":3,"b:14:6:14:33:14:33:14:53":1,"s:14:53:14:Infinity":4,"s:15:2:15:Infinity":5,"f:19:22:19:48":2,"s:20:1:20:Infinity":6,"f:23:22:23:Infinity":3,"s:27:1:27:Infinity":7,"f:30:22:30:Infinity":4,"s:34:1:34:Infinity":8,"f:37:22:37:38":5,"s:38:1:38:Infinity":9}}}
,"/Users/gibdevlite/Dev/novellum/src/modules/bible/services/plot-thread-repository.ts": {"path":"/Users/gibdevlite/Dev/novellum/src/modules/bible/services/plot-thread-repository.ts","statementMap":{"0":{"start":{"line":7,"column":1},"end":{"line":7,"column":null}},"1":{"start":{"line":11,"column":1},"end":{"line":15,"column":null}},"2":{"start":{"line":12,"column":2},"end":{"line":12,"column":null}},"3":{"start":{"line":14,"column":2},"end":{"line":14,"column":null}},"4":{"start":{"line":14,"column":53},"end":{"line":14,"column":null}},"5":{"start":{"line":15,"column":2},"end":{"line":15,"column":null}},"6":{"start":{"line":20,"column":1},"end":{"line":20,"column":null}},"7":{"start":{"line":27,"column":1},"end":{"line":27,"column":null}},"8":{"start":{"line":31,"column":1},"end":{"line":31,"column":null}}},"fnMap":{"0":{"name":"createPlotThread","decl":{"start":{"line":4,"column":22},"end":{"line":4,"column":null}},"loc":{"start":{"line":6,"column":23},"end":{"line":7,"column":null}},"line":6},"1":{"name":"getPlotThreadById","decl":{"start":{"line":10,"column":22},"end":{"line":10,"column":40}},"loc":{"start":{"line":10,"column":85},"end":{"line":15,"column":null}},"line":10},"2":{"name":"getPlotThreadsByProjectId","decl":{"start":{"line":19,"column":22},"end":{"line":19,"column":48}},"loc":{"start":{"line":19,"column":90},"end":{"line":20,"column":null}},"line":19},"3":{"name":"updatePlotThread","decl":{"start":{"line":23,"column":22},"end":{"line":23,"column":null}},"loc":{"start":{"line":26,"column":17},"end":{"line":27,"column":null}},"line":26},"4":{"name":"removePlotThread","decl":{"start":{"line":30,"column":22},"end":{"line":30,"column":39}},"loc":{"start":{"line":30,"column":66},"end":{"line":31,"column":null}},"line":30}},"branchMap":{"0":{"loc":{"start":{"line":14,"column":2},"end":{"line":14,"column":null}},"type":"if","locations":[{"start":{"line":14,"column":2},"end":{"line":14,"column":null}},{"start":{},"end":{}}],"line":14},"1":{"loc":{"start":{"line":14,"column":6},"end":{"line":14,"column":53}},"type":"binary-expr","locations":[{"start":{"line":14,"column":6},"end":{"line":14,"column":33}},{"start":{"line":14,"column":33},"end":{"line":14,"column":53}}],"line":14}},"s":{"0":0,"1":0,"2":0,"3":0,"4":0,"5":0,"6":0,"7":0,"8":0},"f":{"0":0,"1":0,"2":0,"3":0,"4":0},"b":{"0":[0,0],"1":[0,0]},"meta":{"lastBranch":2,"lastFunction":5,"lastStatement":9,"seen":{"f:4:22:4:Infinity":0,"s:7:1:7:Infinity":0,"f:10:22:10:40":1,"s:11:1:15:Infinity":1,"s:12:2:12:Infinity":2,"b:14:2:14:Infinity:undefined:undefined:undefined:undefined":0,"s:14:2:14:Infinity":3,"b:14:6:14:33:14:33:14:53":1,"s:14:53:14:Infinity":4,"s:15:2:15:Infinity":5,"f:19:22:19:48":2,"s:20:1:20:Infinity":6,"f:23:22:23:Infinity":3,"s:27:1:27:Infinity":7,"f:30:22:30:39":4,"s:31:1:31:Infinity":8}}}
[...]
,"/Users/gibdevlite/Dev/novellum/src/modules/project/services/project-repository.ts": {"path":"/Users/gibdevlite/Dev/novellum/src/modules/project/services/project-repository.ts","statementMap":{"0":{"start":{"line":7,"column":1},"end":{"line":7,"column":null}},"1":{"start":{"line":11,"column":1},"end":{"line":15,"column":null}},"2":{"start":{"line":12,"column":2},"end":{"line":12,"column":null}},"3":{"start":{"line":14,"column":2},"end":{"line":14,"column":null}},"4":{"start":{"line":14,"column":53},"end":{"line":14,"column":null}},"5":{"start":{"line":15,"column":2},"end":{"line":15,"column":null}},"6":{"start":{"line":20,"column":1},"end":{"line":20,"column":null}},"7":{"start":{"line":27,"column":1},"end":{"line":27,"column":null}},"8":{"start":{"line":31,"column":1},"end":{"line":31,"column":null}}},"fnMap":{"0":{"name":"createProject","decl":{"start":{"line":4,"column":22},"end":{"line":4,"column":null}},"loc":{"start":{"line":6,"column":20},"end":{"line":7,"column":null}},"line":6},"1":{"name":"getProjectById","decl":{"start":{"line":10,"column":22},"end":{"line":10,"column":37}},"loc":{"start":{"line":10,"column":79},"end":{"line":15,"column":null}},"line":10},"2":{"name":"getAllProjects","decl":{"start":{"line":19,"column":22},"end":{"line":19,"column":59}},"loc":{"start":{"line":19,"column":59},"end":{"line":20,"column":null}},"line":19},"3":{"name":"updateProject","decl":{"start":{"line":23,"column":22},"end":{"line":23,"column":null}},"loc":{"start":{"line":26,"column":17},"end":{"line":27,"column":null}},"line":26},"4":{"name":"removeProject","decl":{"start":{"line":30,"column":22},"end":{"line":30,"column":36}},"loc":{"start":{"line":30,"column":63},"end":{"line":31,"column":null}},"line":30}},"branchMap":{"0":{"loc":{"start":{"line":14,"column":2},"end":{"line":14,"column":null}},"type":"if","locations":[{"start":{"line":14,"column":2},"end":{"line":14,"column":null}},{"start":{},"end":{}}],"line":14},"1":{"loc":{"start":{"line":14,"column":6},"end":{"line":14,"column":53}},"type":"binary-expr","locations":[{"start":{"line":14,"column":6},"end":{"line":14,"column":33}},{"start":{"line":14,"column":33},"end":{"line":14,"column":53}}],"line":14}},"s":{"0":0,"1":0,"2":0,"3":0,"4":0,"5":0,"6":0,"7":0,"8":0},"f":{"0":0,"1":0,"2":0,"3":0,"4":0},"b":{"0":[0,0],"1":[0,0]},"meta":{"lastBranch":2,"lastFunction":5,"lastStatement":9,"seen":{"f:4:22:4:Infinity":0,"s:7:1:7:Infinity":0,"f:10:22:10:37":1,"s:11:1:15:Infinity":1,"s:12:2:12:Infinity":2,"b:14:2:14:Infinity:undefined:undefined:undefined:undefined":0,"s:14:2:14:Infinity":3,"b:14:6:14:33:14:33:14:53":1,"s:14:53:14:Infinity":4,"s:15:2:15:Infinity":5,"f:19:22:19:59":2,"s:20:1:20:Infinity":6,"f:23:22:23:Infinity":3,"s:27:1:27:Infinity":7,"f:30:22:30:36":4,"s:31:1:31:Infinity":8}}}
,"/Users/gibdevlite/Dev/novellum/src/modules/settings/services/chat-instruction-repository.ts": {"path":"/Users/gibdevlite/Dev/novellum/src/modules/settings/services/chat-instruction-repository.ts","statementMap":{"0":{"start":{"line":7,"column":1},"end":{"line":7,"column":null}},"1":{"start":{"line":11,"column":1},"end":{"line":15,"column":null}},"2":{"start":{"line":12,"column":2},"end":{"line":12,"column":null}},"3":{"start":{"line":14,"column":2},"end":{"line":14,"column":null}},"4":{"start":{"line":14,"column":53},"end":{"line":14,"column":null}},"5":{"start":{"line":15,"column":2},"end":{"line":15,"column":null}},"6":{"start":{"line":20,"column":1},"end":{"line":20,"column":null}},"7":{"start":{"line":27,"column":1},"end":{"line":27,"column":null}},"8":{"start":{"line":31,"column":1},"end":{"line":31,"column":null}}},"fnMap":{"0":{"name":"createChatInstruction","decl":{"start":{"line":4,"column":22},"end":{"line":4,"column":null}},"loc":{"start":{"line":6,"column":28},"end":{"line":7,"column":null}},"line":6},"1":{"name":"getChatInstructionById","decl":{"start":{"line":10,"column":22},"end":{"line":10,"column":45}},"loc":{"start":{"line":10,"column":95},"end":{"line":15,"column":null}},"line":10},"2":{"name":"getChatInstructionsByProjectId","decl":{"start":{"line":19,"column":22},"end":{"line":19,"column":53}},"loc":{"start":{"line":19,"column":100},"end":{"line":20,"column":null}},"line":19},"3":{"name":"updateChatInstruction","decl":{"start":{"line":23,"column":22},"end":{"line":23,"column":null}},"loc":{"start":{"line":26,"column":17},"end":{"line":27,"column":null}},"line":26},"4":{"name":"removeChatInstruction","decl":{"start":{"line":30,"column":22},"end":{"line":30,"column":44}},"loc":{"start":{"line":30,"column":71},"end":{"line":31,"column":null}},"line":30}},"branchMap":{"0":{"loc":{"start":{"line":14,"column":2},"end":{"line":14,"column":null}},"type":"if","locations":[{"start":{"line":14,"column":2},"end":{"line":14,"column":null}},{"start":{},"end":{}}],"line":14},"1":{"loc":{"start":{"line":14,"column":6},"end":{"line":14,"column":53}},"type":"binary-expr","locations":[{"start":{"line":14,"column":6},"end":{"line":14,"column":33}},{"start":{"line":14,"column":33},"end":{"line":14,"column":53}}],"line":14}},"s":{"0":0,"1":0,"2":0,"3":0,"4":0,"5":0,"6":0,"7":0,"8":0},"f":{"0":0,"1":0,"2":0,"3":0,"4":0},"b":{"0":[0,0],"1":[0,0]},"meta":{"lastBranch":2,"lastFunction":5,"lastStatement":9,"seen":{"f:4:22:4:Infinity":0,"s:7:1:7:Infinity":0,"f:10:22:10:45":1,"s:11:1:15:Infinity":1,"s:12:2:12:Infinity":2,"b:14:2:14:Infinity:undefined:undefined:undefined:undefined":0,"s:14:2:14:Infinity":3,"b:14:6:14:33:14:33:14:53":1,"s:14:53:14:Infinity":4,"s:15:2:15:Infinity":5,"f:19:22:19:53":2,"s:20:1:20:Infinity":6,"f:23:22:23:Infinity":3,"s:27:1:27:Infinity":7,"f:30:22:30:44":4,"s:31:1:31:Infinity":8}}}
,"/Users/gibdevlite/Dev/novellum/src/modules/settings/services/system-prompt-repository.ts": {"path":"/Users/gibdevlite/Dev/novellum/src/modules/settings/services/system-prompt-repository.ts","statementMap":{"0":{"start":{"line":7,"column":1},"end":{"line":7,"column":null}},"1":{"start":{"line":11,"column":1},"end":{"line":15,"column":null}},"2":{"start":{"line":12,"column":2},"end":{"line":12,"column":null}},"3":{"start":{"line":14,"column":2},"end":{"line":14,"column":null}},"4":{"start":{"line":14,"column":53},"end":{"line":14,"column":null}},"5":{"start":{"line":15,"column":2},"end":{"line":15,"column":null}},"6":{"start":{"line":20,"column":1},"end":{"line":20,"column":null}},"7":{"start":{"line":27,"column":1},"end":{"line":27,"column":null}},"8":{"start":{"line":31,"column":1},"end":{"line":31,"column":null}}},"fnMap":{"0":{"name":"createSystemPrompt","decl":{"start":{"line":4,"column":22},"end":{"line":4,"column":null}},"loc":{"start":{"line":6,"column":25},"end":{"line":7,"column":null}},"line":6},"1":{"name":"getSystemPromptById","decl":{"start":{"line":10,"column":22},"end":{"line":10,"column":42}},"loc":{"start":{"line":10,"column":89},"end":{"line":15,"column":null}},"line":10},"2":{"name":"getSystemPromptsByProjectId","decl":{"start":{"line":19,"column":22},"end":{"line":19,"column":50}},"loc":{"start":{"line":19,"column":94},"end":{"line":20,"column":null}},"line":19},"3":{"name":"updateSystemPrompt","decl":{"start":{"line":23,"column":22},"end":{"line":23,"column":null}},"loc":{"start":{"line":26,"column":17},"end":{"line":27,"column":null}},"line":26},"4":{"name":"removeSystemPrompt","decl":{"start":{"line":30,"column":22},"end":{"line":30,"column":41}},"loc":{"start":{"line":30,"column":68},"end":{"line":31,"column":null}},"line":30}},"branchMap":{"0":{"loc":{"start":{"line":14,"column":2},"end":{"line":14,"column":null}},"type":"if","locations":[{"start":{"line":14,"column":2},"end":{"line":14,"column":null}},{"start":{},"end":{}}],"line":14},"1":{"loc":{"start":{"line":14,"column":6},"end":{"line":14,"column":53}},"type":"binary-expr","locations":[{"start":{"line":14,"column":6},"end":{"line":14,"column":33}},{"start":{"line":14,"column":33},"end":{"line":14,"column":53}}],"line":14}},"s":{"0":0,"1":0,"2":0,"3":0,"4":0,"5":0,"6":0,"7":0,"8":0},"f":{"0":0,"1":0,"2":0,"3":0,"4":0},"b":{"0":[0,0],"1":[0,0]},"meta":{"lastBranch":2,"lastFunction":5,"lastStatement":9,"seen":{"f:4:22:4:Infinity":0,"s:7:1:7:Infinity":0,"f:10:22:10:42":1,"s:11:1:15:Infinity":1,"s:12:2:12:Infinity":2,"b:14:2:14:Infinity:undefined:undefined:undefined:undefined":0,"s:14:2:14:Infinity":3,"b:14:6:14:33:14:33:14:53":1,"s:14:53:14:Infinity":4,"s:15:2:15:Infinity":5,"f:19:22:19:50":2,"s:20:1:20:Infinity":6,"f:23:22:23:Infinity":3,"s:27:1:27:Infinity":7,"f:30:22:30:41":4,"s:31:1:31:Infinity":8}}}
,"/Users/gibdevlite/Dev/novellum/src/modules/settings/services/template-repository.ts": {"path":"/Users/gibdevlite/Dev/novellum/src/modules/settings/services/template-repository.ts","statementMap":{"0":{"start":{"line":7,"column":1},"end":{"line":7,"column":null}},"1":{"start":{"line":11,"column":1},"end":{"line":15,"column":null}},"2":{"start":{"line":12,"column":2},"end":{"line":12,"column":null}},"3":{"start":{"line":14,"column":2},"end":{"line":14,"column":null}},"4":{"start":{"line":14,"column":53},"end":{"line":14,"column":null}},"5":{"start":{"line":15,"column":2},"end":{"line":15,"column":null}},"6":{"start":{"line":20,"column":1},"end":{"line":20,"column":null}},"7":{"start":{"line":27,"column":1},"end":{"line":27,"column":null}},"8":{"start":{"line":31,"column":1},"end":{"line":31,"column":null}}},"fnMap":{"0":{"name":"createTemplate","decl":{"start":{"line":4,"column":22},"end":{"line":4,"column":null}},"loc":{"start":{"line":6,"column":21},"end":{"line":7,"column":null}},"line":6},"1":{"name":"getTemplateById","decl":{"start":{"line":10,"column":22},"end":{"line":10,"column":38}},"loc":{"start":{"line":10,"column":81},"end":{"line":15,"column":null}},"line":10},"2":{"name":"getTemplatesByProjectId","decl":{"start":{"line":19,"column":22},"end":{"line":19,"column":46}},"loc":{"start":{"line":19,"column":86},"end":{"line":20,"column":null}},"line":19},"3":{"name":"updateTemplate","decl":{"start":{"line":23,"column":22},"end":{"line":23,"column":null}},"loc":{"start":{"line":26,"column":17},"end":{"line":27,"column":null}},"line":26},"4":{"name":"removeTemplate","decl":{"start":{"line":30,"column":22},"end":{"line":30,"column":37}},"loc":{"start":{"line":30,"column":64},"end":{"line":31,"column":null}},"line":30}},"branchMap":{"0":{"loc":{"start":{"line":14,"column":2},"end":{"line":14,"column":null}},"type":"if","locations":[{"start":{"line":14,"column":2},"end":{"line":14,"column":null}},{"start":{},"end":{}}],"line":14},"1":{"loc":{"start":{"line":14,"column":6},"end":{"line":14,"column":53}},"type":"binary-expr","locations":[{"start":{"line":14,"column":6},"end":{"line":14,"column":33}},{"start":{"line":14,"column":33},"end":{"line":14,"column":53}}],"line":14}},"s":{"0":0,"1":0,"2":0,"3":0,"4":0,"5":0,"6":0,"7":0,"8":0},"f":{"0":0,"1":0,"2":0,"3":0,"4":0},"b":{"0":[0,0],"1":[0,0]},"meta":{"lastBranch":2,"lastFunction":5,"lastStatement":9,"seen":{"f:4:22:4:Infinity":0,"s:7:1:7:Infinity":0,"f:10:22:10:38":1,"s:11:1:15:Infinity":1,"s:12:2:12:Infinity":2,"b:14:2:14:Infinity:undefined:undefined:undefined:undefined":0,"s:14:2:14:Infinity":3,"b:14:6:14:33:14:33:14:53":1,"s:14:53:14:Infinity":4,"s:15:2:15:Infinity":5,"f:19:22:19:46":2,"s:20:1:20:Infinity":6,"f:23:22:23:Infinity":3,"s:27:1:27:Infinity":7,"f:30:22:30:37":4,"s:31:1:31:Infinity":8}}}
,"/Users/gibdevlite/Dev/novellum/src/modules/settings/services/themeService.ts": {"path":"/Users/gibdevlite/Dev/novellum/src/modules/settings/services/themeService.ts","statementMap":{"0":{"start":{"line":4,"column":1},"end":{"line":9,"column":null}},"1":{"start":{"line":5,"column":17},"end":{"line":5,"column":55}},"2":{"start":{"line":6,"column":2},"end":{"line":7,"column":null}},"3":{"start":{"line":7,"column":3},"end":{"line":7,"column":null}},"4":{"start":{"line":12,"column":1},"end":{"line":12,"column":null}},"5":{"start":{"line":16,"column":1},"end":{"line":18,"column":null}},"6":{"start":{"line":17,"column":2},"end":{"line":17,"column":null}},"7":{"start":{"line":24,"column":1},"end":{"line":24,"column":null}},"8":{"start":{"line":24,"column":71},"end":{"line":24,"column":null}},"9":{"start":{"line":26,"column":14},"end":{"line":26,"column":null}},"10":{"start":{"line":28,"column":1},"end":{"line":32,"column":null}},"11":{"start":{"line":29,"column":22},"end":{"line":29,"column":null}},"12":{"start":{"line":30,"column":2},"end":{"line":30,"column":null}},"13":{"start":{"line":32,"column":2},"end":{"line":32,"column":null}}},"fnMap":{"0":{"name":"getStoredTheme","decl":{"start":{"line":3,"column":16},"end":{"line":3,"column":40}},"loc":{"start":{"line":3,"column":40},"end":{"line":12,"column":null}},"line":3},"1":{"name":"storeTheme","decl":{"start":{"line":15,"column":16},"end":{"line":15,"column":27}},"loc":{"start":{"line":15,"column":47},"end":{"line":18,"column":null}},"line":15},"2":{"name":"applyTheme","decl":{"start":{"line":23,"column":16},"end":{"line":23,"column":27}},"loc":{"start":{"line":23,"column":47},"end":{"line":32,"column":null}},"line":23}},"branchMap":{"0":{"loc":{"start":{"line":6,"column":2},"end":{"line":7,"column":null}},"type":"if","locations":[{"start":{"line":6,"column":2},"end":{"line":7,"column":null}},{"start":{},"end":{}}],"line":6},"1":{"loc":{"start":{"line":6,"column":6},"end":{"line":6,"column":70}},"type":"binary-expr","locations":[{"start":{"line":6,"column":6},"end":{"line":6,"column":27}},{"start":{"line":6,"column":27},"end":{"line":6,"column":49}},{"start":{"line":6,"column":49},"end":{"line":6,"column":70}}],"line":6},"2":{"loc":{"start":{"line":24,"column":1},"end":{"line":24,"column":null}},"type":"if","locations":[{"start":{"line":24,"column":1},"end":{"line":24,"column":null}},{"start":{},"end":{}}],"line":24},"3":{"loc":{"start":{"line":24,"column":5},"end":{"line":24,"column":71}},"type":"binary-expr","locations":[{"start":{"line":24,"column":5},"end":{"line":24,"column":38}},{"start":{"line":24,"column":38},"end":{"line":24,"column":71}}],"line":24},"4":{"loc":{"start":{"line":28,"column":1},"end":{"line":32,"column":null}},"type":"if","locations":[{"start":{"line":28,"column":1},"end":{"line":32,"column":null}},{"start":{"line":31,"column":8},"end":{"line":32,"column":null}}],"line":28},"5":{"loc":{"start":{"line":30,"column":34},"end":{"line":30,"column":65}},"type":"cond-expr","locations":[{"start":{"line":30,"column":48},"end":{"line":30,"column":57}},{"start":{"line":30,"column":57},"end":{"line":30,"column":65}}],"line":30}},"s":{"0":0,"1":0,"2":0,"3":0,"4":0,"5":0,"6":0,"7":0,"8":0,"9":0,"10":0,"11":0,"12":0,"13":0},"f":{"0":0,"1":0,"2":0},"b":{"0":[0,0],"1":[0,0,0],"2":[0,0],"3":[0,0],"4":[0,0],"5":[0,0]},"meta":{"lastBranch":6,"lastFunction":3,"lastStatement":14,"seen":{"f:3:16:3:40":0,"s:4:1:9:Infinity":0,"s:5:17:5:55":1,"b:6:2:7:Infinity:undefined:undefined:undefined:undefined":0,"s:6:2:7:Infinity":2,"b:6:6:6:27:6:27:6:49:6:49:6:70":1,"s:7:3:7:Infinity":3,"s:12:1:12:Infinity":4,"f:15:16:15:27":1,"s:16:1:18:Infinity":5,"s:17:2:17:Infinity":6,"f:23:16:23:27":2,"b:24:1:24:Infinity:undefined:undefined:undefined:undefined":2,"s:24:1:24:Infinity":7,"b:24:5:24:38:24:38:24:71":3,"s:24:71:24:Infinity":8,"s:26:14:26:Infinity":9,"b:28:1:32:Infinity:31:8:32:Infinity":4,"s:28:1:32:Infinity":10,"s:29:22:29:Infinity":11,"s:30:2:30:Infinity":12,"b:30:48:30:57:30:57:30:65":5,"s:32:2:32:Infinity":13}}}
,"/Users/gibdevlite/Dev/novellum/src/modules/settings/services/writing-style-repository.ts": {"path":"/Users/gibdevlite/Dev/novellum/src/modules/settings/services/writing-style-repository.ts","statementMap":{"0":{"start":{"line":7,"column":1},"end":{"line":7,"column":null}},"1":{"start":{"line":11,"column":1},"end":{"line":15,"column":null}},"2":{"start":{"line":12,"column":2},"end":{"line":12,"column":null}},"3":{"start":{"line":14,"column":2},"end":{"line":14,"column":null}},"4":{"start":{"line":14,"column":53},"end":{"line":14,"column":null}},"5":{"start":{"line":15,"column":2},"end":{"line":15,"column":null}},"6":{"start":{"line":20,"column":1},"end":{"line":20,"column":null}},"7":{"start":{"line":27,"column":1},"end":{"line":27,"column":null}},"8":{"start":{"line":31,"column":1},"end":{"line":31,"column":null}}},"fnMap":{"0":{"name":"createWritingStyle","decl":{"start":{"line":4,"column":22},"end":{"line":4,"column":null}},"loc":{"start":{"line":6,"column":25},"end":{"line":7,"column":null}},"line":6},"1":{"name":"getWritingStyleById","decl":{"start":{"line":10,"column":22},"end":{"line":10,"column":42}},"loc":{"start":{"line":10,"column":89},"end":{"line":15,"column":null}},"line":10},"2":{"name":"getWritingStylesByProjectId","decl":{"start":{"line":19,"column":22},"end":{"line":19,"column":50}},"loc":{"start":{"line":19,"column":94},"end":{"line":20,"column":null}},"line":19},"3":{"name":"updateWritingStyle","decl":{"start":{"line":23,"column":22},"end":{"line":23,"column":null}},"loc":{"start":{"line":26,"column":17},"end":{"line":27,"column":null}},"line":26},"4":{"name":"removeWritingStyle","decl":{"start":{"line":30,"column":22},"end":{"line":30,"column":41}},"loc":{"start":{"line":30,"column":68},"end":{"line":31,"column":null}},"line":30}},"branchMap":{"0":{"loc":{"start":{"line":14,"column":2},"end":{"line":14,"column":null}},"type":"if","locations":[{"start":{"line":14,"column":2},"end":{"line":14,"column":null}},{"start":{},"end":{}}],"line":14},"1":{"loc":{"start":{"line":14,"column":6},"end":{"line":14,"column":53}},"type":"binary-expr","locations":[{"start":{"line":14,"column":6},"end":{"line":14,"column":33}},{"start":{"line":14,"column":33},"end":{"line":14,"column":53}}],"line":14}},"s":{"0":0,"1":0,"2":0,"3":0,"4":0,"5":0,"6":0,"7":0,"8":0},"f":{"0":0,"1":0,"2":0,"3":0,"4":0},"b":{"0":[0,0],"1":[0,0]},"meta":{"lastBranch":2,"lastFunction":5,"lastStatement":9,"seen":{"f:4:22:4:Infinity":0,"s:7:1:7:Infinity":0,"f:10:22:10:42":1,"s:11:1:15:Infinity":1,"s:12:2:12:Infinity":2,"b:14:2:14:Infinity:undefined:undefined:undefined:undefined":0,"s:14:2:14:Infinity":3,"b:14:6:14:33:14:33:14:53":1,"s:14:53:14:Infinity":4,"s:15:2:15:Infinity":5,"f:19:22:19:50":2,"s:20:1:20:Infinity":6,"f:23:22:23:Infinity":3,"s:27:1:27:Infinity":7,"f:30:22:30:41":4,"s:31:1:31:Infinity":8}}}
,"/Users/gibdevlite/Dev/novellum/src/modules/workspace/services/workspace-data-service.ts": {"path":"/Users/gibdevlite/Dev/novellum/src/modules/workspace/services/workspace-data-service.ts","statementMap":{"0":{"start":{"line":18,"column":55},"end":{"line":24,"column":3}},"1":{"start":{"line":26,"column":39},"end":{"line":29,"column":4}},"2":{"start":{"line":26,"column":64},"end":{"line":29,"column":4}},"3":{"start":{"line":28,"column":31},"end":{"line":28,"column":53}},"4":{"start":{"line":28,"column":69},"end":{"line":28,"column":null}},"5":{"start":{"line":31,"column":1},"end":{"line":31,"column":null}}},"fnMap":{"0":{"name":"getWorkspaceData","decl":{"start":{"line":17,"column":22},"end":{"line":17,"column":39}},"loc":{"start":{"line":17,"column":82},"end":{"line":31,"column":null}},"line":17},"1":{"name":"(anonymous_1)","decl":{"start":{"line":26,"column":51},"end":{"line":26,"column":56}},"loc":{"start":{"line":26,"column":64},"end":{"line":29,"column":4}},"line":26},"2":{"name":"(anonymous_2)","decl":{"start":{"line":28,"column":17},"end":{"line":28,"column":25}},"loc":{"start":{"line":28,"column":31},"end":{"line":28,"column":53}},"line":28},"3":{"name":"(anonymous_3)","decl":{"start":{"line":28,"column":54},"end":{"line":28,"column":60}},"loc":{"start":{"line":28,"column":69},"end":{"line":28,"column":null}},"line":28}},"branchMap":{},"s":{"0":0,"1":0,"2":0,"3":0,"4":0,"5":0},"f":{"0":0,"1":0,"2":0,"3":0},"b":{},"meta":{"lastBranch":0,"lastFunction":4,"lastStatement":6,"seen":{"f:17:22:17:39":0,"s:18:55:24:3":0,"s:26:39:29:4":1,"f:26:51:26:56":1,"s:26:64:29:4":2,"f:28:17:28:25":2,"s:28:31:28:53":3,"f:28:54:28:60":3,"s:28:69:28:Infinity":4,"s:31:1:31:Infinity":5}}}
}
